[0.057s] DEBUG:colcon:Command line arguments: ['/usr/bin/colcon', 'build']
[0.057s] DEBUG:colcon:Parsed command line arguments: Namespace(log_base=None, log_level=None, verb_name='build', build_base='build', install_base='install', merge_install=False, symlink_install=False, test_result_base=None, continue_on_error=False, executor='parallel', parallel_workers=16, event_handlers=None, ignore_user_meta=False, metas=['./colcon.meta'], base_paths=['.'], packages_ignore=None, packages_ignore_regex=None, paths=None, packages_up_to=None, packages_up_to_regex=None, packages_above=None, packages_above_and_dependencies=None, packages_above_depth=None, packages_select_by_dep=None, packages_skip_by_dep=None, packages_skip_up_to=None, packages_select_build_failed=False, packages_skip_build_finished=False, packages_select_test_failures=False, packages_skip_test_passed=False, packages_select=None, packages_skip=None, packages_select_regex=None, packages_skip_regex=None, packages_start=None, packages_end=None, allow_overriding=[], cmake_args=None, cmake_target=None, cmake_target_skip_unavailable=False, cmake_clean_cache=False, cmake_clean_first=False, cmake_force_configure=False, ament_cmake_args=None, catkin_cmake_args=None, catkin_skip_building_tests=False, mixin_files=None, mixin=None, verb_parser=<colcon_mixin.mixin.mixin_argument.MixinArgumentDecorator object at 0x751dbf87d220>, verb_extension=<colcon_core.verb.build.BuildVerb object at 0x751dbf9c8fe0>, main=<bound method BuildVerb.main of <colcon_core.verb.build.BuildVerb object at 0x751dbf9c8fe0>>, mixin_verb=('build',))
[0.077s] Level 1:colcon.colcon_core.package_discovery:discover_packages(colcon_meta) check parameters
[0.077s] Level 1:colcon.colcon_core.package_discovery:discover_packages(recursive) check parameters
[0.077s] Level 1:colcon.colcon_core.package_discovery:discover_packages(ignore) check parameters
[0.077s] Level 1:colcon.colcon_core.package_discovery:discover_packages(path) check parameters
[0.077s] Level 1:colcon.colcon_core.package_discovery:discover_packages(colcon_meta) discover
[0.078s] Level 1:colcon.colcon_core.package_discovery:discover_packages(recursive) discover
[0.078s] INFO:colcon.colcon_core.package_discovery:Crawling recursively for packages in '/home/student/nrs_lv_ws'
[0.078s] Level 1:colcon.colcon_core.package_identification:_identify(.) by extensions ['ignore', 'ignore_ament_install']
[0.078s] Level 1:colcon.colcon_core.package_identification:_identify(.) by extension 'ignore'
[0.078s] Level 1:colcon.colcon_core.package_identification:_identify(.) by extension 'ignore_ament_install'
[0.078s] Level 1:colcon.colcon_core.package_identification:_identify(.) by extensions ['colcon_pkg']
[0.078s] Level 1:colcon.colcon_core.package_identification:_identify(.) by extension 'colcon_pkg'
[0.078s] Level 1:colcon.colcon_core.package_identification:_identify(.) by extensions ['colcon_meta']
[0.078s] Level 1:colcon.colcon_core.package_identification:_identify(.) by extension 'colcon_meta'
[0.078s] Level 1:colcon.colcon_core.package_identification:_identify(.) by extensions ['ros']
[0.078s] Level 1:colcon.colcon_core.package_identification:_identify(.) by extension 'ros'
[0.092s] Level 1:colcon.colcon_core.package_identification:_identify(.) by extensions ['cmake', 'python']
[0.092s] Level 1:colcon.colcon_core.package_identification:_identify(.) by extension 'cmake'
[0.092s] Level 1:colcon.colcon_core.package_identification:_identify(.) by extension 'python'
[0.092s] Level 1:colcon.colcon_core.package_identification:_identify(.) by extensions ['python_setup_py']
[0.092s] Level 1:colcon.colcon_core.package_identification:_identify(.) by extension 'python_setup_py'
[0.092s] Level 1:colcon.colcon_core.package_identification:_identify(build) by extensions ['ignore', 'ignore_ament_install']
[0.092s] Level 1:colcon.colcon_core.package_identification:_identify(build) by extension 'ignore'
[0.092s] Level 1:colcon.colcon_core.package_identification:_identify(build) ignored
[0.092s] Level 1:colcon.colcon_core.package_identification:_identify(install) by extensions ['ignore', 'ignore_ament_install']
[0.093s] Level 1:colcon.colcon_core.package_identification:_identify(install) by extension 'ignore'
[0.093s] Level 1:colcon.colcon_core.package_identification:_identify(install) ignored
[0.093s] Level 1:colcon.colcon_core.package_identification:_identify(log) by extensions ['ignore', 'ignore_ament_install']
[0.093s] Level 1:colcon.colcon_core.package_identification:_identify(log) by extension 'ignore'
[0.093s] Level 1:colcon.colcon_core.package_identification:_identify(log) ignored
[0.093s] Level 1:colcon.colcon_core.package_identification:_identify(src) by extensions ['ignore', 'ignore_ament_install']
[0.093s] Level 1:colcon.colcon_core.package_identification:_identify(src) by extension 'ignore'
[0.093s] Level 1:colcon.colcon_core.package_identification:_identify(src) by extension 'ignore_ament_install'
[0.093s] Level 1:colcon.colcon_core.package_identification:_identify(src) by extensions ['colcon_pkg']
[0.093s] Level 1:colcon.colcon_core.package_identification:_identify(src) by extension 'colcon_pkg'
[0.093s] Level 1:colcon.colcon_core.package_identification:_identify(src) by extensions ['colcon_meta']
[0.093s] Level 1:colcon.colcon_core.package_identification:_identify(src) by extension 'colcon_meta'
[0.093s] Level 1:colcon.colcon_core.package_identification:_identify(src) by extensions ['ros']
[0.093s] Level 1:colcon.colcon_core.package_identification:_identify(src) by extension 'ros'
[0.093s] Level 1:colcon.colcon_core.package_identification:_identify(src) by extensions ['cmake', 'python']
[0.093s] Level 1:colcon.colcon_core.package_identification:_identify(src) by extension 'cmake'
[0.093s] Level 1:colcon.colcon_core.package_identification:_identify(src) by extension 'python'
[0.093s] Level 1:colcon.colcon_core.package_identification:_identify(src) by extensions ['python_setup_py']
[0.093s] Level 1:colcon.colcon_core.package_identification:_identify(src) by extension 'python_setup_py'
[0.093s] Level 1:colcon.colcon_core.package_identification:_identify(src/cpp_pkg) by extensions ['ignore', 'ignore_ament_install']
[0.093s] Level 1:colcon.colcon_core.package_identification:_identify(src/cpp_pkg) by extension 'ignore'
[0.093s] Level 1:colcon.colcon_core.package_identification:_identify(src/cpp_pkg) by extension 'ignore_ament_install'
[0.093s] Level 1:colcon.colcon_core.package_identification:_identify(src/cpp_pkg) by extensions ['colcon_pkg']
[0.093s] Level 1:colcon.colcon_core.package_identification:_identify(src/cpp_pkg) by extension 'colcon_pkg'
[0.093s] Level 1:colcon.colcon_core.package_identification:_identify(src/cpp_pkg) by extensions ['colcon_meta']
[0.093s] Level 1:colcon.colcon_core.package_identification:_identify(src/cpp_pkg) by extension 'colcon_meta'
[0.093s] Level 1:colcon.colcon_core.package_identification:_identify(src/cpp_pkg) by extensions ['ros']
[0.093s] Level 1:colcon.colcon_core.package_identification:_identify(src/cpp_pkg) by extension 'ros'
[0.094s] DEBUG:colcon.colcon_core.package_identification:Package 'src/cpp_pkg' with type 'ros.ament_cmake' and name 'cpp_pkg'
[0.094s] Level 1:colcon.colcon_core.package_identification:_identify(src/my_bringup) by extensions ['ignore', 'ignore_ament_install']
[0.095s] Level 1:colcon.colcon_core.package_identification:_identify(src/my_bringup) by extension 'ignore'
[0.095s] Level 1:colcon.colcon_core.package_identification:_identify(src/my_bringup) by extension 'ignore_ament_install'
[0.095s] Level 1:colcon.colcon_core.package_identification:_identify(src/my_bringup) by extensions ['colcon_pkg']
[0.095s] Level 1:colcon.colcon_core.package_identification:_identify(src/my_bringup) by extension 'colcon_pkg'
[0.095s] Level 1:colcon.colcon_core.package_identification:_identify(src/my_bringup) by extensions ['colcon_meta']
[0.095s] Level 1:colcon.colcon_core.package_identification:_identify(src/my_bringup) by extension 'colcon_meta'
[0.095s] Level 1:colcon.colcon_core.package_identification:_identify(src/my_bringup) by extensions ['ros']
[0.095s] Level 1:colcon.colcon_core.package_identification:_identify(src/my_bringup) by extension 'ros'
[0.095s] DEBUG:colcon.colcon_core.package_identification:Package 'src/my_bringup' with type 'ros.ament_cmake' and name 'my_bringup'
[0.095s] Level 1:colcon.colcon_core.package_identification:_identify(src/my_interfaces) by extensions ['ignore', 'ignore_ament_install']
[0.095s] Level 1:colcon.colcon_core.package_identification:_identify(src/my_interfaces) by extension 'ignore'
[0.095s] Level 1:colcon.colcon_core.package_identification:_identify(src/my_interfaces) by extension 'ignore_ament_install'
[0.095s] Level 1:colcon.colcon_core.package_identification:_identify(src/my_interfaces) by extensions ['colcon_pkg']
[0.095s] Level 1:colcon.colcon_core.package_identification:_identify(src/my_interfaces) by extension 'colcon_pkg'
[0.095s] Level 1:colcon.colcon_core.package_identification:_identify(src/my_interfaces) by extensions ['colcon_meta']
[0.095s] Level 1:colcon.colcon_core.package_identification:_identify(src/my_interfaces) by extension 'colcon_meta'
[0.095s] Level 1:colcon.colcon_core.package_identification:_identify(src/my_interfaces) by extensions ['ros']
[0.095s] Level 1:colcon.colcon_core.package_identification:_identify(src/my_interfaces) by extension 'ros'
[0.095s] DEBUG:colcon.colcon_core.package_identification:Package 'src/my_interfaces' with type 'ros.ament_cmake' and name 'my_interfaces'
[0.096s] Level 1:colcon.colcon_core.package_identification:_identify(src/py_pkg) by extensions ['ignore', 'ignore_ament_install']
[0.096s] Level 1:colcon.colcon_core.package_identification:_identify(src/py_pkg) by extension 'ignore'
[0.096s] Level 1:colcon.colcon_core.package_identification:_identify(src/py_pkg) by extension 'ignore_ament_install'
[0.096s] Level 1:colcon.colcon_core.package_identification:_identify(src/py_pkg) by extensions ['colcon_pkg']
[0.096s] Level 1:colcon.colcon_core.package_identification:_identify(src/py_pkg) by extension 'colcon_pkg'
[0.096s] Level 1:colcon.colcon_core.package_identification:_identify(src/py_pkg) by extensions ['colcon_meta']
[0.096s] Level 1:colcon.colcon_core.package_identification:_identify(src/py_pkg) by extension 'colcon_meta'
[0.096s] Level 1:colcon.colcon_core.package_identification:_identify(src/py_pkg) by extensions ['ros']
[0.096s] Level 1:colcon.colcon_core.package_identification:_identify(src/py_pkg) by extension 'ros'
[0.096s] DEBUG:colcon.colcon_core.package_identification:Package 'src/py_pkg' with type 'ros.ament_python' and name 'py_pkg'
[0.096s] Level 1:colcon.colcon_core.package_discovery:discover_packages(recursive) using defaults
[0.096s] Level 1:colcon.colcon_core.package_discovery:discover_packages(ignore) discover
[0.096s] Level 1:colcon.colcon_core.package_discovery:discover_packages(ignore) using defaults
[0.096s] Level 1:colcon.colcon_core.package_discovery:discover_packages(path) discover
[0.096s] Level 1:colcon.colcon_core.package_discovery:discover_packages(path) using defaults
[0.106s] Level 1:colcon.colcon_core.package_discovery:discover_packages(prefix_path) check parameters
[0.106s] Level 1:colcon.colcon_core.package_discovery:discover_packages(prefix_path) discover
[0.107s] DEBUG:colcon.colcon_installed_package_information.package_discovery:Found 3 installed packages in /home/student/nrs_lv_ws/install
[0.108s] DEBUG:colcon.colcon_installed_package_information.package_discovery:Found 476 installed packages in /opt/ros/jazzy
[0.109s] Level 1:colcon.colcon_core.package_discovery:discover_packages(prefix_path) using defaults
[0.138s] Level 5:colcon.colcon_core.verb:set package 'cpp_pkg' build argument 'cmake_args' from command line to 'None'
[0.138s] Level 5:colcon.colcon_core.verb:set package 'cpp_pkg' build argument 'cmake_target' from command line to 'None'
[0.138s] Level 5:colcon.colcon_core.verb:set package 'cpp_pkg' build argument 'cmake_target_skip_unavailable' from command line to 'False'
[0.138s] Level 5:colcon.colcon_core.verb:set package 'cpp_pkg' build argument 'cmake_clean_cache' from command line to 'False'
[0.138s] Level 5:colcon.colcon_core.verb:set package 'cpp_pkg' build argument 'cmake_clean_first' from command line to 'False'
[0.138s] Level 5:colcon.colcon_core.verb:set package 'cpp_pkg' build argument 'cmake_force_configure' from command line to 'False'
[0.138s] Level 5:colcon.colcon_core.verb:set package 'cpp_pkg' build argument 'ament_cmake_args' from command line to 'None'
[0.138s] Level 5:colcon.colcon_core.verb:set package 'cpp_pkg' build argument 'catkin_cmake_args' from command line to 'None'
[0.138s] Level 5:colcon.colcon_core.verb:set package 'cpp_pkg' build argument 'catkin_skip_building_tests' from command line to 'False'
[0.138s] DEBUG:colcon.colcon_core.verb:Building package 'cpp_pkg' with the following arguments: {'ament_cmake_args': None, 'build_base': '/home/student/nrs_lv_ws/build/cpp_pkg', 'catkin_cmake_args': None, 'catkin_skip_building_tests': False, 'cmake_args': None, 'cmake_clean_cache': False, 'cmake_clean_first': False, 'cmake_force_configure': False, 'cmake_target': None, 'cmake_target_skip_unavailable': False, 'install_base': '/home/student/nrs_lv_ws/install/cpp_pkg', 'merge_install': False, 'path': '/home/student/nrs_lv_ws/src/cpp_pkg', 'symlink_install': False, 'test_result_base': None}
[0.138s] Level 5:colcon.colcon_core.verb:set package 'my_interfaces' build argument 'cmake_args' from command line to 'None'
[0.138s] Level 5:colcon.colcon_core.verb:set package 'my_interfaces' build argument 'cmake_target' from command line to 'None'
[0.138s] Level 5:colcon.colcon_core.verb:set package 'my_interfaces' build argument 'cmake_target_skip_unavailable' from command line to 'False'
[0.138s] Level 5:colcon.colcon_core.verb:set package 'my_interfaces' build argument 'cmake_clean_cache' from command line to 'False'
[0.138s] Level 5:colcon.colcon_core.verb:set package 'my_interfaces' build argument 'cmake_clean_first' from command line to 'False'
[0.138s] Level 5:colcon.colcon_core.verb:set package 'my_interfaces' build argument 'cmake_force_configure' from command line to 'False'
[0.138s] Level 5:colcon.colcon_core.verb:set package 'my_interfaces' build argument 'ament_cmake_args' from command line to 'None'
[0.138s] Level 5:colcon.colcon_core.verb:set package 'my_interfaces' build argument 'catkin_cmake_args' from command line to 'None'
[0.138s] Level 5:colcon.colcon_core.verb:set package 'my_interfaces' build argument 'catkin_skip_building_tests' from command line to 'False'
[0.138s] DEBUG:colcon.colcon_core.verb:Building package 'my_interfaces' with the following arguments: {'ament_cmake_args': None, 'build_base': '/home/student/nrs_lv_ws/build/my_interfaces', 'catkin_cmake_args': None, 'catkin_skip_building_tests': False, 'cmake_args': None, 'cmake_clean_cache': False, 'cmake_clean_first': False, 'cmake_force_configure': False, 'cmake_target': None, 'cmake_target_skip_unavailable': False, 'install_base': '/home/student/nrs_lv_ws/install/my_interfaces', 'merge_install': False, 'path': '/home/student/nrs_lv_ws/src/my_interfaces', 'symlink_install': False, 'test_result_base': None}
[0.139s] Level 5:colcon.colcon_core.verb:set package 'py_pkg' build argument 'cmake_args' from command line to 'None'
[0.139s] Level 5:colcon.colcon_core.verb:set package 'py_pkg' build argument 'cmake_target' from command line to 'None'
[0.139s] Level 5:colcon.colcon_core.verb:set package 'py_pkg' build argument 'cmake_target_skip_unavailable' from command line to 'False'
[0.139s] Level 5:colcon.colcon_core.verb:set package 'py_pkg' build argument 'cmake_clean_cache' from command line to 'False'
[0.139s] Level 5:colcon.colcon_core.verb:set package 'py_pkg' build argument 'cmake_clean_first' from command line to 'False'
[0.139s] Level 5:colcon.colcon_core.verb:set package 'py_pkg' build argument 'cmake_force_configure' from command line to 'False'
[0.139s] Level 5:colcon.colcon_core.verb:set package 'py_pkg' build argument 'ament_cmake_args' from command line to 'None'
[0.139s] Level 5:colcon.colcon_core.verb:set package 'py_pkg' build argument 'catkin_cmake_args' from command line to 'None'
[0.139s] Level 5:colcon.colcon_core.verb:set package 'py_pkg' build argument 'catkin_skip_building_tests' from command line to 'False'
[0.139s] DEBUG:colcon.colcon_core.verb:Building package 'py_pkg' with the following arguments: {'ament_cmake_args': None, 'build_base': '/home/student/nrs_lv_ws/build/py_pkg', 'catkin_cmake_args': None, 'catkin_skip_building_tests': False, 'cmake_args': None, 'cmake_clean_cache': False, 'cmake_clean_first': False, 'cmake_force_configure': False, 'cmake_target': None, 'cmake_target_skip_unavailable': False, 'install_base': '/home/student/nrs_lv_ws/install/py_pkg', 'merge_install': False, 'path': '/home/student/nrs_lv_ws/src/py_pkg', 'symlink_install': False, 'test_result_base': None}
[0.139s] Level 5:colcon.colcon_core.verb:set package 'my_bringup' build argument 'cmake_args' from command line to 'None'
[0.139s] Level 5:colcon.colcon_core.verb:set package 'my_bringup' build argument 'cmake_target' from command line to 'None'
[0.139s] Level 5:colcon.colcon_core.verb:set package 'my_bringup' build argument 'cmake_target_skip_unavailable' from command line to 'False'
[0.139s] Level 5:colcon.colcon_core.verb:set package 'my_bringup' build argument 'cmake_clean_cache' from command line to 'False'
[0.139s] Level 5:colcon.colcon_core.verb:set package 'my_bringup' build argument 'cmake_clean_first' from command line to 'False'
[0.139s] Level 5:colcon.colcon_core.verb:set package 'my_bringup' build argument 'cmake_force_configure' from command line to 'False'
[0.139s] Level 5:colcon.colcon_core.verb:set package 'my_bringup' build argument 'ament_cmake_args' from command line to 'None'
[0.139s] Level 5:colcon.colcon_core.verb:set package 'my_bringup' build argument 'catkin_cmake_args' from command line to 'None'
[0.139s] Level 5:colcon.colcon_core.verb:set package 'my_bringup' build argument 'catkin_skip_building_tests' from command line to 'False'
[0.139s] DEBUG:colcon.colcon_core.verb:Building package 'my_bringup' with the following arguments: {'ament_cmake_args': None, 'build_base': '/home/student/nrs_lv_ws/build/my_bringup', 'catkin_cmake_args': None, 'catkin_skip_building_tests': False, 'cmake_args': None, 'cmake_clean_cache': False, 'cmake_clean_first': False, 'cmake_force_configure': False, 'cmake_target': None, 'cmake_target_skip_unavailable': False, 'install_base': '/home/student/nrs_lv_ws/install/my_bringup', 'merge_install': False, 'path': '/home/student/nrs_lv_ws/src/my_bringup', 'symlink_install': False, 'test_result_base': None}
[0.139s] INFO:colcon.colcon_core.executor:Executing jobs using 'parallel' executor
[0.140s] DEBUG:colcon.colcon_parallel_executor.executor.parallel:run_until_complete
[0.140s] INFO:colcon.colcon_ros.task.ament_cmake.build:Building ROS package in '/home/student/nrs_lv_ws/src/my_interfaces' with build type 'ament_cmake'
[0.140s] INFO:colcon.colcon_cmake.task.cmake.build:Building CMake package in '/home/student/nrs_lv_ws/src/my_interfaces'
[0.141s] INFO:colcon.colcon_core.plugin_system:Skipping extension 'colcon_core.shell.bat': Not used on non-Windows systems
[0.141s] INFO:colcon.colcon_core.shell:Skip shell extension 'powershell' for command environment: Not usable outside of PowerShell
[0.141s] DEBUG:colcon.colcon_core.shell:Skip shell extension 'dsv' for command environment
[0.143s] INFO:colcon.colcon_ros.task.ament_cmake.build:Building ROS package in '/home/student/nrs_lv_ws/src/cpp_pkg' with build type 'ament_cmake'
[0.143s] INFO:colcon.colcon_cmake.task.cmake.build:Building CMake package in '/home/student/nrs_lv_ws/src/cpp_pkg'
[0.143s] INFO:colcon.colcon_core.shell:Skip shell extension 'powershell' for command environment: Not usable outside of PowerShell
[0.143s] DEBUG:colcon.colcon_core.shell:Skip shell extension 'dsv' for command environment
[0.147s] DEBUG:colcon.colcon_core.event_handler.log_command:Invoking command in '/home/student/nrs_lv_ws/build/my_interfaces': CMAKE_PREFIX_PATH=${CMAKE_PREFIX_PATH}:/home/student/nrs_lv_ws/install/py_pkg:/opt/ros/jazzy DEBUGINFOD_URLS=https://debuginfod.ubuntu.com /usr/bin/cmake --build /home/student/nrs_lv_ws/build/my_interfaces -- -j16 -l16
[0.149s] DEBUG:colcon.colcon_core.event_handler.log_command:Invoking command in '/home/student/nrs_lv_ws/build/cpp_pkg': CMAKE_PREFIX_PATH=${CMAKE_PREFIX_PATH}:/home/student/nrs_lv_ws/install/py_pkg:/opt/ros/jazzy DEBUGINFOD_URLS=https://debuginfod.ubuntu.com /usr/bin/cmake --build /home/student/nrs_lv_ws/build/cpp_pkg -- -j16 -l16
[0.204s] DEBUG:colcon.colcon_core.event_handler.log_command:Invoked command in '/home/student/nrs_lv_ws/build/cpp_pkg' returned '0': CMAKE_PREFIX_PATH=${CMAKE_PREFIX_PATH}:/home/student/nrs_lv_ws/install/py_pkg:/opt/ros/jazzy DEBUGINFOD_URLS=https://debuginfod.ubuntu.com /usr/bin/cmake --build /home/student/nrs_lv_ws/build/cpp_pkg -- -j16 -l16
[0.212s] DEBUG:colcon.colcon_core.event_handler.log_command:Invoking command in '/home/student/nrs_lv_ws/build/cpp_pkg': CMAKE_PREFIX_PATH=${CMAKE_PREFIX_PATH}:/home/student/nrs_lv_ws/install/py_pkg:/opt/ros/jazzy DEBUGINFOD_URLS=https://debuginfod.ubuntu.com /usr/bin/cmake --install /home/student/nrs_lv_ws/build/cpp_pkg
[0.225s] Level 1:colcon.colcon_core.environment:create_environment_scripts_only(cpp_pkg)
[0.225s] DEBUG:colcon.colcon_core.event_handler.log_command:Invoked command in '/home/student/nrs_lv_ws/build/cpp_pkg' returned '0': CMAKE_PREFIX_PATH=${CMAKE_PREFIX_PATH}:/home/student/nrs_lv_ws/install/py_pkg:/opt/ros/jazzy DEBUGINFOD_URLS=https://debuginfod.ubuntu.com /usr/bin/cmake --install /home/student/nrs_lv_ws/build/cpp_pkg
[0.227s] Level 1:colcon.colcon_core.environment:checking '/home/student/nrs_lv_ws/install/cpp_pkg' for CMake module files
[0.227s] Level 1:colcon.colcon_core.environment:checking '/home/student/nrs_lv_ws/install/cpp_pkg' for CMake config files
[0.228s] Level 1:colcon.colcon_core.shell:create_environment_hook('cpp_pkg', 'cmake_prefix_path')
[0.228s] INFO:colcon.colcon_core.shell:Creating environment hook '/home/student/nrs_lv_ws/install/cpp_pkg/share/cpp_pkg/hook/cmake_prefix_path.ps1'
[0.228s] INFO:colcon.colcon_core.shell:Creating environment descriptor '/home/student/nrs_lv_ws/install/cpp_pkg/share/cpp_pkg/hook/cmake_prefix_path.dsv'
[0.229s] INFO:colcon.colcon_core.shell:Creating environment hook '/home/student/nrs_lv_ws/install/cpp_pkg/share/cpp_pkg/hook/cmake_prefix_path.sh'
[0.230s] Level 1:colcon.colcon_core.environment:checking '/home/student/nrs_lv_ws/install/cpp_pkg/lib'
[0.230s] Level 1:colcon.colcon_core.environment:checking '/home/student/nrs_lv_ws/install/cpp_pkg/bin'
[0.230s] Level 1:colcon.colcon_core.environment:checking '/home/student/nrs_lv_ws/install/cpp_pkg/lib/pkgconfig/cpp_pkg.pc'
[0.230s] Level 1:colcon.colcon_core.environment:checking '/home/student/nrs_lv_ws/install/cpp_pkg/lib/python3.12/site-packages'
[0.230s] Level 1:colcon.colcon_core.environment:checking '/home/student/nrs_lv_ws/install/cpp_pkg/bin'
[0.230s] INFO:colcon.colcon_core.shell:Creating package script '/home/student/nrs_lv_ws/install/cpp_pkg/share/cpp_pkg/package.ps1'
[0.231s] INFO:colcon.colcon_core.shell:Creating package descriptor '/home/student/nrs_lv_ws/install/cpp_pkg/share/cpp_pkg/package.dsv'
[0.231s] INFO:colcon.colcon_core.shell:Creating package script '/home/student/nrs_lv_ws/install/cpp_pkg/share/cpp_pkg/package.sh'
[0.232s] INFO:colcon.colcon_core.shell:Creating package script '/home/student/nrs_lv_ws/install/cpp_pkg/share/cpp_pkg/package.bash'
[0.233s] INFO:colcon.colcon_core.shell:Creating package script '/home/student/nrs_lv_ws/install/cpp_pkg/share/cpp_pkg/package.zsh'
[0.240s] Level 1:colcon.colcon_core.environment:create_file_with_runtime_dependencies(/home/student/nrs_lv_ws/install/cpp_pkg/share/colcon-core/packages/cpp_pkg)
[0.241s] Level 1:colcon.colcon_core.environment:create_environment_scripts_only(cpp_pkg)
[0.241s] Level 1:colcon.colcon_core.environment:checking '/home/student/nrs_lv_ws/install/cpp_pkg' for CMake module files
[0.241s] Level 1:colcon.colcon_core.environment:checking '/home/student/nrs_lv_ws/install/cpp_pkg' for CMake config files
[0.241s] Level 1:colcon.colcon_core.shell:create_environment_hook('cpp_pkg', 'cmake_prefix_path')
[0.241s] INFO:colcon.colcon_core.shell:Creating environment hook '/home/student/nrs_lv_ws/install/cpp_pkg/share/cpp_pkg/hook/cmake_prefix_path.ps1'
[0.242s] INFO:colcon.colcon_core.shell:Creating environment descriptor '/home/student/nrs_lv_ws/install/cpp_pkg/share/cpp_pkg/hook/cmake_prefix_path.dsv'
[0.242s] INFO:colcon.colcon_core.shell:Creating environment hook '/home/student/nrs_lv_ws/install/cpp_pkg/share/cpp_pkg/hook/cmake_prefix_path.sh'
[0.242s] Level 1:colcon.colcon_core.environment:checking '/home/student/nrs_lv_ws/install/cpp_pkg/lib'
[0.242s] Level 1:colcon.colcon_core.environment:checking '/home/student/nrs_lv_ws/install/cpp_pkg/bin'
[0.242s] Level 1:colcon.colcon_core.environment:checking '/home/student/nrs_lv_ws/install/cpp_pkg/lib/pkgconfig/cpp_pkg.pc'
[0.242s] Level 1:colcon.colcon_core.environment:checking '/home/student/nrs_lv_ws/install/cpp_pkg/lib/python3.12/site-packages'
[0.242s] Level 1:colcon.colcon_core.environment:checking '/home/student/nrs_lv_ws/install/cpp_pkg/bin'
[0.243s] INFO:colcon.colcon_core.shell:Creating package script '/home/student/nrs_lv_ws/install/cpp_pkg/share/cpp_pkg/package.ps1'
[0.243s] INFO:colcon.colcon_core.shell:Creating package descriptor '/home/student/nrs_lv_ws/install/cpp_pkg/share/cpp_pkg/package.dsv'
[0.243s] INFO:colcon.colcon_core.shell:Creating package script '/home/student/nrs_lv_ws/install/cpp_pkg/share/cpp_pkg/package.sh'
[0.243s] INFO:colcon.colcon_core.shell:Creating package script '/home/student/nrs_lv_ws/install/cpp_pkg/share/cpp_pkg/package.bash'
[0.244s] INFO:colcon.colcon_core.shell:Creating package script '/home/student/nrs_lv_ws/install/cpp_pkg/share/cpp_pkg/package.zsh'
[0.244s] Level 1:colcon.colcon_core.environment:create_file_with_runtime_dependencies(/home/student/nrs_lv_ws/install/cpp_pkg/share/colcon-core/packages/cpp_pkg)
[0.404s] DEBUG:colcon.colcon_core.event_handler.log_command:Invoked command in '/home/student/nrs_lv_ws/build/my_interfaces' returned '0': CMAKE_PREFIX_PATH=${CMAKE_PREFIX_PATH}:/home/student/nrs_lv_ws/install/py_pkg:/opt/ros/jazzy DEBUGINFOD_URLS=https://debuginfod.ubuntu.com /usr/bin/cmake --build /home/student/nrs_lv_ws/build/my_interfaces -- -j16 -l16
[0.405s] DEBUG:colcon.colcon_core.event_handler.log_command:Invoking command in '/home/student/nrs_lv_ws/build/my_interfaces': CMAKE_PREFIX_PATH=${CMAKE_PREFIX_PATH}:/home/student/nrs_lv_ws/install/py_pkg:/opt/ros/jazzy DEBUGINFOD_URLS=https://debuginfod.ubuntu.com /usr/bin/cmake --install /home/student/nrs_lv_ws/build/my_interfaces
[0.446s] Level 1:colcon.colcon_core.environment:create_environment_scripts_only(my_interfaces)
[0.446s] DEBUG:colcon.colcon_core.event_handler.log_command:Invoked command in '/home/student/nrs_lv_ws/build/my_interfaces' returned '0': CMAKE_PREFIX_PATH=${CMAKE_PREFIX_PATH}:/home/student/nrs_lv_ws/install/py_pkg:/opt/ros/jazzy DEBUGINFOD_URLS=https://debuginfod.ubuntu.com /usr/bin/cmake --install /home/student/nrs_lv_ws/build/my_interfaces
[0.446s] Level 1:colcon.colcon_core.environment:checking '/home/student/nrs_lv_ws/install/my_interfaces' for CMake module files
[0.446s] Level 1:colcon.colcon_core.environment:checking '/home/student/nrs_lv_ws/install/my_interfaces' for CMake config files
[0.447s] Level 1:colcon.colcon_core.shell:create_environment_hook('my_interfaces', 'cmake_prefix_path')
[0.447s] INFO:colcon.colcon_core.shell:Creating environment hook '/home/student/nrs_lv_ws/install/my_interfaces/share/my_interfaces/hook/cmake_prefix_path.ps1'
[0.447s] INFO:colcon.colcon_core.shell:Creating environment descriptor '/home/student/nrs_lv_ws/install/my_interfaces/share/my_interfaces/hook/cmake_prefix_path.dsv'
[0.447s] INFO:colcon.colcon_core.shell:Creating environment hook '/home/student/nrs_lv_ws/install/my_interfaces/share/my_interfaces/hook/cmake_prefix_path.sh'
[0.447s] Level 1:colcon.colcon_core.environment:checking '/home/student/nrs_lv_ws/install/my_interfaces/lib'
[0.447s] Level 1:colcon.colcon_core.shell:create_environment_hook('my_interfaces', 'ld_library_path_lib')
[0.448s] INFO:colcon.colcon_core.shell:Creating environment hook '/home/student/nrs_lv_ws/install/my_interfaces/share/my_interfaces/hook/ld_library_path_lib.ps1'
[0.448s] INFO:colcon.colcon_core.shell:Creating environment descriptor '/home/student/nrs_lv_ws/install/my_interfaces/share/my_interfaces/hook/ld_library_path_lib.dsv'
[0.448s] INFO:colcon.colcon_core.shell:Creating environment hook '/home/student/nrs_lv_ws/install/my_interfaces/share/my_interfaces/hook/ld_library_path_lib.sh'
[0.448s] Level 1:colcon.colcon_core.environment:checking '/home/student/nrs_lv_ws/install/my_interfaces/bin'
[0.448s] Level 1:colcon.colcon_core.environment:checking '/home/student/nrs_lv_ws/install/my_interfaces/lib/pkgconfig/my_interfaces.pc'
[0.448s] Level 1:colcon.colcon_core.environment:checking '/home/student/nrs_lv_ws/install/my_interfaces/lib/python3.12/site-packages'
[0.448s] Level 1:colcon.colcon_core.shell:create_environment_hook('my_interfaces', 'pythonpath')
[0.448s] INFO:colcon.colcon_core.shell:Creating environment hook '/home/student/nrs_lv_ws/install/my_interfaces/share/my_interfaces/hook/pythonpath.ps1'
[0.449s] INFO:colcon.colcon_core.shell:Creating environment descriptor '/home/student/nrs_lv_ws/install/my_interfaces/share/my_interfaces/hook/pythonpath.dsv'
[0.449s] INFO:colcon.colcon_core.shell:Creating environment hook '/home/student/nrs_lv_ws/install/my_interfaces/share/my_interfaces/hook/pythonpath.sh'
[0.449s] Level 1:colcon.colcon_core.environment:checking '/home/student/nrs_lv_ws/install/my_interfaces/bin'
[0.449s] INFO:colcon.colcon_core.shell:Creating package script '/home/student/nrs_lv_ws/install/my_interfaces/share/my_interfaces/package.ps1'
[0.450s] INFO:colcon.colcon_core.shell:Creating package descriptor '/home/student/nrs_lv_ws/install/my_interfaces/share/my_interfaces/package.dsv'
[0.450s] INFO:colcon.colcon_core.shell:Creating package script '/home/student/nrs_lv_ws/install/my_interfaces/share/my_interfaces/package.sh'
[0.450s] INFO:colcon.colcon_core.shell:Creating package script '/home/student/nrs_lv_ws/install/my_interfaces/share/my_interfaces/package.bash'
[0.450s] INFO:colcon.colcon_core.shell:Creating package script '/home/student/nrs_lv_ws/install/my_interfaces/share/my_interfaces/package.zsh'
[0.450s] Level 1:colcon.colcon_core.environment:create_file_with_runtime_dependencies(/home/student/nrs_lv_ws/install/my_interfaces/share/colcon-core/packages/my_interfaces)
[0.451s] Level 1:colcon.colcon_core.environment:create_environment_scripts_only(my_interfaces)
[0.451s] Level 1:colcon.colcon_core.environment:checking '/home/student/nrs_lv_ws/install/my_interfaces' for CMake module files
[0.451s] Level 1:colcon.colcon_core.environment:checking '/home/student/nrs_lv_ws/install/my_interfaces' for CMake config files
[0.451s] Level 1:colcon.colcon_core.shell:create_environment_hook('my_interfaces', 'cmake_prefix_path')
[0.451s] INFO:colcon.colcon_core.shell:Creating environment hook '/home/student/nrs_lv_ws/install/my_interfaces/share/my_interfaces/hook/cmake_prefix_path.ps1'
[0.451s] INFO:colcon.colcon_core.shell:Creating environment descriptor '/home/student/nrs_lv_ws/install/my_interfaces/share/my_interfaces/hook/cmake_prefix_path.dsv'
[0.452s] INFO:colcon.colcon_core.shell:Creating environment hook '/home/student/nrs_lv_ws/install/my_interfaces/share/my_interfaces/hook/cmake_prefix_path.sh'
[0.452s] Level 1:colcon.colcon_core.environment:checking '/home/student/nrs_lv_ws/install/my_interfaces/lib'
[0.452s] Level 1:colcon.colcon_core.shell:create_environment_hook('my_interfaces', 'ld_library_path_lib')
[0.452s] INFO:colcon.colcon_core.shell:Creating environment hook '/home/student/nrs_lv_ws/install/my_interfaces/share/my_interfaces/hook/ld_library_path_lib.ps1'
[0.452s] INFO:colcon.colcon_core.shell:Creating environment descriptor '/home/student/nrs_lv_ws/install/my_interfaces/share/my_interfaces/hook/ld_library_path_lib.dsv'
[0.452s] INFO:colcon.colcon_core.shell:Creating environment hook '/home/student/nrs_lv_ws/install/my_interfaces/share/my_interfaces/hook/ld_library_path_lib.sh'
[0.452s] Level 1:colcon.colcon_core.environment:checking '/home/student/nrs_lv_ws/install/my_interfaces/bin'
[0.453s] Level 1:colcon.colcon_core.environment:checking '/home/student/nrs_lv_ws/install/my_interfaces/lib/pkgconfig/my_interfaces.pc'
[0.453s] Level 1:colcon.colcon_core.environment:checking '/home/student/nrs_lv_ws/install/my_interfaces/lib/python3.12/site-packages'
[0.453s] Level 1:colcon.colcon_core.shell:create_environment_hook('my_interfaces', 'pythonpath')
[0.453s] INFO:colcon.colcon_core.shell:Creating environment hook '/home/student/nrs_lv_ws/install/my_interfaces/share/my_interfaces/hook/pythonpath.ps1'
[0.453s] INFO:colcon.colcon_core.shell:Creating environment descriptor '/home/student/nrs_lv_ws/install/my_interfaces/share/my_interfaces/hook/pythonpath.dsv'
[0.453s] INFO:colcon.colcon_core.shell:Creating environment hook '/home/student/nrs_lv_ws/install/my_interfaces/share/my_interfaces/hook/pythonpath.sh'
[0.453s] Level 1:colcon.colcon_core.environment:checking '/home/student/nrs_lv_ws/install/my_interfaces/bin'
[0.454s] INFO:colcon.colcon_core.shell:Creating package script '/home/student/nrs_lv_ws/install/my_interfaces/share/my_interfaces/package.ps1'
[0.454s] INFO:colcon.colcon_core.shell:Creating package descriptor '/home/student/nrs_lv_ws/install/my_interfaces/share/my_interfaces/package.dsv'
[0.454s] INFO:colcon.colcon_core.shell:Creating package script '/home/student/nrs_lv_ws/install/my_interfaces/share/my_interfaces/package.sh'
[0.454s] INFO:colcon.colcon_core.shell:Creating package script '/home/student/nrs_lv_ws/install/my_interfaces/share/my_interfaces/package.bash'
[0.455s] INFO:colcon.colcon_core.shell:Creating package script '/home/student/nrs_lv_ws/install/my_interfaces/share/my_interfaces/package.zsh'
[0.455s] Level 1:colcon.colcon_core.environment:create_file_with_runtime_dependencies(/home/student/nrs_lv_ws/install/my_interfaces/share/colcon-core/packages/my_interfaces)
[0.455s] INFO:colcon.colcon_ros.task.ament_python.build:Building ROS package in '/home/student/nrs_lv_ws/src/py_pkg' with build type 'ament_python'
[0.455s] Level 1:colcon.colcon_core.shell:create_environment_hook('py_pkg', 'ament_prefix_path')
[0.455s] INFO:colcon.colcon_core.shell:Creating environment hook '/home/student/nrs_lv_ws/install/py_pkg/share/py_pkg/hook/ament_prefix_path.ps1'
[0.455s] INFO:colcon.colcon_core.shell:Creating environment descriptor '/home/student/nrs_lv_ws/install/py_pkg/share/py_pkg/hook/ament_prefix_path.dsv'
[0.456s] INFO:colcon.colcon_core.shell:Creating environment hook '/home/student/nrs_lv_ws/install/py_pkg/share/py_pkg/hook/ament_prefix_path.sh'
[0.456s] INFO:colcon.colcon_core.shell:Skip shell extension 'powershell' for command environment: Not usable outside of PowerShell
[0.456s] DEBUG:colcon.colcon_core.shell:Skip shell extension 'dsv' for command environment
[0.586s] INFO:colcon.colcon_core.task.python.build:Building Python package in '/home/student/nrs_lv_ws/src/py_pkg'
[0.586s] INFO:colcon.colcon_core.shell:Skip shell extension 'powershell' for command environment: Not usable outside of PowerShell
[0.586s] DEBUG:colcon.colcon_core.shell:Skip shell extension 'dsv' for command environment
[0.892s] DEBUG:colcon.colcon_core.event_handler.log_command:Invoking command in '/home/student/nrs_lv_ws/src/py_pkg': DEBUGINFOD_URLS=https://debuginfod.ubuntu.com PYTHONPATH=/home/student/nrs_lv_ws/build/py_pkg/prefix_override:/usr/lib/python3/dist-packages/colcon_core/task/python/colcon_distutils_commands:/home/student/nrs_lv_ws/install/py_pkg/lib/python3.12/site-packages:${PYTHONPATH} /usr/bin/python3 -W ignore:setup.py install is deprecated -W ignore:easy_install command is deprecated setup.py egg_info --egg-base ../../build/py_pkg build --build-base /home/student/nrs_lv_ws/build/py_pkg/build install --record /home/student/nrs_lv_ws/build/py_pkg/install.log --single-version-externally-managed install_data
[1.173s] Level 1:colcon.colcon_core.environment:checking '/home/student/nrs_lv_ws/install/py_pkg' for CMake module files
[1.173s] DEBUG:colcon.colcon_core.event_handler.log_command:Invoked command in '/home/student/nrs_lv_ws/src/py_pkg' returned '0': DEBUGINFOD_URLS=https://debuginfod.ubuntu.com PYTHONPATH=/home/student/nrs_lv_ws/build/py_pkg/prefix_override:/usr/lib/python3/dist-packages/colcon_core/task/python/colcon_distutils_commands:/home/student/nrs_lv_ws/install/py_pkg/lib/python3.12/site-packages:${PYTHONPATH} /usr/bin/python3 -W ignore:setup.py install is deprecated -W ignore:easy_install command is deprecated setup.py egg_info --egg-base ../../build/py_pkg build --build-base /home/student/nrs_lv_ws/build/py_pkg/build install --record /home/student/nrs_lv_ws/build/py_pkg/install.log --single-version-externally-managed install_data
[1.173s] Level 1:colcon.colcon_core.environment:checking '/home/student/nrs_lv_ws/install/py_pkg' for CMake config files
[1.174s] Level 1:colcon.colcon_core.environment:checking '/home/student/nrs_lv_ws/install/py_pkg/lib'
[1.174s] Level 1:colcon.colcon_core.environment:checking '/home/student/nrs_lv_ws/install/py_pkg/bin'
[1.174s] Level 1:colcon.colcon_core.environment:checking '/home/student/nrs_lv_ws/install/py_pkg/lib/pkgconfig/py_pkg.pc'
[1.174s] Level 1:colcon.colcon_core.environment:checking '/home/student/nrs_lv_ws/install/py_pkg/lib/python3.12/site-packages'
[1.174s] Level 1:colcon.colcon_core.shell:create_environment_hook('py_pkg', 'pythonpath')
[1.174s] INFO:colcon.colcon_core.shell:Creating environment hook '/home/student/nrs_lv_ws/install/py_pkg/share/py_pkg/hook/pythonpath.ps1'
[1.174s] INFO:colcon.colcon_core.shell:Creating environment descriptor '/home/student/nrs_lv_ws/install/py_pkg/share/py_pkg/hook/pythonpath.dsv'
[1.174s] INFO:colcon.colcon_core.shell:Creating environment hook '/home/student/nrs_lv_ws/install/py_pkg/share/py_pkg/hook/pythonpath.sh'
[1.175s] Level 1:colcon.colcon_core.environment:checking '/home/student/nrs_lv_ws/install/py_pkg/bin'
[1.175s] Level 1:colcon.colcon_core.environment:create_environment_scripts_only(py_pkg)
[1.175s] INFO:colcon.colcon_core.shell:Creating package script '/home/student/nrs_lv_ws/install/py_pkg/share/py_pkg/package.ps1'
[1.175s] INFO:colcon.colcon_core.shell:Creating package descriptor '/home/student/nrs_lv_ws/install/py_pkg/share/py_pkg/package.dsv'
[1.175s] INFO:colcon.colcon_core.shell:Creating package script '/home/student/nrs_lv_ws/install/py_pkg/share/py_pkg/package.sh'
[1.175s] INFO:colcon.colcon_core.shell:Creating package script '/home/student/nrs_lv_ws/install/py_pkg/share/py_pkg/package.bash'
[1.176s] INFO:colcon.colcon_core.shell:Creating package script '/home/student/nrs_lv_ws/install/py_pkg/share/py_pkg/package.zsh'
[1.176s] Level 1:colcon.colcon_core.environment:create_file_with_runtime_dependencies(/home/student/nrs_lv_ws/install/py_pkg/share/colcon-core/packages/py_pkg)
[1.176s] INFO:colcon.colcon_ros.task.ament_cmake.build:Building ROS package in '/home/student/nrs_lv_ws/src/my_bringup' with build type 'ament_cmake'
[1.176s] INFO:colcon.colcon_cmake.task.cmake.build:Building CMake package in '/home/student/nrs_lv_ws/src/my_bringup'
[1.176s] INFO:colcon.colcon_core.shell:Skip shell extension 'powershell' for command environment: Not usable outside of PowerShell
[1.176s] DEBUG:colcon.colcon_core.shell:Skip shell extension 'dsv' for command environment
[1.184s] DEBUG:colcon.colcon_core.event_handler.log_command:Invoking command in '/home/student/nrs_lv_ws/build/my_bringup': AMENT_PREFIX_PATH=/home/student/nrs_lv_ws/install/py_pkg:/home/student/nrs_lv_ws/install/my_interfaces:/home/student/nrs_lv_ws/install/cpp_pkg:/opt/ros/jazzy CMAKE_PREFIX_PATH=${CMAKE_PREFIX_PATH}:/home/student/nrs_lv_ws/install/py_pkg:/opt/ros/jazzy DEBUGINFOD_URLS=https://debuginfod.ubuntu.com PYTHONPATH=/home/student/nrs_lv_ws/install/py_pkg/lib/python3.12/site-packages:/home/student/nrs_lv_ws/install/my_interfaces/lib/python3.12/site-packages:/opt/ros/jazzy/lib/python3.12/site-packages /usr/bin/cmake /home/student/nrs_lv_ws/src/my_bringup -DCMAKE_INSTALL_PREFIX=/home/student/nrs_lv_ws/install/my_bringup
[2.219s] DEBUG:colcon.colcon_core.event_handler.log_command:Invoked command in '/home/student/nrs_lv_ws/build/my_bringup' returned '0': AMENT_PREFIX_PATH=/home/student/nrs_lv_ws/install/py_pkg:/home/student/nrs_lv_ws/install/my_interfaces:/home/student/nrs_lv_ws/install/cpp_pkg:/opt/ros/jazzy CMAKE_PREFIX_PATH=${CMAKE_PREFIX_PATH}:/home/student/nrs_lv_ws/install/py_pkg:/opt/ros/jazzy DEBUGINFOD_URLS=https://debuginfod.ubuntu.com PYTHONPATH=/home/student/nrs_lv_ws/install/py_pkg/lib/python3.12/site-packages:/home/student/nrs_lv_ws/install/my_interfaces/lib/python3.12/site-packages:/opt/ros/jazzy/lib/python3.12/site-packages /usr/bin/cmake /home/student/nrs_lv_ws/src/my_bringup -DCMAKE_INSTALL_PREFIX=/home/student/nrs_lv_ws/install/my_bringup
[2.219s] DEBUG:colcon.colcon_core.event_handler.log_command:Invoking command in '/home/student/nrs_lv_ws/build/my_bringup': AMENT_PREFIX_PATH=/home/student/nrs_lv_ws/install/py_pkg:/home/student/nrs_lv_ws/install/my_interfaces:/home/student/nrs_lv_ws/install/cpp_pkg:/opt/ros/jazzy CMAKE_PREFIX_PATH=${CMAKE_PREFIX_PATH}:/home/student/nrs_lv_ws/install/py_pkg:/opt/ros/jazzy DEBUGINFOD_URLS=https://debuginfod.ubuntu.com PYTHONPATH=/home/student/nrs_lv_ws/install/py_pkg/lib/python3.12/site-packages:/home/student/nrs_lv_ws/install/my_interfaces/lib/python3.12/site-packages:/opt/ros/jazzy/lib/python3.12/site-packages /usr/bin/cmake --build /home/student/nrs_lv_ws/build/my_bringup -- -j16 -l16
[2.258s] DEBUG:colcon.colcon_core.event_handler.log_command:Invoked command in '/home/student/nrs_lv_ws/build/my_bringup' returned '0': AMENT_PREFIX_PATH=/home/student/nrs_lv_ws/install/py_pkg:/home/student/nrs_lv_ws/install/my_interfaces:/home/student/nrs_lv_ws/install/cpp_pkg:/opt/ros/jazzy CMAKE_PREFIX_PATH=${CMAKE_PREFIX_PATH}:/home/student/nrs_lv_ws/install/py_pkg:/opt/ros/jazzy DEBUGINFOD_URLS=https://debuginfod.ubuntu.com PYTHONPATH=/home/student/nrs_lv_ws/install/py_pkg/lib/python3.12/site-packages:/home/student/nrs_lv_ws/install/my_interfaces/lib/python3.12/site-packages:/opt/ros/jazzy/lib/python3.12/site-packages /usr/bin/cmake --build /home/student/nrs_lv_ws/build/my_bringup -- -j16 -l16
[2.260s] DEBUG:colcon.colcon_core.event_handler.log_command:Invoking command in '/home/student/nrs_lv_ws/build/my_bringup': AMENT_PREFIX_PATH=/home/student/nrs_lv_ws/install/py_pkg:/home/student/nrs_lv_ws/install/my_interfaces:/home/student/nrs_lv_ws/install/cpp_pkg:/opt/ros/jazzy CMAKE_PREFIX_PATH=${CMAKE_PREFIX_PATH}:/home/student/nrs_lv_ws/install/py_pkg:/opt/ros/jazzy DEBUGINFOD_URLS=https://debuginfod.ubuntu.com PYTHONPATH=/home/student/nrs_lv_ws/install/py_pkg/lib/python3.12/site-packages:/home/student/nrs_lv_ws/install/my_interfaces/lib/python3.12/site-packages:/opt/ros/jazzy/lib/python3.12/site-packages /usr/bin/cmake --install /home/student/nrs_lv_ws/build/my_bringup
[2.280s] Level 1:colcon.colcon_core.environment:create_environment_scripts_only(my_bringup)
[2.280s] DEBUG:colcon.colcon_core.event_handler.log_command:Invoked command in '/home/student/nrs_lv_ws/build/my_bringup' returned '0': AMENT_PREFIX_PATH=/home/student/nrs_lv_ws/install/py_pkg:/home/student/nrs_lv_ws/install/my_interfaces:/home/student/nrs_lv_ws/install/cpp_pkg:/opt/ros/jazzy CMAKE_PREFIX_PATH=${CMAKE_PREFIX_PATH}:/home/student/nrs_lv_ws/install/py_pkg:/opt/ros/jazzy DEBUGINFOD_URLS=https://debuginfod.ubuntu.com PYTHONPATH=/home/student/nrs_lv_ws/install/py_pkg/lib/python3.12/site-packages:/home/student/nrs_lv_ws/install/my_interfaces/lib/python3.12/site-packages:/opt/ros/jazzy/lib/python3.12/site-packages /usr/bin/cmake --install /home/student/nrs_lv_ws/build/my_bringup
[2.280s] Level 1:colcon.colcon_core.environment:checking '/home/student/nrs_lv_ws/install/my_bringup' for CMake module files
[2.280s] Level 1:colcon.colcon_core.environment:checking '/home/student/nrs_lv_ws/install/my_bringup' for CMake config files
[2.280s] Level 1:colcon.colcon_core.shell:create_environment_hook('my_bringup', 'cmake_prefix_path')
[2.281s] INFO:colcon.colcon_core.shell:Creating environment hook '/home/student/nrs_lv_ws/install/my_bringup/share/my_bringup/hook/cmake_prefix_path.ps1'
[2.281s] INFO:colcon.colcon_core.shell:Creating environment descriptor '/home/student/nrs_lv_ws/install/my_bringup/share/my_bringup/hook/cmake_prefix_path.dsv'
[2.282s] INFO:colcon.colcon_core.shell:Creating environment hook '/home/student/nrs_lv_ws/install/my_bringup/share/my_bringup/hook/cmake_prefix_path.sh'
[2.283s] Level 1:colcon.colcon_core.environment:checking '/home/student/nrs_lv_ws/install/my_bringup/bin'
[2.283s] Level 1:colcon.colcon_core.environment:checking '/home/student/nrs_lv_ws/install/my_bringup/lib/pkgconfig/my_bringup.pc'
[2.283s] Level 1:colcon.colcon_core.environment:checking '/home/student/nrs_lv_ws/install/my_bringup/lib/python3.12/site-packages'
[2.284s] Level 1:colcon.colcon_core.environment:checking '/home/student/nrs_lv_ws/install/my_bringup/bin'
[2.284s] INFO:colcon.colcon_core.shell:Creating package script '/home/student/nrs_lv_ws/install/my_bringup/share/my_bringup/package.ps1'
[2.285s] INFO:colcon.colcon_core.shell:Creating package descriptor '/home/student/nrs_lv_ws/install/my_bringup/share/my_bringup/package.dsv'
[2.286s] INFO:colcon.colcon_core.shell:Creating package script '/home/student/nrs_lv_ws/install/my_bringup/share/my_bringup/package.sh'
[2.287s] INFO:colcon.colcon_core.shell:Creating package script '/home/student/nrs_lv_ws/install/my_bringup/share/my_bringup/package.bash'
[2.288s] INFO:colcon.colcon_core.shell:Creating package script '/home/student/nrs_lv_ws/install/my_bringup/share/my_bringup/package.zsh'
[2.288s] Level 1:colcon.colcon_core.environment:create_file_with_runtime_dependencies(/home/student/nrs_lv_ws/install/my_bringup/share/colcon-core/packages/my_bringup)
[2.289s] Level 1:colcon.colcon_core.environment:create_environment_scripts_only(my_bringup)
[2.289s] Level 1:colcon.colcon_core.environment:checking '/home/student/nrs_lv_ws/install/my_bringup' for CMake module files
[2.290s] Level 1:colcon.colcon_core.environment:checking '/home/student/nrs_lv_ws/install/my_bringup' for CMake config files
[2.290s] Level 1:colcon.colcon_core.shell:create_environment_hook('my_bringup', 'cmake_prefix_path')
[2.290s] INFO:colcon.colcon_core.shell:Creating environment hook '/home/student/nrs_lv_ws/install/my_bringup/share/my_bringup/hook/cmake_prefix_path.ps1'
[2.291s] INFO:colcon.colcon_core.shell:Creating environment descriptor '/home/student/nrs_lv_ws/install/my_bringup/share/my_bringup/hook/cmake_prefix_path.dsv'
[2.291s] INFO:colcon.colcon_core.shell:Creating environment hook '/home/student/nrs_lv_ws/install/my_bringup/share/my_bringup/hook/cmake_prefix_path.sh'
[2.292s] Level 1:colcon.colcon_core.environment:checking '/home/student/nrs_lv_ws/install/my_bringup/bin'
[2.292s] Level 1:colcon.colcon_core.environment:checking '/home/student/nrs_lv_ws/install/my_bringup/lib/pkgconfig/my_bringup.pc'
[2.292s] Level 1:colcon.colcon_core.environment:checking '/home/student/nrs_lv_ws/install/my_bringup/lib/python3.12/site-packages'
[2.293s] Level 1:colcon.colcon_core.environment:checking '/home/student/nrs_lv_ws/install/my_bringup/bin'
[2.293s] INFO:colcon.colcon_core.shell:Creating package script '/home/student/nrs_lv_ws/install/my_bringup/share/my_bringup/package.ps1'
[2.293s] INFO:colcon.colcon_core.shell:Creating package descriptor '/home/student/nrs_lv_ws/install/my_bringup/share/my_bringup/package.dsv'
[2.294s] INFO:colcon.colcon_core.shell:Creating package script '/home/student/nrs_lv_ws/install/my_bringup/share/my_bringup/package.sh'
[2.294s] INFO:colcon.colcon_core.shell:Creating package script '/home/student/nrs_lv_ws/install/my_bringup/share/my_bringup/package.bash'
[2.295s] INFO:colcon.colcon_core.shell:Creating package script '/home/student/nrs_lv_ws/install/my_bringup/share/my_bringup/package.zsh'
[2.295s] Level 1:colcon.colcon_core.environment:create_file_with_runtime_dependencies(/home/student/nrs_lv_ws/install/my_bringup/share/colcon-core/packages/my_bringup)
[2.295s] DEBUG:colcon.colcon_parallel_executor.executor.parallel:closing loop
[2.295s] DEBUG:colcon.colcon_parallel_executor.executor.parallel:loop closed
[2.295s] DEBUG:colcon.colcon_parallel_executor.executor.parallel:run_until_complete finished with '0'
[2.295s] DEBUG:colcon.colcon_core.event_reactor:joining thread
[2.302s] INFO:colcon.colcon_core.plugin_system:Skipping extension 'colcon_notification.desktop_notification.terminal_notifier': Not used on non-Darwin systems
[2.302s] INFO:colcon.colcon_core.plugin_system:Skipping extension 'colcon_notification.desktop_notification.win32': Not used on non-Windows systems
[2.302s] INFO:colcon.colcon_notification.desktop_notification:Sending desktop notification using 'notify2'
[2.340s] DEBUG:colcon.colcon_core.event_reactor:joined thread
[2.340s] INFO:colcon.colcon_core.shell:Creating prefix script '/home/student/nrs_lv_ws/install/local_setup.ps1'
[2.341s] INFO:colcon.colcon_core.shell:Creating prefix util module '/home/student/nrs_lv_ws/install/_local_setup_util_ps1.py'
[2.342s] INFO:colcon.colcon_core.shell:Creating prefix chain script '/home/student/nrs_lv_ws/install/setup.ps1'
[2.342s] INFO:colcon.colcon_core.shell:Creating prefix script '/home/student/nrs_lv_ws/install/local_setup.sh'
[2.342s] INFO:colcon.colcon_core.shell:Creating prefix util module '/home/student/nrs_lv_ws/install/_local_setup_util_sh.py'
[2.343s] INFO:colcon.colcon_core.shell:Creating prefix chain script '/home/student/nrs_lv_ws/install/setup.sh'
[2.343s] INFO:colcon.colcon_core.shell:Creating prefix script '/home/student/nrs_lv_ws/install/local_setup.bash'
[2.344s] INFO:colcon.colcon_core.shell:Creating prefix chain script '/home/student/nrs_lv_ws/install/setup.bash'
[2.344s] INFO:colcon.colcon_core.shell:Creating prefix script '/home/student/nrs_lv_ws/install/local_setup.zsh'
[2.344s] INFO:colcon.colcon_core.shell:Creating prefix chain script '/home/student/nrs_lv_ws/install/setup.zsh'
