[0.008s] Invoking command in '/home/student/nrs_lv_ws/build/my_interfaces': CMAKE_PREFIX_PATH=${CMAKE_PREFIX_PATH}:/home/student/nrs_lv_ws/install/py_pkg:/opt/ros/jazzy DEBUGINFOD_URLS=https://debuginfod.ubuntu.com /usr/bin/cmake /home/student/nrs_lv_ws/src/my_interfaces -DCMAKE_INSTALL_PREFIX=/home/student/nrs_lv_ws/install/my_interfaces
[0.043s] -- The C compiler identification is GNU 13.3.0
[0.082s] -- The CXX compiler identification is GNU 13.3.0
[0.095s] -- Detecting C compiler ABI info
[0.157s] -- Detecting C compiler ABI info - done
[0.164s] -- Check for working C compiler: /usr/bin/cc - skipped
[0.164s] -- Detecting C compile features
[0.164s] -- Detecting C compile features - done
[0.171s] -- Detecting CXX compiler ABI info
[0.239s] -- Detecting CXX compiler ABI info - done
[0.245s] -- Check for working CXX compiler: /usr/bin/c++ - skipped
[0.245s] -- Detecting CXX compile features
[0.245s] -- Detecting CXX compile features - done
[0.248s] -- Found ament_cmake: 2.5.4 (/opt/ros/jazzy/share/ament_cmake/cmake)
[0.348s] -- Found Python3: /usr/bin/python3 (found version "3.12.3") found components: Interpreter 
[0.423s] -- Found rclcpp: 28.1.12 (/opt/ros/jazzy/share/rclcpp/cmake)
[0.454s] -- Found rosidl_generator_c: 4.6.6 (/opt/ros/jazzy/share/rosidl_generator_c/cmake)
[0.465s] -- Found rosidl_generator_cpp: 4.6.6 (/opt/ros/jazzy/share/rosidl_generator_cpp/cmake)
[0.477s] -- Using all available rosidl_typesupport_c: rosidl_typesupport_fastrtps_c;rosidl_typesupport_introspection_c
[0.490s] -- Using all available rosidl_typesupport_cpp: rosidl_typesupport_fastrtps_cpp;rosidl_typesupport_introspection_cpp
[0.544s] -- Found rmw_implementation_cmake: 7.3.2 (/opt/ros/jazzy/share/rmw_implementation_cmake/cmake)
[0.546s] -- Found rmw_fastrtps_cpp: 8.4.3 (/opt/ros/jazzy/share/rmw_fastrtps_cpp/cmake)
[0.611s] -- Found OpenSSL: /usr/lib/x86_64-linux-gnu/libcrypto.so (found version "3.0.13")  
[0.625s] -- Found FastRTPS: /opt/ros/jazzy/include (Required is at least version "2.13") 
[0.645s] -- Using RMW implementation 'rmw_fastrtps_cpp' as default
[0.697s] -- Found rosidl_default_generators: 1.6.0 (/opt/ros/jazzy/share/rosidl_default_generators/cmake)
[0.713s] -- Found rosidl_adapter: 4.6.6 (/opt/ros/jazzy/share/rosidl_adapter/cmake)
[0.882s] [31mCMake Error at /opt/ros/jazzy/share/rosidl_adapter/cmake/rosidl_adapt_interfaces.cmake:57 (message):
[0.882s]   execute_process(/usr/bin/python3 -m rosidl_adapter --package-name
[0.882s]   my_interfaces --arguments-file
[0.882s]   /home/student/nrs_lv_ws/build/my_interfaces/rosidl_adapter__arguments__my_interfaces.json
[0.882s]   --output-dir
[0.882s]   /home/student/nrs_lv_ws/build/my_interfaces/rosidl_adapter/my_interfaces
[0.882s]   --output-file
[0.882s]   /home/student/nrs_lv_ws/build/my_interfaces/rosidl_adapter/my_interfaces.idls)
[0.882s]   returned error code 1:
[0.882s] 
[0.882s]   Traceback (most recent call last):
[0.882s] 
[0.882s]     File "<frozen runpy>", line 198, in _run_module_as_main
[0.882s]     File "<frozen runpy>", line 88, in _run_code
[0.882s]     File "/opt/ros/jazzy/lib/python3.12/site-packages/rosidl_adapter/__main__.py", line 19, in <module>
[0.882s]       sys.exit(main())
[0.882s]                ^^^^^^
[0.882s]     File "/opt/ros/jazzy/lib/python3.12/site-packages/rosidl_adapter/main.py", line 53, in main
[0.882s]       abs_idl_file = convert_to_idl(
[0.882s]                      ^^^^^^^^^^^^^^^
[0.883s]     File "/opt/ros/jazzy/lib/python3.12/site-packages/rosidl_adapter/__init__.py", line 19, in convert_to_idl
[0.883s]       return convert_msg_to_idl(
[0.883s]              ^^^^^^^^^^^^^^^^^^^
[0.883s]     File "/opt/ros/jazzy/lib/python3.12/site-packages/rosidl_adapter/msg/__init__.py", line 28, in convert_msg_to_idl
[0.883s]       msg = parse_message_string(package_name, input_file.stem, content)
[0.883s]             ^^^^^^^^^^^^^^^^^^^^^^^^^^^^^^^^^^^^^^^^^^^^^^^^^^^^^^^^^^^^
[0.883s]     File "/opt/ros/jazzy/lib/python3.12/site-packages/rosidl_adapter/parser.py", line 545, in parse_message_string
[0.883s]       msg = MessageSpecification(pkg_name, msg_name, fields, constants)
[0.883s]             ^^^^^^^^^^^^^^^^^^^^^^^^^^^^^^^^^^^^^^^^^^^^^^^^^^^^^^^^^^^
[0.883s]     File "/opt/ros/jazzy/lib/python3.12/site-packages/rosidl_adapter/parser.py", line 389, in __init__
[0.883s]       self.base_type = BaseType(
[0.883s]                        ^^^^^^^^^
[0.883s]     File "/opt/ros/jazzy/lib/python3.12/site-packages/rosidl_adapter/parser.py", line 206, in __init__
[0.883s]       raise InvalidResourceName(
[0.883s] 
[0.883s]   rosidl_adapter.parser.InvalidResourceName: 'complex' is an invalid message
[0.883s]   name.  It should have the pattern '^[A-Z][A-Za-z0-9]*$'
[0.883s] 
[0.883s] Call Stack (most recent call first):
[0.883s]   /opt/ros/jazzy/share/rosidl_cmake/cmake/rosidl_generate_interfaces.cmake:132 (rosidl_adapt_interfaces)
[0.883s]   CMakeLists.txt:14 (rosidl_generate_interfaces)
[0.883s] 
[0.883s] [0m
[0.883s] -- Configuring incomplete, errors occurred!
[0.889s] Invoked command in '/home/student/nrs_lv_ws/build/my_interfaces' returned '1': CMAKE_PREFIX_PATH=${CMAKE_PREFIX_PATH}:/home/student/nrs_lv_ws/install/py_pkg:/opt/ros/jazzy DEBUGINFOD_URLS=https://debuginfod.ubuntu.com /usr/bin/cmake /home/student/nrs_lv_ws/src/my_interfaces -DCMAKE_INSTALL_PREFIX=/home/student/nrs_lv_ws/install/my_interfaces
