-- Found ament_cmake: 2.5.4 (/opt/ros/jazzy/share/ament_cmake/cmake)
-- Found rclcpp: 28.1.12 (/opt/ros/jazzy/share/rclcpp/cmake)
-- Found rosidl_generator_c: 4.6.6 (/opt/ros/jazzy/share/rosidl_generator_c/cmake)
-- Found rosidl_generator_cpp: 4.6.6 (/opt/ros/jazzy/share/rosidl_generator_cpp/cmake)
-- Using all available rosidl_typesupport_c: rosidl_typesupport_fastrtps_c;rosidl_typesupport_introspection_c
-- Using all available rosidl_typesupport_cpp: rosidl_typesupport_fastrtps_cpp;rosidl_typesupport_introspection_cpp
-- Found rmw_implementation_cmake: 7.3.2 (/opt/ros/jazzy/share/rmw_implementation_cmake/cmake)
-- Found rmw_fastrtps_cpp: 8.4.3 (/opt/ros/jazzy/share/rmw_fastrtps_cpp/cmake)
-- Using RMW implementation 'rmw_fastrtps_cpp' as default
-- Found rosidl_default_generators: 1.6.0 (/opt/ros/jazzy/share/rosidl_default_generators/cmake)
-- Found rosidl_adapter: 4.6.6 (/opt/ros/jazzy/share/rosidl_adapter/cmake)
-- Found ament_cmake_ros: 0.12.0 (/opt/ros/jazzy/share/ament_cmake_ros/cmake)
-- Using all available rosidl_typesupport_c: rosidl_typesupport_fastrtps_c;rosidl_typesupport_introspection_c
-- Using all available rosidl_typesupport_cpp: rosidl_typesupport_fastrtps_cpp;rosidl_typesupport_introspection_cpp
-- Found python_cmake_module: 0.11.1 (/opt/ros/jazzy/share/python_cmake_module/cmake)
-- Found PythonExtra: /usr/bin/python3  
-- Found Python3: /usr/bin/python3 (found version "3.12.3") found components: Interpreter Development NumPy Development.Module Development.Embed 
-- Configuring done (1.8s)
-- Generating done (0.0s)
-- Build files have been written to: /home/student/nrs_lv_ws/build/my_interfaces
[  2%] [34m[1mGenerating type hashes for ROS interfaces[0m
[  2%] Built target ament_cmake_python_copy_my_interfaces
[  2%] Built target my_interfaces__rosidl_generator_type_description
[  5%] [34m[1mGenerating C code for ROS interfaces[0m
[  8%] [34m[1mGenerating C++ code for ROS interfaces[0m
running egg_info
creating my_interfaces.egg-info
writing my_interfaces.egg-info/PKG-INFO
writing dependency_links to my_interfaces.egg-info/dependency_links.txt
writing top-level names to my_interfaces.egg-info/top_level.txt
writing manifest file 'my_interfaces.egg-info/SOURCES.txt'
reading manifest file 'my_interfaces.egg-info/SOURCES.txt'
writing manifest file 'my_interfaces.egg-info/SOURCES.txt'
[  8%] Built target ament_cmake_python_build_my_interfaces_egg
[  8%] Built target my_interfaces__cpp
[ 11%] [32mBuilding C object CMakeFiles/my_interfaces__rosidl_generator_c.dir/rosidl_generator_c/my_interfaces/msg/detail/complex__type_support.c.o[0m
[ 14%] [32mBuilding C object CMakeFiles/my_interfaces__rosidl_generator_c.dir/rosidl_generator_c/my_interfaces/msg/detail/complex__description.c.o[0m
[ 17%] [32mBuilding C object CMakeFiles/my_interfaces__rosidl_generator_c.dir/rosidl_generator_c/my_interfaces/msg/detail/complex__functions.c.o[0m
[ 20%] [32m[1mLinking C shared library libmy_interfaces__rosidl_generator_c.so[0m
[ 20%] Built target my_interfaces__rosidl_generator_c
[ 35%] [34m[1mGenerating C introspection for ROS interfaces[0m
[ 35%] [34m[1mGenerating C++ type support for eProsima Fast-RTPS[0m
[ 35%] [34m[1mGenerating C++ introspection for ROS interfaces[0m
[ 35%] [34m[1mGenerating C type support for eProsima Fast-RTPS[0m
[ 38%] [34m[1mGenerating C type support dispatch for ROS interfaces[0m
[ 35%] [34m[1mGenerating C++ type support dispatch for ROS interfaces[0m
[ 41%] [32mBuilding CXX object CMakeFiles/my_interfaces__rosidl_typesupport_c.dir/rosidl_typesupport_c/my_interfaces/msg/complex__type_support.cpp.o[0m
[ 44%] [32mBuilding CXX object CMakeFiles/my_interfaces__rosidl_typesupport_cpp.dir/rosidl_typesupport_cpp/my_interfaces/msg/complex__type_support.cpp.o[0m
[ 47%] [32mBuilding CXX object CMakeFiles/my_interfaces__rosidl_typesupport_introspection_cpp.dir/rosidl_typesupport_introspection_cpp/my_interfaces/msg/detail/complex__type_support.cpp.o[0m
[ 50%] [32mBuilding C object CMakeFiles/my_interfaces__rosidl_typesupport_introspection_c.dir/rosidl_typesupport_introspection_c/my_interfaces/msg/detail/complex__type_support.c.o[0m
[ 52%] [32mBuilding CXX object CMakeFiles/my_interfaces__rosidl_typesupport_fastrtps_cpp.dir/rosidl_typesupport_fastrtps_cpp/my_interfaces/msg/detail/dds_fastrtps/complex__type_support.cpp.o[0m
[ 55%] [32mBuilding CXX object CMakeFiles/my_interfaces__rosidl_typesupport_fastrtps_c.dir/rosidl_typesupport_fastrtps_c/my_interfaces/msg/detail/complex__type_support_c.cpp.o[0m
[ 58%] [32m[1mLinking CXX shared library libmy_interfaces__rosidl_typesupport_c.so[0m
[ 61%] [32m[1mLinking C shared library libmy_interfaces__rosidl_typesupport_introspection_c.so[0m
[ 61%] Built target my_interfaces__rosidl_typesupport_c
[ 61%] Built target my_interfaces__rosidl_typesupport_introspection_c
[ 64%] [32m[1mLinking CXX shared library libmy_interfaces__rosidl_typesupport_cpp.so[0m
[ 67%] [32m[1mLinking CXX shared library libmy_interfaces__rosidl_typesupport_introspection_cpp.so[0m
[ 67%] Built target my_interfaces__rosidl_typesupport_cpp
[ 67%] Built target my_interfaces__rosidl_typesupport_introspection_cpp
[ 70%] [32m[1mLinking CXX shared library libmy_interfaces__rosidl_typesupport_fastrtps_cpp.so[0m
[ 73%] [32m[1mLinking CXX shared library libmy_interfaces__rosidl_typesupport_fastrtps_c.so[0m
[ 73%] Built target my_interfaces__rosidl_typesupport_fastrtps_c
[ 73%] Built target my_interfaces__rosidl_typesupport_fastrtps_cpp
[ 73%] Built target my_interfaces
[ 76%] [34m[1mGenerating Python code for ROS interfaces[0m
[ 76%] Built target my_interfaces__py
[ 79%] [32mBuilding C object CMakeFiles/my_interfaces__rosidl_generator_py.dir/rosidl_generator_py/my_interfaces/msg/_complex_s.c.o[0m
[ 82%] [32m[1mLinking C shared library libmy_interfaces__rosidl_generator_py.so[0m
[ 82%] Built target my_interfaces__rosidl_generator_py
[ 85%] [32mBuilding C object CMakeFiles/my_interfaces_s__rosidl_typesupport_fastrtps_c.dir/rosidl_generator_py/my_interfaces/_my_interfaces_s.ep.rosidl_typesupport_fastrtps_c.c.o[0m
[ 88%] [32mBuilding C object CMakeFiles/my_interfaces_s__rosidl_typesupport_introspection_c.dir/rosidl_generator_py/my_interfaces/_my_interfaces_s.ep.rosidl_typesupport_introspection_c.c.o[0m
[ 91%] [32mBuilding C object CMakeFiles/my_interfaces_s__rosidl_typesupport_c.dir/rosidl_generator_py/my_interfaces/_my_interfaces_s.ep.rosidl_typesupport_c.c.o[0m
[ 94%] [32m[1mLinking C shared module rosidl_generator_py/my_interfaces/my_interfaces_s__rosidl_typesupport_introspection_c.so[0m
[ 97%] [32m[1mLinking C shared module rosidl_generator_py/my_interfaces/my_interfaces_s__rosidl_typesupport_fastrtps_c.so[0m
[100%] [32m[1mLinking C shared module rosidl_generator_py/my_interfaces/my_interfaces_s__rosidl_typesupport_c.so[0m
[100%] Built target my_interfaces_s__rosidl_typesupport_introspection_c
[100%] Built target my_interfaces_s__rosidl_typesupport_fastrtps_c
[100%] Built target my_interfaces_s__rosidl_typesupport_c
-- Install configuration: ""
-- Installing: /home/student/nrs_lv_ws/install/my_interfaces/share/ament_index/resource_index/rosidl_interfaces/my_interfaces
-- Installing: /home/student/nrs_lv_ws/install/my_interfaces/share/my_interfaces/msg/Complex.json
-- Installing: /home/student/nrs_lv_ws/install/my_interfaces/include/my_interfaces/my_interfaces
-- Installing: /home/student/nrs_lv_ws/install/my_interfaces/include/my_interfaces/my_interfaces/msg
-- Installing: /home/student/nrs_lv_ws/install/my_interfaces/include/my_interfaces/my_interfaces/msg/detail
-- Installing: /home/student/nrs_lv_ws/install/my_interfaces/include/my_interfaces/my_interfaces/msg/detail/complex__functions.c
-- Installing: /home/student/nrs_lv_ws/install/my_interfaces/include/my_interfaces/my_interfaces/msg/detail/complex__struct.h
-- Installing: /home/student/nrs_lv_ws/install/my_interfaces/include/my_interfaces/my_interfaces/msg/detail/complex__type_support.c
-- Installing: /home/student/nrs_lv_ws/install/my_interfaces/include/my_interfaces/my_interfaces/msg/detail/complex__description.c
-- Installing: /home/student/nrs_lv_ws/install/my_interfaces/include/my_interfaces/my_interfaces/msg/detail/complex__functions.h
-- Installing: /home/student/nrs_lv_ws/install/my_interfaces/include/my_interfaces/my_interfaces/msg/detail/complex__type_support.h
-- Installing: /home/student/nrs_lv_ws/install/my_interfaces/include/my_interfaces/my_interfaces/msg/rosidl_generator_c__visibility_control.h
-- Installing: /home/student/nrs_lv_ws/install/my_interfaces/include/my_interfaces/my_interfaces/msg/complex.h
-- Installing: /home/student/nrs_lv_ws/install/my_interfaces/share/my_interfaces/environment/library_path.sh
-- Installing: /home/student/nrs_lv_ws/install/my_interfaces/share/my_interfaces/environment/library_path.dsv
-- Installing: /home/student/nrs_lv_ws/install/my_interfaces/lib/libmy_interfaces__rosidl_generator_c.so
-- Set non-toolchain portion of runtime path of "/home/student/nrs_lv_ws/install/my_interfaces/lib/libmy_interfaces__rosidl_generator_c.so" to ""
-- Up-to-date: /home/student/nrs_lv_ws/install/my_interfaces/include/my_interfaces/my_interfaces
-- Up-to-date: /home/student/nrs_lv_ws/install/my_interfaces/include/my_interfaces/my_interfaces/msg
-- Up-to-date: /home/student/nrs_lv_ws/install/my_interfaces/include/my_interfaces/my_interfaces/msg/detail
-- Installing: /home/student/nrs_lv_ws/install/my_interfaces/include/my_interfaces/my_interfaces/msg/detail/complex__rosidl_typesupport_fastrtps_c.h
-- Installing: /home/student/nrs_lv_ws/install/my_interfaces/include/my_interfaces/my_interfaces/msg/rosidl_typesupport_fastrtps_c__visibility_control.h
-- Installing: /home/student/nrs_lv_ws/install/my_interfaces/lib/libmy_interfaces__rosidl_typesupport_fastrtps_c.so
-- Set non-toolchain portion of runtime path of "/home/student/nrs_lv_ws/install/my_interfaces/lib/libmy_interfaces__rosidl_typesupport_fastrtps_c.so" to ""
-- Up-to-date: /home/student/nrs_lv_ws/install/my_interfaces/include/my_interfaces/my_interfaces
-- Up-to-date: /home/student/nrs_lv_ws/install/my_interfaces/include/my_interfaces/my_interfaces/msg
-- Up-to-date: /home/student/nrs_lv_ws/install/my_interfaces/include/my_interfaces/my_interfaces/msg/detail
-- Installing: /home/student/nrs_lv_ws/install/my_interfaces/include/my_interfaces/my_interfaces/msg/detail/complex__traits.hpp
-- Installing: /home/student/nrs_lv_ws/install/my_interfaces/include/my_interfaces/my_interfaces/msg/detail/complex__builder.hpp
-- Installing: /home/student/nrs_lv_ws/install/my_interfaces/include/my_interfaces/my_interfaces/msg/detail/complex__type_support.hpp
-- Installing: /home/student/nrs_lv_ws/install/my_interfaces/include/my_interfaces/my_interfaces/msg/detail/complex__struct.hpp
-- Installing: /home/student/nrs_lv_ws/install/my_interfaces/include/my_interfaces/my_interfaces/msg/rosidl_generator_cpp__visibility_control.hpp
-- Installing: /home/student/nrs_lv_ws/install/my_interfaces/include/my_interfaces/my_interfaces/msg/complex.hpp
-- Up-to-date: /home/student/nrs_lv_ws/install/my_interfaces/include/my_interfaces/my_interfaces
-- Up-to-date: /home/student/nrs_lv_ws/install/my_interfaces/include/my_interfaces/my_interfaces/msg
-- Up-to-date: /home/student/nrs_lv_ws/install/my_interfaces/include/my_interfaces/my_interfaces/msg/detail
-- Installing: /home/student/nrs_lv_ws/install/my_interfaces/include/my_interfaces/my_interfaces/msg/detail/complex__rosidl_typesupport_fastrtps_cpp.hpp
-- Installing: /home/student/nrs_lv_ws/install/my_interfaces/include/my_interfaces/my_interfaces/msg/detail/dds_fastrtps
-- Installing: /home/student/nrs_lv_ws/install/my_interfaces/include/my_interfaces/my_interfaces/msg/rosidl_typesupport_fastrtps_cpp__visibility_control.h
-- Installing: /home/student/nrs_lv_ws/install/my_interfaces/lib/libmy_interfaces__rosidl_typesupport_fastrtps_cpp.so
-- Set non-toolchain portion of runtime path of "/home/student/nrs_lv_ws/install/my_interfaces/lib/libmy_interfaces__rosidl_typesupport_fastrtps_cpp.so" to ""
-- Up-to-date: /home/student/nrs_lv_ws/install/my_interfaces/include/my_interfaces/my_interfaces
-- Up-to-date: /home/student/nrs_lv_ws/install/my_interfaces/include/my_interfaces/my_interfaces/msg
-- Up-to-date: /home/student/nrs_lv_ws/install/my_interfaces/include/my_interfaces/my_interfaces/msg/detail
-- Installing: /home/student/nrs_lv_ws/install/my_interfaces/include/my_interfaces/my_interfaces/msg/detail/complex__rosidl_typesupport_introspection_c.h
-- Up-to-date: /home/student/nrs_lv_ws/install/my_interfaces/include/my_interfaces/my_interfaces/msg/detail/complex__type_support.c
-- Installing: /home/student/nrs_lv_ws/install/my_interfaces/include/my_interfaces/my_interfaces/msg/rosidl_typesupport_introspection_c__visibility_control.h
-- Installing: /home/student/nrs_lv_ws/install/my_interfaces/lib/libmy_interfaces__rosidl_typesupport_introspection_c.so
-- Set non-toolchain portion of runtime path of "/home/student/nrs_lv_ws/install/my_interfaces/lib/libmy_interfaces__rosidl_typesupport_introspection_c.so" to ""
-- Installing: /home/student/nrs_lv_ws/install/my_interfaces/lib/libmy_interfaces__rosidl_typesupport_c.so
-- Set non-toolchain portion of runtime path of "/home/student/nrs_lv_ws/install/my_interfaces/lib/libmy_interfaces__rosidl_typesupport_c.so" to ""
-- Up-to-date: /home/student/nrs_lv_ws/install/my_interfaces/include/my_interfaces/my_interfaces
-- Up-to-date: /home/student/nrs_lv_ws/install/my_interfaces/include/my_interfaces/my_interfaces/msg
-- Up-to-date: /home/student/nrs_lv_ws/install/my_interfaces/include/my_interfaces/my_interfaces/msg/detail
-- Installing: /home/student/nrs_lv_ws/install/my_interfaces/include/my_interfaces/my_interfaces/msg/detail/complex__rosidl_typesupport_introspection_cpp.hpp
-- Installing: /home/student/nrs_lv_ws/install/my_interfaces/include/my_interfaces/my_interfaces/msg/detail/complex__type_support.cpp
-- Installing: /home/student/nrs_lv_ws/install/my_interfaces/lib/libmy_interfaces__rosidl_typesupport_introspection_cpp.so
-- Set non-toolchain portion of runtime path of "/home/student/nrs_lv_ws/install/my_interfaces/lib/libmy_interfaces__rosidl_typesupport_introspection_cpp.so" to ""
-- Installing: /home/student/nrs_lv_ws/install/my_interfaces/lib/libmy_interfaces__rosidl_typesupport_cpp.so
-- Set non-toolchain portion of runtime path of "/home/student/nrs_lv_ws/install/my_interfaces/lib/libmy_interfaces__rosidl_typesupport_cpp.so" to ""
-- Installing: /home/student/nrs_lv_ws/install/my_interfaces/share/my_interfaces/environment/pythonpath.sh
-- Installing: /home/student/nrs_lv_ws/install/my_interfaces/share/my_interfaces/environment/pythonpath.dsv
-- Installing: /home/student/nrs_lv_ws/install/my_interfaces/lib/python3.12/site-packages/my_interfaces-0.0.0-py3.12.egg-info
-- Installing: /home/student/nrs_lv_ws/install/my_interfaces/lib/python3.12/site-packages/my_interfaces-0.0.0-py3.12.egg-info/dependency_links.txt
-- Installing: /home/student/nrs_lv_ws/install/my_interfaces/lib/python3.12/site-packages/my_interfaces-0.0.0-py3.12.egg-info/top_level.txt
-- Installing: /home/student/nrs_lv_ws/install/my_interfaces/lib/python3.12/site-packages/my_interfaces-0.0.0-py3.12.egg-info/SOURCES.txt
-- Installing: /home/student/nrs_lv_ws/install/my_interfaces/lib/python3.12/site-packages/my_interfaces-0.0.0-py3.12.egg-info/PKG-INFO
-- Installing: /home/student/nrs_lv_ws/install/my_interfaces/lib/python3.12/site-packages/my_interfaces
-- Installing: /home/student/nrs_lv_ws/install/my_interfaces/lib/python3.12/site-packages/my_interfaces/my_interfaces_s__rosidl_typesupport_fastrtps_c.so
-- Installing: /home/student/nrs_lv_ws/install/my_interfaces/lib/python3.12/site-packages/my_interfaces/my_interfaces_s__rosidl_typesupport_introspection_c.so
-- Installing: /home/student/nrs_lv_ws/install/my_interfaces/lib/python3.12/site-packages/my_interfaces/_my_interfaces_s.ep.rosidl_typesupport_introspection_c.c
-- Installing: /home/student/nrs_lv_ws/install/my_interfaces/lib/python3.12/site-packages/my_interfaces/_my_interfaces_s.ep.rosidl_typesupport_c.c
-- Installing: /home/student/nrs_lv_ws/install/my_interfaces/lib/python3.12/site-packages/my_interfaces/_my_interfaces_s.ep.rosidl_typesupport_fastrtps_c.c
-- Installing: /home/student/nrs_lv_ws/install/my_interfaces/lib/python3.12/site-packages/my_interfaces/__init__.py
-- Installing: /home/student/nrs_lv_ws/install/my_interfaces/lib/python3.12/site-packages/my_interfaces/msg
-- Installing: /home/student/nrs_lv_ws/install/my_interfaces/lib/python3.12/site-packages/my_interfaces/msg/_complex.py
-- Installing: /home/student/nrs_lv_ws/install/my_interfaces/lib/python3.12/site-packages/my_interfaces/msg/_complex_s.c
-- Installing: /home/student/nrs_lv_ws/install/my_interfaces/lib/python3.12/site-packages/my_interfaces/msg/__init__.py
-- Installing: /home/student/nrs_lv_ws/install/my_interfaces/lib/python3.12/site-packages/my_interfaces/my_interfaces_s__rosidl_typesupport_c.so
Listing '/home/student/nrs_lv_ws/install/my_interfaces/lib/python3.12/site-packages/my_interfaces'...
Compiling '/home/student/nrs_lv_ws/install/my_interfaces/lib/python3.12/site-packages/my_interfaces/__init__.py'...
Listing '/home/student/nrs_lv_ws/install/my_interfaces/lib/python3.12/site-packages/my_interfaces/msg'...
Compiling '/home/student/nrs_lv_ws/install/my_interfaces/lib/python3.12/site-packages/my_interfaces/msg/__init__.py'...
Compiling '/home/student/nrs_lv_ws/install/my_interfaces/lib/python3.12/site-packages/my_interfaces/msg/_complex.py'...
-- Installing: /home/student/nrs_lv_ws/install/my_interfaces/lib/python3.12/site-packages/my_interfaces/my_interfaces_s__rosidl_typesupport_fastrtps_c.so
-- Set non-toolchain portion of runtime path of "/home/student/nrs_lv_ws/install/my_interfaces/lib/python3.12/site-packages/my_interfaces/my_interfaces_s__rosidl_typesupport_fastrtps_c.so" to ""
-- Installing: /home/student/nrs_lv_ws/install/my_interfaces/lib/python3.12/site-packages/my_interfaces/my_interfaces_s__rosidl_typesupport_introspection_c.so
-- Set non-toolchain portion of runtime path of "/home/student/nrs_lv_ws/install/my_interfaces/lib/python3.12/site-packages/my_interfaces/my_interfaces_s__rosidl_typesupport_introspection_c.so" to ""
-- Installing: /home/student/nrs_lv_ws/install/my_interfaces/lib/python3.12/site-packages/my_interfaces/my_interfaces_s__rosidl_typesupport_c.so
-- Set non-toolchain portion of runtime path of "/home/student/nrs_lv_ws/install/my_interfaces/lib/python3.12/site-packages/my_interfaces/my_interfaces_s__rosidl_typesupport_c.so" to ""
-- Installing: /home/student/nrs_lv_ws/install/my_interfaces/lib/libmy_interfaces__rosidl_generator_py.so
-- Set non-toolchain portion of runtime path of "/home/student/nrs_lv_ws/install/my_interfaces/lib/libmy_interfaces__rosidl_generator_py.so" to ""
-- Installing: /home/student/nrs_lv_ws/install/my_interfaces/share/my_interfaces/msg/Complex.idl
-- Installing: /home/student/nrs_lv_ws/install/my_interfaces/share/my_interfaces/msg/Complex.msg
-- Installing: /home/student/nrs_lv_ws/install/my_interfaces/share/ament_index/resource_index/package_run_dependencies/my_interfaces
-- Installing: /home/student/nrs_lv_ws/install/my_interfaces/share/ament_index/resource_index/parent_prefix_path/my_interfaces
-- Installing: /home/student/nrs_lv_ws/install/my_interfaces/share/my_interfaces/environment/ament_prefix_path.sh
-- Installing: /home/student/nrs_lv_ws/install/my_interfaces/share/my_interfaces/environment/ament_prefix_path.dsv
-- Installing: /home/student/nrs_lv_ws/install/my_interfaces/share/my_interfaces/environment/path.sh
-- Installing: /home/student/nrs_lv_ws/install/my_interfaces/share/my_interfaces/environment/path.dsv
-- Installing: /home/student/nrs_lv_ws/install/my_interfaces/share/my_interfaces/local_setup.bash
-- Installing: /home/student/nrs_lv_ws/install/my_interfaces/share/my_interfaces/local_setup.sh
-- Installing: /home/student/nrs_lv_ws/install/my_interfaces/share/my_interfaces/local_setup.zsh
-- Installing: /home/student/nrs_lv_ws/install/my_interfaces/share/my_interfaces/local_setup.dsv
-- Installing: /home/student/nrs_lv_ws/install/my_interfaces/share/my_interfaces/package.dsv
-- Installing: /home/student/nrs_lv_ws/install/my_interfaces/share/ament_index/resource_index/packages/my_interfaces
-- Installing: /home/student/nrs_lv_ws/install/my_interfaces/share/my_interfaces/cmake/export_my_interfaces__rosidl_generator_cExport.cmake
-- Installing: /home/student/nrs_lv_ws/install/my_interfaces/share/my_interfaces/cmake/export_my_interfaces__rosidl_generator_cExport-noconfig.cmake
-- Installing: /home/student/nrs_lv_ws/install/my_interfaces/share/my_interfaces/cmake/export_my_interfaces__rosidl_typesupport_fastrtps_cExport.cmake
-- Installing: /home/student/nrs_lv_ws/install/my_interfaces/share/my_interfaces/cmake/export_my_interfaces__rosidl_typesupport_fastrtps_cExport-noconfig.cmake
-- Installing: /home/student/nrs_lv_ws/install/my_interfaces/share/my_interfaces/cmake/export_my_interfaces__rosidl_generator_cppExport.cmake
-- Installing: /home/student/nrs_lv_ws/install/my_interfaces/share/my_interfaces/cmake/export_my_interfaces__rosidl_typesupport_fastrtps_cppExport.cmake
-- Installing: /home/student/nrs_lv_ws/install/my_interfaces/share/my_interfaces/cmake/export_my_interfaces__rosidl_typesupport_fastrtps_cppExport-noconfig.cmake
-- Installing: /home/student/nrs_lv_ws/install/my_interfaces/share/my_interfaces/cmake/my_interfaces__rosidl_typesupport_introspection_cExport.cmake
-- Installing: /home/student/nrs_lv_ws/install/my_interfaces/share/my_interfaces/cmake/my_interfaces__rosidl_typesupport_introspection_cExport-noconfig.cmake
-- Installing: /home/student/nrs_lv_ws/install/my_interfaces/share/my_interfaces/cmake/my_interfaces__rosidl_typesupport_cExport.cmake
-- Installing: /home/student/nrs_lv_ws/install/my_interfaces/share/my_interfaces/cmake/my_interfaces__rosidl_typesupport_cExport-noconfig.cmake
-- Installing: /home/student/nrs_lv_ws/install/my_interfaces/share/my_interfaces/cmake/my_interfaces__rosidl_typesupport_introspection_cppExport.cmake
-- Installing: /home/student/nrs_lv_ws/install/my_interfaces/share/my_interfaces/cmake/my_interfaces__rosidl_typesupport_introspection_cppExport-noconfig.cmake
-- Installing: /home/student/nrs_lv_ws/install/my_interfaces/share/my_interfaces/cmake/my_interfaces__rosidl_typesupport_cppExport.cmake
-- Installing: /home/student/nrs_lv_ws/install/my_interfaces/share/my_interfaces/cmake/my_interfaces__rosidl_typesupport_cppExport-noconfig.cmake
-- Installing: /home/student/nrs_lv_ws/install/my_interfaces/share/my_interfaces/cmake/export_my_interfaces__rosidl_generator_pyExport.cmake
-- Installing: /home/student/nrs_lv_ws/install/my_interfaces/share/my_interfaces/cmake/export_my_interfaces__rosidl_generator_pyExport-noconfig.cmake
-- Installing: /home/student/nrs_lv_ws/install/my_interfaces/share/my_interfaces/cmake/rosidl_cmake-extras.cmake
-- Installing: /home/student/nrs_lv_ws/install/my_interfaces/share/my_interfaces/cmake/ament_cmake_export_include_directories-extras.cmake
-- Installing: /home/student/nrs_lv_ws/install/my_interfaces/share/my_interfaces/cmake/ament_cmake_export_libraries-extras.cmake
-- Installing: /home/student/nrs_lv_ws/install/my_interfaces/share/my_interfaces/cmake/ament_cmake_export_targets-extras.cmake
-- Installing: /home/student/nrs_lv_ws/install/my_interfaces/share/my_interfaces/cmake/rosidl_cmake_export_typesupport_targets-extras.cmake
-- Installing: /home/student/nrs_lv_ws/install/my_interfaces/share/my_interfaces/cmake/ament_cmake_export_dependencies-extras.cmake
-- Installing: /home/student/nrs_lv_ws/install/my_interfaces/share/my_interfaces/cmake/rosidl_cmake_export_typesupport_libraries-extras.cmake
-- Installing: /home/student/nrs_lv_ws/install/my_interfaces/share/my_interfaces/cmake/my_interfacesConfig.cmake
-- Installing: /home/student/nrs_lv_ws/install/my_interfaces/share/my_interfaces/cmake/my_interfacesConfig-version.cmake
-- Installing: /home/student/nrs_lv_ws/install/my_interfaces/share/my_interfaces/package.xml
