[0.008s] Invoking command in '/home/student/nrs_lv_ws/build/my_interfaces': CMAKE_PREFIX_PATH=${CMAKE_PREFIX_PATH}:/home/student/nrs_lv_ws/install/py_pkg:/opt/ros/jazzy DEBUGINFOD_URLS=https://debuginfod.ubuntu.com /usr/bin/cmake /home/student/nrs_lv_ws/src/my_interfaces -DCMAKE_INSTALL_PREFIX=/home/student/nrs_lv_ws/install/my_interfaces
[0.018s] -- Found ament_cmake: 2.5.4 (/opt/ros/jazzy/share/ament_cmake/cmake)
[0.158s] -- Found rclcpp: 28.1.12 (/opt/ros/jazzy/share/rclcpp/cmake)
[0.176s] -- Found rosidl_generator_c: 4.6.6 (/opt/ros/jazzy/share/rosidl_generator_c/cmake)
[0.182s] -- Found rosidl_generator_cpp: 4.6.6 (/opt/ros/jazzy/share/rosidl_generator_cpp/cmake)
[0.189s] -- Using all available rosidl_typesupport_c: rosidl_typesupport_fastrtps_c;rosidl_typesupport_introspection_c
[0.198s] -- Using all available rosidl_typesupport_cpp: rosidl_typesupport_fastrtps_cpp;rosidl_typesupport_introspection_cpp
[0.235s] -- Found rmw_implementation_cmake: 7.3.2 (/opt/ros/jazzy/share/rmw_implementation_cmake/cmake)
[0.236s] -- Found rmw_fastrtps_cpp: 8.4.3 (/opt/ros/jazzy/share/rmw_fastrtps_cpp/cmake)
[0.279s] -- Using RMW implementation 'rmw_fastrtps_cpp' as default
[0.317s] -- Found rosidl_default_generators: 1.6.0 (/opt/ros/jazzy/share/rosidl_default_generators/cmake)
[0.322s] -- Found rosidl_adapter: 4.6.6 (/opt/ros/jazzy/share/rosidl_adapter/cmake)
[0.710s] -- Found ament_cmake_ros: 0.12.0 (/opt/ros/jazzy/share/ament_cmake_ros/cmake)
[1.208s] -- Using all available rosidl_typesupport_c: rosidl_typesupport_fastrtps_c;rosidl_typesupport_introspection_c
[1.408s] -- Using all available rosidl_typesupport_cpp: rosidl_typesupport_fastrtps_cpp;rosidl_typesupport_introspection_cpp
[1.412s] -- Found python_cmake_module: 0.11.1 (/opt/ros/jazzy/share/python_cmake_module/cmake)
[1.520s] -- Found PythonExtra: /usr/bin/python3  
[1.792s] -- Found Python3: /usr/bin/python3 (found version "3.12.3") found components: Interpreter Development NumPy Development.Module Development.Embed 
[1.824s] -- Configuring done (1.8s)
[1.839s] -- Generating done (0.0s)
[1.845s] -- Build files have been written to: /home/student/nrs_lv_ws/build/my_interfaces
[1.850s] Invoked command in '/home/student/nrs_lv_ws/build/my_interfaces' returned '0': CMAKE_PREFIX_PATH=${CMAKE_PREFIX_PATH}:/home/student/nrs_lv_ws/install/py_pkg:/opt/ros/jazzy DEBUGINFOD_URLS=https://debuginfod.ubuntu.com /usr/bin/cmake /home/student/nrs_lv_ws/src/my_interfaces -DCMAKE_INSTALL_PREFIX=/home/student/nrs_lv_ws/install/my_interfaces
[1.851s] Invoking command in '/home/student/nrs_lv_ws/build/my_interfaces': CMAKE_PREFIX_PATH=${CMAKE_PREFIX_PATH}:/home/student/nrs_lv_ws/install/py_pkg:/opt/ros/jazzy DEBUGINFOD_URLS=https://debuginfod.ubuntu.com /usr/bin/cmake --build /home/student/nrs_lv_ws/build/my_interfaces -- -j16 -l16
[1.909s] [  2%] [34m[1mGenerating type hashes for ROS interfaces[0m
[1.917s] [  2%] Built target ament_cmake_python_copy_my_interfaces
[2.018s] [  2%] Built target my_interfaces__rosidl_generator_type_description
[2.027s] [  5%] [34m[1mGenerating C code for ROS interfaces[0m
[2.034s] [  8%] [34m[1mGenerating C++ code for ROS interfaces[0m
[2.040s] running egg_info
[2.041s] creating my_interfaces.egg-info
[2.053s] writing my_interfaces.egg-info/PKG-INFO
[2.053s] writing dependency_links to my_interfaces.egg-info/dependency_links.txt
[2.053s] writing top-level names to my_interfaces.egg-info/top_level.txt
[2.053s] writing manifest file 'my_interfaces.egg-info/SOURCES.txt'
[2.087s] reading manifest file 'my_interfaces.egg-info/SOURCES.txt'
[2.088s] writing manifest file 'my_interfaces.egg-info/SOURCES.txt'
[2.108s] [  8%] Built target ament_cmake_python_build_my_interfaces_egg
[2.167s] [  8%] Built target my_interfaces__cpp
[2.181s] [ 11%] [32mBuilding C object CMakeFiles/my_interfaces__rosidl_generator_c.dir/rosidl_generator_c/my_interfaces/msg/detail/complex__type_support.c.o[0m
[2.182s] [ 14%] [32mBuilding C object CMakeFiles/my_interfaces__rosidl_generator_c.dir/rosidl_generator_c/my_interfaces/msg/detail/complex__description.c.o[0m
[2.183s] [ 17%] [32mBuilding C object CMakeFiles/my_interfaces__rosidl_generator_c.dir/rosidl_generator_c/my_interfaces/msg/detail/complex__functions.c.o[0m
[2.232s] [ 20%] [32m[1mLinking C shared library libmy_interfaces__rosidl_generator_c.so[0m
[2.282s] [ 20%] Built target my_interfaces__rosidl_generator_c
[2.295s] [ 35%] [34m[1mGenerating C introspection for ROS interfaces[0m
[2.295s] [ 35%] [34m[1mGenerating C++ type support for eProsima Fast-RTPS[0m
[2.295s] [ 35%] [34m[1mGenerating C++ introspection for ROS interfaces[0m
[2.295s] [ 35%] [34m[1mGenerating C type support for eProsima Fast-RTPS[0m
[2.295s] [ 38%] [34m[1mGenerating C type support dispatch for ROS interfaces[0m
[2.296s] [ 35%] [34m[1mGenerating C++ type support dispatch for ROS interfaces[0m
[2.445s] [ 41%] [32mBuilding CXX object CMakeFiles/my_interfaces__rosidl_typesupport_c.dir/rosidl_typesupport_c/my_interfaces/msg/complex__type_support.cpp.o[0m
[2.447s] [ 44%] [32mBuilding CXX object CMakeFiles/my_interfaces__rosidl_typesupport_cpp.dir/rosidl_typesupport_cpp/my_interfaces/msg/complex__type_support.cpp.o[0m
[2.452s] [ 47%] [32mBuilding CXX object CMakeFiles/my_interfaces__rosidl_typesupport_introspection_cpp.dir/rosidl_typesupport_introspection_cpp/my_interfaces/msg/detail/complex__type_support.cpp.o[0m
[2.454s] [ 50%] [32mBuilding C object CMakeFiles/my_interfaces__rosidl_typesupport_introspection_c.dir/rosidl_typesupport_introspection_c/my_interfaces/msg/detail/complex__type_support.c.o[0m
[2.458s] [ 52%] [32mBuilding CXX object CMakeFiles/my_interfaces__rosidl_typesupport_fastrtps_cpp.dir/rosidl_typesupport_fastrtps_cpp/my_interfaces/msg/detail/dds_fastrtps/complex__type_support.cpp.o[0m
[2.463s] [ 55%] [32mBuilding CXX object CMakeFiles/my_interfaces__rosidl_typesupport_fastrtps_c.dir/rosidl_typesupport_fastrtps_c/my_interfaces/msg/detail/complex__type_support_c.cpp.o[0m
[2.472s] [ 58%] [32m[1mLinking CXX shared library libmy_interfaces__rosidl_typesupport_c.so[0m
[2.487s] [ 61%] [32m[1mLinking C shared library libmy_interfaces__rosidl_typesupport_introspection_c.so[0m
[2.502s] [ 61%] Built target my_interfaces__rosidl_typesupport_c
[2.510s] [ 61%] Built target my_interfaces__rosidl_typesupport_introspection_c
[2.618s] [ 64%] [32m[1mLinking CXX shared library libmy_interfaces__rosidl_typesupport_cpp.so[0m
[2.624s] [ 67%] [32m[1mLinking CXX shared library libmy_interfaces__rosidl_typesupport_introspection_cpp.so[0m
[2.648s] [ 67%] Built target my_interfaces__rosidl_typesupport_cpp
[2.657s] [ 67%] Built target my_interfaces__rosidl_typesupport_introspection_cpp
[2.720s] [ 70%] [32m[1mLinking CXX shared library libmy_interfaces__rosidl_typesupport_fastrtps_cpp.so[0m
[2.721s] [ 73%] [32m[1mLinking CXX shared library libmy_interfaces__rosidl_typesupport_fastrtps_c.so[0m
[2.753s] [ 73%] Built target my_interfaces__rosidl_typesupport_fastrtps_c
[2.756s] [ 73%] Built target my_interfaces__rosidl_typesupport_fastrtps_cpp
[2.774s] [ 73%] Built target my_interfaces
[2.803s] [ 76%] [34m[1mGenerating Python code for ROS interfaces[0m
[2.959s] [ 76%] Built target my_interfaces__py
[2.984s] [ 79%] [32mBuilding C object CMakeFiles/my_interfaces__rosidl_generator_py.dir/rosidl_generator_py/my_interfaces/msg/_complex_s.c.o[0m
[3.092s] [ 82%] [32m[1mLinking C shared library libmy_interfaces__rosidl_generator_py.so[0m
[3.123s] [ 82%] Built target my_interfaces__rosidl_generator_py
[3.138s] [ 85%] [32mBuilding C object CMakeFiles/my_interfaces_s__rosidl_typesupport_fastrtps_c.dir/rosidl_generator_py/my_interfaces/_my_interfaces_s.ep.rosidl_typesupport_fastrtps_c.c.o[0m
[3.139s] [ 88%] [32mBuilding C object CMakeFiles/my_interfaces_s__rosidl_typesupport_introspection_c.dir/rosidl_generator_py/my_interfaces/_my_interfaces_s.ep.rosidl_typesupport_introspection_c.c.o[0m
[3.144s] [ 91%] [32mBuilding C object CMakeFiles/my_interfaces_s__rosidl_typesupport_c.dir/rosidl_generator_py/my_interfaces/_my_interfaces_s.ep.rosidl_typesupport_c.c.o[0m
[3.199s] [ 94%] [32m[1mLinking C shared module rosidl_generator_py/my_interfaces/my_interfaces_s__rosidl_typesupport_introspection_c.so[0m
[3.200s] [ 97%] [32m[1mLinking C shared module rosidl_generator_py/my_interfaces/my_interfaces_s__rosidl_typesupport_fastrtps_c.so[0m
[3.202s] [100%] [32m[1mLinking C shared module rosidl_generator_py/my_interfaces/my_interfaces_s__rosidl_typesupport_c.so[0m
[3.218s] [100%] Built target my_interfaces_s__rosidl_typesupport_introspection_c
[3.220s] [100%] Built target my_interfaces_s__rosidl_typesupport_fastrtps_c
[3.223s] [100%] Built target my_interfaces_s__rosidl_typesupport_c
[3.231s] Invoked command in '/home/student/nrs_lv_ws/build/my_interfaces' returned '0': CMAKE_PREFIX_PATH=${CMAKE_PREFIX_PATH}:/home/student/nrs_lv_ws/install/py_pkg:/opt/ros/jazzy DEBUGINFOD_URLS=https://debuginfod.ubuntu.com /usr/bin/cmake --build /home/student/nrs_lv_ws/build/my_interfaces -- -j16 -l16
[3.231s] Invoking command in '/home/student/nrs_lv_ws/build/my_interfaces': CMAKE_PREFIX_PATH=${CMAKE_PREFIX_PATH}:/home/student/nrs_lv_ws/install/py_pkg:/opt/ros/jazzy DEBUGINFOD_URLS=https://debuginfod.ubuntu.com /usr/bin/cmake --install /home/student/nrs_lv_ws/build/my_interfaces
[3.239s] -- Install configuration: ""
[3.239s] -- Installing: /home/student/nrs_lv_ws/install/my_interfaces/share/ament_index/resource_index/rosidl_interfaces/my_interfaces
[3.239s] -- Installing: /home/student/nrs_lv_ws/install/my_interfaces/share/my_interfaces/msg/Complex.json
[3.239s] -- Installing: /home/student/nrs_lv_ws/install/my_interfaces/include/my_interfaces/my_interfaces
[3.239s] -- Installing: /home/student/nrs_lv_ws/install/my_interfaces/include/my_interfaces/my_interfaces/msg
[3.239s] -- Installing: /home/student/nrs_lv_ws/install/my_interfaces/include/my_interfaces/my_interfaces/msg/detail
[3.240s] -- Installing: /home/student/nrs_lv_ws/install/my_interfaces/include/my_interfaces/my_interfaces/msg/detail/complex__functions.c
[3.240s] -- Installing: /home/student/nrs_lv_ws/install/my_interfaces/include/my_interfaces/my_interfaces/msg/detail/complex__struct.h
[3.240s] -- Installing: /home/student/nrs_lv_ws/install/my_interfaces/include/my_interfaces/my_interfaces/msg/detail/complex__type_support.c
[3.240s] -- Installing: /home/student/nrs_lv_ws/install/my_interfaces/include/my_interfaces/my_interfaces/msg/detail/complex__description.c
[3.240s] -- Installing: /home/student/nrs_lv_ws/install/my_interfaces/include/my_interfaces/my_interfaces/msg/detail/complex__functions.h
[3.240s] -- Installing: /home/student/nrs_lv_ws/install/my_interfaces/include/my_interfaces/my_interfaces/msg/detail/complex__type_support.h
[3.240s] -- Installing: /home/student/nrs_lv_ws/install/my_interfaces/include/my_interfaces/my_interfaces/msg/rosidl_generator_c__visibility_control.h
[3.240s] -- Installing: /home/student/nrs_lv_ws/install/my_interfaces/include/my_interfaces/my_interfaces/msg/complex.h
[3.240s] -- Installing: /home/student/nrs_lv_ws/install/my_interfaces/share/my_interfaces/environment/library_path.sh
[3.240s] -- Installing: /home/student/nrs_lv_ws/install/my_interfaces/share/my_interfaces/environment/library_path.dsv
[3.240s] -- Installing: /home/student/nrs_lv_ws/install/my_interfaces/lib/libmy_interfaces__rosidl_generator_c.so
[3.241s] -- Set non-toolchain portion of runtime path of "/home/student/nrs_lv_ws/install/my_interfaces/lib/libmy_interfaces__rosidl_generator_c.so" to ""
[3.241s] -- Up-to-date: /home/student/nrs_lv_ws/install/my_interfaces/include/my_interfaces/my_interfaces
[3.241s] -- Up-to-date: /home/student/nrs_lv_ws/install/my_interfaces/include/my_interfaces/my_interfaces/msg
[3.241s] -- Up-to-date: /home/student/nrs_lv_ws/install/my_interfaces/include/my_interfaces/my_interfaces/msg/detail
[3.241s] -- Installing: /home/student/nrs_lv_ws/install/my_interfaces/include/my_interfaces/my_interfaces/msg/detail/complex__rosidl_typesupport_fastrtps_c.h
[3.241s] -- Installing: /home/student/nrs_lv_ws/install/my_interfaces/include/my_interfaces/my_interfaces/msg/rosidl_typesupport_fastrtps_c__visibility_control.h
[3.241s] -- Installing: /home/student/nrs_lv_ws/install/my_interfaces/lib/libmy_interfaces__rosidl_typesupport_fastrtps_c.so
[3.241s] -- Set non-toolchain portion of runtime path of "/home/student/nrs_lv_ws/install/my_interfaces/lib/libmy_interfaces__rosidl_typesupport_fastrtps_c.so" to ""
[3.241s] -- Up-to-date: /home/student/nrs_lv_ws/install/my_interfaces/include/my_interfaces/my_interfaces
[3.241s] -- Up-to-date: /home/student/nrs_lv_ws/install/my_interfaces/include/my_interfaces/my_interfaces/msg
[3.241s] -- Up-to-date: /home/student/nrs_lv_ws/install/my_interfaces/include/my_interfaces/my_interfaces/msg/detail
[3.241s] -- Installing: /home/student/nrs_lv_ws/install/my_interfaces/include/my_interfaces/my_interfaces/msg/detail/complex__traits.hpp
[3.242s] -- Installing: /home/student/nrs_lv_ws/install/my_interfaces/include/my_interfaces/my_interfaces/msg/detail/complex__builder.hpp
[3.242s] -- Installing: /home/student/nrs_lv_ws/install/my_interfaces/include/my_interfaces/my_interfaces/msg/detail/complex__type_support.hpp
[3.242s] -- Installing: /home/student/nrs_lv_ws/install/my_interfaces/include/my_interfaces/my_interfaces/msg/detail/complex__struct.hpp
[3.242s] -- Installing: /home/student/nrs_lv_ws/install/my_interfaces/include/my_interfaces/my_interfaces/msg/rosidl_generator_cpp__visibility_control.hpp
[3.242s] -- Installing: /home/student/nrs_lv_ws/install/my_interfaces/include/my_interfaces/my_interfaces/msg/complex.hpp
[3.242s] -- Up-to-date: /home/student/nrs_lv_ws/install/my_interfaces/include/my_interfaces/my_interfaces
[3.242s] -- Up-to-date: /home/student/nrs_lv_ws/install/my_interfaces/include/my_interfaces/my_interfaces/msg
[3.242s] -- Up-to-date: /home/student/nrs_lv_ws/install/my_interfaces/include/my_interfaces/my_interfaces/msg/detail
[3.242s] -- Installing: /home/student/nrs_lv_ws/install/my_interfaces/include/my_interfaces/my_interfaces/msg/detail/complex__rosidl_typesupport_fastrtps_cpp.hpp
[3.242s] -- Installing: /home/student/nrs_lv_ws/install/my_interfaces/include/my_interfaces/my_interfaces/msg/detail/dds_fastrtps
[3.242s] -- Installing: /home/student/nrs_lv_ws/install/my_interfaces/include/my_interfaces/my_interfaces/msg/rosidl_typesupport_fastrtps_cpp__visibility_control.h
[3.242s] -- Installing: /home/student/nrs_lv_ws/install/my_interfaces/lib/libmy_interfaces__rosidl_typesupport_fastrtps_cpp.so
[3.242s] -- Set non-toolchain portion of runtime path of "/home/student/nrs_lv_ws/install/my_interfaces/lib/libmy_interfaces__rosidl_typesupport_fastrtps_cpp.so" to ""
[3.242s] -- Up-to-date: /home/student/nrs_lv_ws/install/my_interfaces/include/my_interfaces/my_interfaces
[3.242s] -- Up-to-date: /home/student/nrs_lv_ws/install/my_interfaces/include/my_interfaces/my_interfaces/msg
[3.243s] -- Up-to-date: /home/student/nrs_lv_ws/install/my_interfaces/include/my_interfaces/my_interfaces/msg/detail
[3.243s] -- Installing: /home/student/nrs_lv_ws/install/my_interfaces/include/my_interfaces/my_interfaces/msg/detail/complex__rosidl_typesupport_introspection_c.h
[3.243s] -- Up-to-date: /home/student/nrs_lv_ws/install/my_interfaces/include/my_interfaces/my_interfaces/msg/detail/complex__type_support.c
[3.243s] -- Installing: /home/student/nrs_lv_ws/install/my_interfaces/include/my_interfaces/my_interfaces/msg/rosidl_typesupport_introspection_c__visibility_control.h
[3.243s] -- Installing: /home/student/nrs_lv_ws/install/my_interfaces/lib/libmy_interfaces__rosidl_typesupport_introspection_c.so
[3.243s] -- Set non-toolchain portion of runtime path of "/home/student/nrs_lv_ws/install/my_interfaces/lib/libmy_interfaces__rosidl_typesupport_introspection_c.so" to ""
[3.243s] -- Installing: /home/student/nrs_lv_ws/install/my_interfaces/lib/libmy_interfaces__rosidl_typesupport_c.so
[3.243s] -- Set non-toolchain portion of runtime path of "/home/student/nrs_lv_ws/install/my_interfaces/lib/libmy_interfaces__rosidl_typesupport_c.so" to ""
[3.243s] -- Up-to-date: /home/student/nrs_lv_ws/install/my_interfaces/include/my_interfaces/my_interfaces
[3.243s] -- Up-to-date: /home/student/nrs_lv_ws/install/my_interfaces/include/my_interfaces/my_interfaces/msg
[3.243s] -- Up-to-date: /home/student/nrs_lv_ws/install/my_interfaces/include/my_interfaces/my_interfaces/msg/detail
[3.243s] -- Installing: /home/student/nrs_lv_ws/install/my_interfaces/include/my_interfaces/my_interfaces/msg/detail/complex__rosidl_typesupport_introspection_cpp.hpp
[3.243s] -- Installing: /home/student/nrs_lv_ws/install/my_interfaces/include/my_interfaces/my_interfaces/msg/detail/complex__type_support.cpp
[3.243s] -- Installing: /home/student/nrs_lv_ws/install/my_interfaces/lib/libmy_interfaces__rosidl_typesupport_introspection_cpp.so
[3.243s] -- Set non-toolchain portion of runtime path of "/home/student/nrs_lv_ws/install/my_interfaces/lib/libmy_interfaces__rosidl_typesupport_introspection_cpp.so" to ""
[3.243s] -- Installing: /home/student/nrs_lv_ws/install/my_interfaces/lib/libmy_interfaces__rosidl_typesupport_cpp.so
[3.244s] -- Set non-toolchain portion of runtime path of "/home/student/nrs_lv_ws/install/my_interfaces/lib/libmy_interfaces__rosidl_typesupport_cpp.so" to ""
[3.244s] -- Installing: /home/student/nrs_lv_ws/install/my_interfaces/share/my_interfaces/environment/pythonpath.sh
[3.244s] -- Installing: /home/student/nrs_lv_ws/install/my_interfaces/share/my_interfaces/environment/pythonpath.dsv
[3.244s] -- Installing: /home/student/nrs_lv_ws/install/my_interfaces/lib/python3.12/site-packages/my_interfaces-0.0.0-py3.12.egg-info
[3.244s] -- Installing: /home/student/nrs_lv_ws/install/my_interfaces/lib/python3.12/site-packages/my_interfaces-0.0.0-py3.12.egg-info/dependency_links.txt
[3.244s] -- Installing: /home/student/nrs_lv_ws/install/my_interfaces/lib/python3.12/site-packages/my_interfaces-0.0.0-py3.12.egg-info/top_level.txt
[3.244s] -- Installing: /home/student/nrs_lv_ws/install/my_interfaces/lib/python3.12/site-packages/my_interfaces-0.0.0-py3.12.egg-info/SOURCES.txt
[3.244s] -- Installing: /home/student/nrs_lv_ws/install/my_interfaces/lib/python3.12/site-packages/my_interfaces-0.0.0-py3.12.egg-info/PKG-INFO
[3.244s] -- Installing: /home/student/nrs_lv_ws/install/my_interfaces/lib/python3.12/site-packages/my_interfaces
[3.244s] -- Installing: /home/student/nrs_lv_ws/install/my_interfaces/lib/python3.12/site-packages/my_interfaces/my_interfaces_s__rosidl_typesupport_fastrtps_c.so
[3.244s] -- Installing: /home/student/nrs_lv_ws/install/my_interfaces/lib/python3.12/site-packages/my_interfaces/my_interfaces_s__rosidl_typesupport_introspection_c.so
[3.244s] -- Installing: /home/student/nrs_lv_ws/install/my_interfaces/lib/python3.12/site-packages/my_interfaces/_my_interfaces_s.ep.rosidl_typesupport_introspection_c.c
[3.244s] -- Installing: /home/student/nrs_lv_ws/install/my_interfaces/lib/python3.12/site-packages/my_interfaces/_my_interfaces_s.ep.rosidl_typesupport_c.c
[3.244s] -- Installing: /home/student/nrs_lv_ws/install/my_interfaces/lib/python3.12/site-packages/my_interfaces/_my_interfaces_s.ep.rosidl_typesupport_fastrtps_c.c
[3.244s] -- Installing: /home/student/nrs_lv_ws/install/my_interfaces/lib/python3.12/site-packages/my_interfaces/__init__.py
[3.244s] -- Installing: /home/student/nrs_lv_ws/install/my_interfaces/lib/python3.12/site-packages/my_interfaces/msg
[3.244s] -- Installing: /home/student/nrs_lv_ws/install/my_interfaces/lib/python3.12/site-packages/my_interfaces/msg/_complex.py
[3.245s] -- Installing: /home/student/nrs_lv_ws/install/my_interfaces/lib/python3.12/site-packages/my_interfaces/msg/_complex_s.c
[3.245s] -- Installing: /home/student/nrs_lv_ws/install/my_interfaces/lib/python3.12/site-packages/my_interfaces/msg/__init__.py
[3.245s] -- Installing: /home/student/nrs_lv_ws/install/my_interfaces/lib/python3.12/site-packages/my_interfaces/my_interfaces_s__rosidl_typesupport_c.so
[3.275s] Listing '/home/student/nrs_lv_ws/install/my_interfaces/lib/python3.12/site-packages/my_interfaces'...
[3.275s] Compiling '/home/student/nrs_lv_ws/install/my_interfaces/lib/python3.12/site-packages/my_interfaces/__init__.py'...
[3.275s] Listing '/home/student/nrs_lv_ws/install/my_interfaces/lib/python3.12/site-packages/my_interfaces/msg'...
[3.275s] Compiling '/home/student/nrs_lv_ws/install/my_interfaces/lib/python3.12/site-packages/my_interfaces/msg/__init__.py'...
[3.275s] Compiling '/home/student/nrs_lv_ws/install/my_interfaces/lib/python3.12/site-packages/my_interfaces/msg/_complex.py'...
[3.278s] -- Installing: /home/student/nrs_lv_ws/install/my_interfaces/lib/python3.12/site-packages/my_interfaces/my_interfaces_s__rosidl_typesupport_fastrtps_c.so
[3.278s] -- Set non-toolchain portion of runtime path of "/home/student/nrs_lv_ws/install/my_interfaces/lib/python3.12/site-packages/my_interfaces/my_interfaces_s__rosidl_typesupport_fastrtps_c.so" to ""
[3.278s] -- Installing: /home/student/nrs_lv_ws/install/my_interfaces/lib/python3.12/site-packages/my_interfaces/my_interfaces_s__rosidl_typesupport_introspection_c.so
[3.278s] -- Set non-toolchain portion of runtime path of "/home/student/nrs_lv_ws/install/my_interfaces/lib/python3.12/site-packages/my_interfaces/my_interfaces_s__rosidl_typesupport_introspection_c.so" to ""
[3.278s] -- Installing: /home/student/nrs_lv_ws/install/my_interfaces/lib/python3.12/site-packages/my_interfaces/my_interfaces_s__rosidl_typesupport_c.so
[3.278s] -- Set non-toolchain portion of runtime path of "/home/student/nrs_lv_ws/install/my_interfaces/lib/python3.12/site-packages/my_interfaces/my_interfaces_s__rosidl_typesupport_c.so" to ""
[3.278s] -- Installing: /home/student/nrs_lv_ws/install/my_interfaces/lib/libmy_interfaces__rosidl_generator_py.so
[3.278s] -- Set non-toolchain portion of runtime path of "/home/student/nrs_lv_ws/install/my_interfaces/lib/libmy_interfaces__rosidl_generator_py.so" to ""
[3.279s] -- Installing: /home/student/nrs_lv_ws/install/my_interfaces/share/my_interfaces/msg/Complex.idl
[3.279s] -- Installing: /home/student/nrs_lv_ws/install/my_interfaces/share/my_interfaces/msg/Complex.msg
[3.279s] -- Installing: /home/student/nrs_lv_ws/install/my_interfaces/share/ament_index/resource_index/package_run_dependencies/my_interfaces
[3.279s] -- Installing: /home/student/nrs_lv_ws/install/my_interfaces/share/ament_index/resource_index/parent_prefix_path/my_interfaces
[3.279s] -- Installing: /home/student/nrs_lv_ws/install/my_interfaces/share/my_interfaces/environment/ament_prefix_path.sh
[3.279s] -- Installing: /home/student/nrs_lv_ws/install/my_interfaces/share/my_interfaces/environment/ament_prefix_path.dsv
[3.279s] -- Installing: /home/student/nrs_lv_ws/install/my_interfaces/share/my_interfaces/environment/path.sh
[3.279s] -- Installing: /home/student/nrs_lv_ws/install/my_interfaces/share/my_interfaces/environment/path.dsv
[3.279s] -- Installing: /home/student/nrs_lv_ws/install/my_interfaces/share/my_interfaces/local_setup.bash
[3.279s] -- Installing: /home/student/nrs_lv_ws/install/my_interfaces/share/my_interfaces/local_setup.sh
[3.279s] -- Installing: /home/student/nrs_lv_ws/install/my_interfaces/share/my_interfaces/local_setup.zsh
[3.279s] -- Installing: /home/student/nrs_lv_ws/install/my_interfaces/share/my_interfaces/local_setup.dsv
[3.279s] -- Installing: /home/student/nrs_lv_ws/install/my_interfaces/share/my_interfaces/package.dsv
[3.279s] -- Installing: /home/student/nrs_lv_ws/install/my_interfaces/share/ament_index/resource_index/packages/my_interfaces
[3.279s] -- Installing: /home/student/nrs_lv_ws/install/my_interfaces/share/my_interfaces/cmake/export_my_interfaces__rosidl_generator_cExport.cmake
[3.279s] -- Installing: /home/student/nrs_lv_ws/install/my_interfaces/share/my_interfaces/cmake/export_my_interfaces__rosidl_generator_cExport-noconfig.cmake
[3.279s] -- Installing: /home/student/nrs_lv_ws/install/my_interfaces/share/my_interfaces/cmake/export_my_interfaces__rosidl_typesupport_fastrtps_cExport.cmake
[3.279s] -- Installing: /home/student/nrs_lv_ws/install/my_interfaces/share/my_interfaces/cmake/export_my_interfaces__rosidl_typesupport_fastrtps_cExport-noconfig.cmake
[3.279s] -- Installing: /home/student/nrs_lv_ws/install/my_interfaces/share/my_interfaces/cmake/export_my_interfaces__rosidl_generator_cppExport.cmake
[3.279s] -- Installing: /home/student/nrs_lv_ws/install/my_interfaces/share/my_interfaces/cmake/export_my_interfaces__rosidl_typesupport_fastrtps_cppExport.cmake
[3.279s] -- Installing: /home/student/nrs_lv_ws/install/my_interfaces/share/my_interfaces/cmake/export_my_interfaces__rosidl_typesupport_fastrtps_cppExport-noconfig.cmake
[3.280s] -- Installing: /home/student/nrs_lv_ws/install/my_interfaces/share/my_interfaces/cmake/my_interfaces__rosidl_typesupport_introspection_cExport.cmake
[3.280s] -- Installing: /home/student/nrs_lv_ws/install/my_interfaces/share/my_interfaces/cmake/my_interfaces__rosidl_typesupport_introspection_cExport-noconfig.cmake
[3.280s] -- Installing: /home/student/nrs_lv_ws/install/my_interfaces/share/my_interfaces/cmake/my_interfaces__rosidl_typesupport_cExport.cmake
[3.280s] -- Installing: /home/student/nrs_lv_ws/install/my_interfaces/share/my_interfaces/cmake/my_interfaces__rosidl_typesupport_cExport-noconfig.cmake
[3.280s] -- Installing: /home/student/nrs_lv_ws/install/my_interfaces/share/my_interfaces/cmake/my_interfaces__rosidl_typesupport_introspection_cppExport.cmake
[3.280s] -- Installing: /home/student/nrs_lv_ws/install/my_interfaces/share/my_interfaces/cmake/my_interfaces__rosidl_typesupport_introspection_cppExport-noconfig.cmake
[3.280s] -- Installing: /home/student/nrs_lv_ws/install/my_interfaces/share/my_interfaces/cmake/my_interfaces__rosidl_typesupport_cppExport.cmake
[3.280s] -- Installing: /home/student/nrs_lv_ws/install/my_interfaces/share/my_interfaces/cmake/my_interfaces__rosidl_typesupport_cppExport-noconfig.cmake
[3.280s] -- Installing: /home/student/nrs_lv_ws/install/my_interfaces/share/my_interfaces/cmake/export_my_interfaces__rosidl_generator_pyExport.cmake
[3.280s] -- Installing: /home/student/nrs_lv_ws/install/my_interfaces/share/my_interfaces/cmake/export_my_interfaces__rosidl_generator_pyExport-noconfig.cmake
[3.280s] -- Installing: /home/student/nrs_lv_ws/install/my_interfaces/share/my_interfaces/cmake/rosidl_cmake-extras.cmake
[3.280s] -- Installing: /home/student/nrs_lv_ws/install/my_interfaces/share/my_interfaces/cmake/ament_cmake_export_include_directories-extras.cmake
[3.280s] -- Installing: /home/student/nrs_lv_ws/install/my_interfaces/share/my_interfaces/cmake/ament_cmake_export_libraries-extras.cmake
[3.280s] -- Installing: /home/student/nrs_lv_ws/install/my_interfaces/share/my_interfaces/cmake/ament_cmake_export_targets-extras.cmake
[3.280s] -- Installing: /home/student/nrs_lv_ws/install/my_interfaces/share/my_interfaces/cmake/rosidl_cmake_export_typesupport_targets-extras.cmake
[3.280s] -- Installing: /home/student/nrs_lv_ws/install/my_interfaces/share/my_interfaces/cmake/ament_cmake_export_dependencies-extras.cmake
[3.280s] -- Installing: /home/student/nrs_lv_ws/install/my_interfaces/share/my_interfaces/cmake/rosidl_cmake_export_typesupport_libraries-extras.cmake
[3.280s] -- Installing: /home/student/nrs_lv_ws/install/my_interfaces/share/my_interfaces/cmake/my_interfacesConfig.cmake
[3.280s] -- Installing: /home/student/nrs_lv_ws/install/my_interfaces/share/my_interfaces/cmake/my_interfacesConfig-version.cmake
[3.280s] -- Installing: /home/student/nrs_lv_ws/install/my_interfaces/share/my_interfaces/package.xml
[3.282s] Invoked command in '/home/student/nrs_lv_ws/build/my_interfaces' returned '0': CMAKE_PREFIX_PATH=${CMAKE_PREFIX_PATH}:/home/student/nrs_lv_ws/install/py_pkg:/opt/ros/jazzy DEBUGINFOD_URLS=https://debuginfod.ubuntu.com /usr/bin/cmake --install /home/student/nrs_lv_ws/build/my_interfaces
