[0.009s] Invoking command in '/home/student/nrs_lv_ws/build/my_interfaces': CMAKE_PREFIX_PATH=${CMAKE_PREFIX_PATH}:/home/student/nrs_lv_ws/install/py_pkg:/opt/ros/jazzy DEBUGINFOD_URLS=https://debuginfod.ubuntu.com /usr/bin/cmake /home/student/nrs_lv_ws/src/my_interfaces -DCMAKE_INSTALL_PREFIX=/home/student/nrs_lv_ws/install/my_interfaces
[0.016s] -- Found ament_cmake: 2.5.4 (/opt/ros/jazzy/share/ament_cmake/cmake)
[0.157s] -- Found rclcpp: 28.1.12 (/opt/ros/jazzy/share/rclcpp/cmake)
[0.174s] -- Found rosidl_generator_c: 4.6.6 (/opt/ros/jazzy/share/rosidl_generator_c/cmake)
[0.180s] -- Found rosidl_generator_cpp: 4.6.6 (/opt/ros/jazzy/share/rosidl_generator_cpp/cmake)
[0.187s] -- Using all available rosidl_typesupport_c: rosidl_typesupport_fastrtps_c;rosidl_typesupport_introspection_c
[0.196s] -- Using all available rosidl_typesupport_cpp: rosidl_typesupport_fastrtps_cpp;rosidl_typesupport_introspection_cpp
[0.234s] -- Found rmw_implementation_cmake: 7.3.2 (/opt/ros/jazzy/share/rmw_implementation_cmake/cmake)
[0.234s] -- Found rmw_fastrtps_cpp: 8.4.3 (/opt/ros/jazzy/share/rmw_fastrtps_cpp/cmake)
[0.285s] -- Using RMW implementation 'rmw_fastrtps_cpp' as default
[0.324s] -- Found rosidl_default_generators: 1.6.0 (/opt/ros/jazzy/share/rosidl_default_generators/cmake)
[0.328s] -- Found rosidl_adapter: 4.6.6 (/opt/ros/jazzy/share/rosidl_adapter/cmake)
[0.329s] [31mCMake Error at /opt/ros/jazzy/share/rosidl_cmake/cmake/rosidl_generate_interfaces.cmake:95 (message):
[0.329s]   rosidl_generate_interfaces() the passed file 'msg/complex.msg' doesn't
[0.329s]   exist relative to the CMAKE_CURRENT_SOURCE_DIR
[0.329s]   '/home/student/nrs_lv_ws/src/my_interfaces'
[0.329s] Call Stack (most recent call first):
[0.329s]   CMakeLists.txt:14 (rosidl_generate_interfaces)
[0.329s] 
[0.329s] [0m
[0.329s] -- Configuring incomplete, errors occurred!
[0.334s] Invoked command in '/home/student/nrs_lv_ws/build/my_interfaces' returned '1': CMAKE_PREFIX_PATH=${CMAKE_PREFIX_PATH}:/home/student/nrs_lv_ws/install/py_pkg:/opt/ros/jazzy DEBUGINFOD_URLS=https://debuginfod.ubuntu.com /usr/bin/cmake /home/student/nrs_lv_ws/src/my_interfaces -DCMAKE_INSTALL_PREFIX=/home/student/nrs_lv_ws/install/my_interfaces
