[0.467s] Invoking command in '/home/student/nrs_lv_ws/src/py_pkg': DEBUGINFOD_URLS=https://debuginfod.ubuntu.com PYTHONPATH=/home/student/nrs_lv_ws/build/py_pkg/prefix_override:/usr/lib/python3/dist-packages/colcon_core/task/python/colcon_distutils_commands:/home/student/nrs_lv_ws/install/py_pkg/lib/python3.12/site-packages:${PYTHONPATH} /usr/bin/python3 -W ignore:setup.py install is deprecated -W ignore:easy_install command is deprecated setup.py egg_info --egg-base ../../build/py_pkg build --build-base /home/student/nrs_lv_ws/build/py_pkg/build install --record /home/student/nrs_lv_ws/build/py_pkg/install.log --single-version-externally-managed install_data
[0.623s] running egg_info
[0.633s] writing ../../build/py_pkg/py_pkg.egg-info/PKG-INFO
[0.633s] writing dependency_links to ../../build/py_pkg/py_pkg.egg-info/dependency_links.txt
[0.634s] writing entry points to ../../build/py_pkg/py_pkg.egg-info/entry_points.txt
[0.634s] writing requirements to ../../build/py_pkg/py_pkg.egg-info/requires.txt
[0.634s] writing top-level names to ../../build/py_pkg/py_pkg.egg-info/top_level.txt
[0.657s] reading manifest file '../../build/py_pkg/py_pkg.egg-info/SOURCES.txt'
[0.657s] writing manifest file '../../build/py_pkg/py_pkg.egg-info/SOURCES.txt'
[0.657s] running build
[0.657s] running build_py
[0.657s] running install
[0.661s] running install_lib
[0.673s] running install_data
[0.673s] running install_egg_info
[0.686s] removing '/home/student/nrs_lv_ws/install/py_pkg/lib/python3.12/site-packages/py_pkg-0.0.0-py3.12.egg-info' (and everything under it)
[0.686s] Copying ../../build/py_pkg/py_pkg.egg-info to /home/student/nrs_lv_ws/install/py_pkg/lib/python3.12/site-packages/py_pkg-0.0.0-py3.12.egg-info
[0.686s] running install_scripts
[0.763s] Installing my_node script to /home/student/nrs_lv_ws/install/py_pkg/lib/py_pkg
[0.763s] writing list of installed files to '/home/student/nrs_lv_ws/build/py_pkg/install.log'
[0.780s] Invoked command in '/home/student/nrs_lv_ws/src/py_pkg' returned '0': DEBUGINFOD_URLS=https://debuginfod.ubuntu.com PYTHONPATH=/home/student/nrs_lv_ws/build/py_pkg/prefix_override:/usr/lib/python3/dist-packages/colcon_core/task/python/colcon_distutils_commands:/home/student/nrs_lv_ws/install/py_pkg/lib/python3.12/site-packages:${PYTHONPATH} /usr/bin/python3 -W ignore:setup.py install is deprecated -W ignore:easy_install command is deprecated setup.py egg_info --egg-base ../../build/py_pkg build --build-base /home/student/nrs_lv_ws/build/py_pkg/build install --record /home/student/nrs_lv_ws/build/py_pkg/install.log --single-version-externally-managed install_data
