[0.105s] DEBUG:colcon:Command line arguments: ['/usr/bin/colcon', 'build']
[0.105s] DEBUG:colcon:Parsed command line arguments: Namespace(log_base=None, log_level=None, verb_name='build', build_base='build', install_base='install', merge_install=False, symlink_install=False, test_result_base=None, continue_on_error=False, executor='parallel', parallel_workers=16, event_handlers=None, ignore_user_meta=False, metas=['./colcon.meta'], base_paths=['.'], packages_ignore=None, packages_ignore_regex=None, paths=None, packages_up_to=None, packages_up_to_regex=None, packages_above=None, packages_above_and_dependencies=None, packages_above_depth=None, packages_select_by_dep=None, packages_skip_by_dep=None, packages_skip_up_to=None, packages_select_build_failed=False, packages_skip_build_finished=False, packages_select_test_failures=False, packages_skip_test_passed=False, packages_select=None, packages_skip=None, packages_select_regex=None, packages_skip_regex=None, packages_start=None, packages_end=None, allow_overriding=[], cmake_args=None, cmake_target=None, cmake_target_skip_unavailable=False, cmake_clean_cache=False, cmake_clean_first=False, cmake_force_configure=False, ament_cmake_args=None, catkin_cmake_args=None, catkin_skip_building_tests=False, mixin_files=None, mixin=None, verb_parser=<colcon_mixin.mixin.mixin_argument.MixinArgumentDecorator object at 0x74672927ca70>, verb_extension=<colcon_core.verb.build.BuildVerb object at 0x7467293c8800>, main=<bound method BuildVerb.main of <colcon_core.verb.build.BuildVerb object at 0x7467293c8800>>, mixin_verb=('build',))
[0.148s] Level 1:colcon.colcon_core.package_discovery:discover_packages(colcon_meta) check parameters
[0.148s] Level 1:colcon.colcon_core.package_discovery:discover_packages(recursive) check parameters
[0.148s] Level 1:colcon.colcon_core.package_discovery:discover_packages(ignore) check parameters
[0.148s] Level 1:colcon.colcon_core.package_discovery:discover_packages(path) check parameters
[0.148s] Level 1:colcon.colcon_core.package_discovery:discover_packages(colcon_meta) discover
[0.148s] Level 1:colcon.colcon_core.package_discovery:discover_packages(recursive) discover
[0.148s] INFO:colcon.colcon_core.package_discovery:Crawling recursively for packages in '/home/student/nrs_lv_ws'
[0.148s] Level 1:colcon.colcon_core.package_identification:_identify(.) by extensions ['ignore', 'ignore_ament_install']
[0.148s] Level 1:colcon.colcon_core.package_identification:_identify(.) by extension 'ignore'
[0.148s] Level 1:colcon.colcon_core.package_identification:_identify(.) by extension 'ignore_ament_install'
[0.148s] Level 1:colcon.colcon_core.package_identification:_identify(.) by extensions ['colcon_pkg']
[0.148s] Level 1:colcon.colcon_core.package_identification:_identify(.) by extension 'colcon_pkg'
[0.148s] Level 1:colcon.colcon_core.package_identification:_identify(.) by extensions ['colcon_meta']
[0.148s] Level 1:colcon.colcon_core.package_identification:_identify(.) by extension 'colcon_meta'
[0.148s] Level 1:colcon.colcon_core.package_identification:_identify(.) by extensions ['ros']
[0.148s] Level 1:colcon.colcon_core.package_identification:_identify(.) by extension 'ros'
[0.163s] Level 1:colcon.colcon_core.package_identification:_identify(.) by extensions ['cmake', 'python']
[0.163s] Level 1:colcon.colcon_core.package_identification:_identify(.) by extension 'cmake'
[0.163s] Level 1:colcon.colcon_core.package_identification:_identify(.) by extension 'python'
[0.163s] Level 1:colcon.colcon_core.package_identification:_identify(.) by extensions ['python_setup_py']
[0.163s] Level 1:colcon.colcon_core.package_identification:_identify(.) by extension 'python_setup_py'
[0.163s] Level 1:colcon.colcon_core.package_identification:_identify(build) by extensions ['ignore', 'ignore_ament_install']
[0.163s] Level 1:colcon.colcon_core.package_identification:_identify(build) by extension 'ignore'
[0.163s] Level 1:colcon.colcon_core.package_identification:_identify(build) ignored
[0.163s] Level 1:colcon.colcon_core.package_identification:_identify(install) by extensions ['ignore', 'ignore_ament_install']
[0.163s] Level 1:colcon.colcon_core.package_identification:_identify(install) by extension 'ignore'
[0.163s] Level 1:colcon.colcon_core.package_identification:_identify(install) ignored
[0.163s] Level 1:colcon.colcon_core.package_identification:_identify(log) by extensions ['ignore', 'ignore_ament_install']
[0.163s] Level 1:colcon.colcon_core.package_identification:_identify(log) by extension 'ignore'
[0.163s] Level 1:colcon.colcon_core.package_identification:_identify(log) ignored
[0.164s] Level 1:colcon.colcon_core.package_identification:_identify(src) by extensions ['ignore', 'ignore_ament_install']
[0.164s] Level 1:colcon.colcon_core.package_identification:_identify(src) by extension 'ignore'
[0.164s] Level 1:colcon.colcon_core.package_identification:_identify(src) by extension 'ignore_ament_install'
[0.164s] Level 1:colcon.colcon_core.package_identification:_identify(src) by extensions ['colcon_pkg']
[0.164s] Level 1:colcon.colcon_core.package_identification:_identify(src) by extension 'colcon_pkg'
[0.164s] Level 1:colcon.colcon_core.package_identification:_identify(src) by extensions ['colcon_meta']
[0.164s] Level 1:colcon.colcon_core.package_identification:_identify(src) by extension 'colcon_meta'
[0.164s] Level 1:colcon.colcon_core.package_identification:_identify(src) by extensions ['ros']
[0.164s] Level 1:colcon.colcon_core.package_identification:_identify(src) by extension 'ros'
[0.164s] Level 1:colcon.colcon_core.package_identification:_identify(src) by extensions ['cmake', 'python']
[0.164s] Level 1:colcon.colcon_core.package_identification:_identify(src) by extension 'cmake'
[0.164s] Level 1:colcon.colcon_core.package_identification:_identify(src) by extension 'python'
[0.164s] Level 1:colcon.colcon_core.package_identification:_identify(src) by extensions ['python_setup_py']
[0.164s] Level 1:colcon.colcon_core.package_identification:_identify(src) by extension 'python_setup_py'
[0.164s] Level 1:colcon.colcon_core.package_identification:_identify(src/cpp_pkg) by extensions ['ignore', 'ignore_ament_install']
[0.164s] Level 1:colcon.colcon_core.package_identification:_identify(src/cpp_pkg) by extension 'ignore'
[0.164s] Level 1:colcon.colcon_core.package_identification:_identify(src/cpp_pkg) by extension 'ignore_ament_install'
[0.164s] Level 1:colcon.colcon_core.package_identification:_identify(src/cpp_pkg) by extensions ['colcon_pkg']
[0.164s] Level 1:colcon.colcon_core.package_identification:_identify(src/cpp_pkg) by extension 'colcon_pkg'
[0.164s] Level 1:colcon.colcon_core.package_identification:_identify(src/cpp_pkg) by extensions ['colcon_meta']
[0.164s] Level 1:colcon.colcon_core.package_identification:_identify(src/cpp_pkg) by extension 'colcon_meta'
[0.164s] Level 1:colcon.colcon_core.package_identification:_identify(src/cpp_pkg) by extensions ['ros']
[0.164s] Level 1:colcon.colcon_core.package_identification:_identify(src/cpp_pkg) by extension 'ros'
[0.167s] DEBUG:colcon.colcon_core.package_identification:Package 'src/cpp_pkg' with type 'ros.ament_cmake' and name 'cpp_pkg'
[0.167s] Level 1:colcon.colcon_core.package_identification:_identify(src/py_pkg) by extensions ['ignore', 'ignore_ament_install']
[0.167s] Level 1:colcon.colcon_core.package_identification:_identify(src/py_pkg) by extension 'ignore'
[0.167s] Level 1:colcon.colcon_core.package_identification:_identify(src/py_pkg) by extension 'ignore_ament_install'
[0.167s] Level 1:colcon.colcon_core.package_identification:_identify(src/py_pkg) by extensions ['colcon_pkg']
[0.167s] Level 1:colcon.colcon_core.package_identification:_identify(src/py_pkg) by extension 'colcon_pkg'
[0.167s] Level 1:colcon.colcon_core.package_identification:_identify(src/py_pkg) by extensions ['colcon_meta']
[0.167s] Level 1:colcon.colcon_core.package_identification:_identify(src/py_pkg) by extension 'colcon_meta'
[0.167s] Level 1:colcon.colcon_core.package_identification:_identify(src/py_pkg) by extensions ['ros']
[0.167s] Level 1:colcon.colcon_core.package_identification:_identify(src/py_pkg) by extension 'ros'
[0.168s] DEBUG:colcon.colcon_core.package_identification:Package 'src/py_pkg' with type 'ros.ament_python' and name 'py_pkg'
[0.168s] Level 1:colcon.colcon_core.package_discovery:discover_packages(recursive) using defaults
[0.168s] Level 1:colcon.colcon_core.package_discovery:discover_packages(ignore) discover
[0.168s] Level 1:colcon.colcon_core.package_discovery:discover_packages(ignore) using defaults
[0.168s] Level 1:colcon.colcon_core.package_discovery:discover_packages(path) discover
[0.168s] Level 1:colcon.colcon_core.package_discovery:discover_packages(path) using defaults
[0.184s] Level 1:colcon.colcon_core.package_discovery:discover_packages(prefix_path) check parameters
[0.184s] Level 1:colcon.colcon_core.package_discovery:discover_packages(prefix_path) discover
[0.187s] DEBUG:colcon.colcon_installed_package_information.package_discovery:Found 476 installed packages in /opt/ros/jazzy
[0.188s] Level 1:colcon.colcon_core.package_discovery:discover_packages(prefix_path) using defaults
[0.218s] Level 5:colcon.colcon_core.verb:set package 'cpp_pkg' build argument 'cmake_args' from command line to 'None'
[0.218s] Level 5:colcon.colcon_core.verb:set package 'cpp_pkg' build argument 'cmake_target' from command line to 'None'
[0.218s] Level 5:colcon.colcon_core.verb:set package 'cpp_pkg' build argument 'cmake_target_skip_unavailable' from command line to 'False'
[0.218s] Level 5:colcon.colcon_core.verb:set package 'cpp_pkg' build argument 'cmake_clean_cache' from command line to 'False'
[0.218s] Level 5:colcon.colcon_core.verb:set package 'cpp_pkg' build argument 'cmake_clean_first' from command line to 'False'
[0.218s] Level 5:colcon.colcon_core.verb:set package 'cpp_pkg' build argument 'cmake_force_configure' from command line to 'False'
[0.218s] Level 5:colcon.colcon_core.verb:set package 'cpp_pkg' build argument 'ament_cmake_args' from command line to 'None'
[0.218s] Level 5:colcon.colcon_core.verb:set package 'cpp_pkg' build argument 'catkin_cmake_args' from command line to 'None'
[0.218s] Level 5:colcon.colcon_core.verb:set package 'cpp_pkg' build argument 'catkin_skip_building_tests' from command line to 'False'
[0.218s] DEBUG:colcon.colcon_core.verb:Building package 'cpp_pkg' with the following arguments: {'ament_cmake_args': None, 'build_base': '/home/student/nrs_lv_ws/build/cpp_pkg', 'catkin_cmake_args': None, 'catkin_skip_building_tests': False, 'cmake_args': None, 'cmake_clean_cache': False, 'cmake_clean_first': False, 'cmake_force_configure': False, 'cmake_target': None, 'cmake_target_skip_unavailable': False, 'install_base': '/home/student/nrs_lv_ws/install/cpp_pkg', 'merge_install': False, 'path': '/home/student/nrs_lv_ws/src/cpp_pkg', 'symlink_install': False, 'test_result_base': None}
[0.218s] Level 5:colcon.colcon_core.verb:set package 'py_pkg' build argument 'cmake_args' from command line to 'None'
[0.218s] Level 5:colcon.colcon_core.verb:set package 'py_pkg' build argument 'cmake_target' from command line to 'None'
[0.218s] Level 5:colcon.colcon_core.verb:set package 'py_pkg' build argument 'cmake_target_skip_unavailable' from command line to 'False'
[0.218s] Level 5:colcon.colcon_core.verb:set package 'py_pkg' build argument 'cmake_clean_cache' from command line to 'False'
[0.218s] Level 5:colcon.colcon_core.verb:set package 'py_pkg' build argument 'cmake_clean_first' from command line to 'False'
[0.218s] Level 5:colcon.colcon_core.verb:set package 'py_pkg' build argument 'cmake_force_configure' from command line to 'False'
[0.218s] Level 5:colcon.colcon_core.verb:set package 'py_pkg' build argument 'ament_cmake_args' from command line to 'None'
[0.218s] Level 5:colcon.colcon_core.verb:set package 'py_pkg' build argument 'catkin_cmake_args' from command line to 'None'
[0.218s] Level 5:colcon.colcon_core.verb:set package 'py_pkg' build argument 'catkin_skip_building_tests' from command line to 'False'
[0.218s] DEBUG:colcon.colcon_core.verb:Building package 'py_pkg' with the following arguments: {'ament_cmake_args': None, 'build_base': '/home/student/nrs_lv_ws/build/py_pkg', 'catkin_cmake_args': None, 'catkin_skip_building_tests': False, 'cmake_args': None, 'cmake_clean_cache': False, 'cmake_clean_first': False, 'cmake_force_configure': False, 'cmake_target': None, 'cmake_target_skip_unavailable': False, 'install_base': '/home/student/nrs_lv_ws/install/py_pkg', 'merge_install': False, 'path': '/home/student/nrs_lv_ws/src/py_pkg', 'symlink_install': False, 'test_result_base': None}
[0.218s] INFO:colcon.colcon_core.executor:Executing jobs using 'parallel' executor
[0.219s] DEBUG:colcon.colcon_parallel_executor.executor.parallel:run_until_complete
[0.219s] INFO:colcon.colcon_ros.task.ament_cmake.build:Building ROS package in '/home/student/nrs_lv_ws/src/cpp_pkg' with build type 'ament_cmake'
[0.219s] INFO:colcon.colcon_cmake.task.cmake.build:Building CMake package in '/home/student/nrs_lv_ws/src/cpp_pkg'
[0.223s] INFO:colcon.colcon_core.plugin_system:Skipping extension 'colcon_core.shell.bat': Not used on non-Windows systems
[0.223s] INFO:colcon.colcon_core.shell:Skip shell extension 'powershell' for command environment: Not usable outside of PowerShell
[0.223s] DEBUG:colcon.colcon_core.shell:Skip shell extension 'dsv' for command environment
[0.225s] INFO:colcon.colcon_ros.task.ament_python.build:Building ROS package in '/home/student/nrs_lv_ws/src/py_pkg' with build type 'ament_python'
[0.225s] Level 1:colcon.colcon_core.shell:create_environment_hook('py_pkg', 'ament_prefix_path')
[0.225s] INFO:colcon.colcon_core.shell:Creating environment hook '/home/student/nrs_lv_ws/install/py_pkg/share/py_pkg/hook/ament_prefix_path.ps1'
[0.226s] INFO:colcon.colcon_core.shell:Creating environment descriptor '/home/student/nrs_lv_ws/install/py_pkg/share/py_pkg/hook/ament_prefix_path.dsv'
[0.226s] INFO:colcon.colcon_core.shell:Creating environment hook '/home/student/nrs_lv_ws/install/py_pkg/share/py_pkg/hook/ament_prefix_path.sh'
[0.227s] INFO:colcon.colcon_core.shell:Skip shell extension 'powershell' for command environment: Not usable outside of PowerShell
[0.227s] DEBUG:colcon.colcon_core.shell:Skip shell extension 'dsv' for command environment
[0.230s] DEBUG:colcon.colcon_core.event_handler.log_command:Invoking command in '/home/student/nrs_lv_ws/build/cpp_pkg': CMAKE_PREFIX_PATH=${CMAKE_PREFIX_PATH}:/opt/ros/jazzy DEBUGINFOD_URLS=https://debuginfod.ubuntu.com /usr/bin/cmake /home/student/nrs_lv_ws/src/cpp_pkg -DCMAKE_INSTALL_PREFIX=/home/student/nrs_lv_ws/install/cpp_pkg
[0.359s] INFO:colcon.colcon_core.task.python.build:Building Python package in '/home/student/nrs_lv_ws/src/py_pkg'
[0.359s] INFO:colcon.colcon_core.shell:Skip shell extension 'powershell' for command environment: Not usable outside of PowerShell
[0.359s] DEBUG:colcon.colcon_core.shell:Skip shell extension 'dsv' for command environment
[0.951s] DEBUG:colcon.colcon_core.event_handler.log_command:Invoking command in '/home/student/nrs_lv_ws/src/py_pkg': DEBUGINFOD_URLS=https://debuginfod.ubuntu.com PYTHONPATH=/home/student/nrs_lv_ws/build/py_pkg/prefix_override:/usr/lib/python3/dist-packages/colcon_core/task/python/colcon_distutils_commands:/home/student/nrs_lv_ws/install/py_pkg/lib/python3.12/site-packages:${PYTHONPATH} /usr/bin/python3 -W ignore:setup.py install is deprecated -W ignore:easy_install command is deprecated setup.py egg_info --egg-base ../../build/py_pkg build --build-base /home/student/nrs_lv_ws/build/py_pkg/build install --record /home/student/nrs_lv_ws/build/py_pkg/install.log --single-version-externally-managed install_data
[1.240s] DEBUG:colcon.colcon_core.event_handler.log_command:Invoked command in '/home/student/nrs_lv_ws/src/py_pkg' returned '0': DEBUGINFOD_URLS=https://debuginfod.ubuntu.com PYTHONPATH=/home/student/nrs_lv_ws/build/py_pkg/prefix_override:/usr/lib/python3/dist-packages/colcon_core/task/python/colcon_distutils_commands:/home/student/nrs_lv_ws/install/py_pkg/lib/python3.12/site-packages:${PYTHONPATH} /usr/bin/python3 -W ignore:setup.py install is deprecated -W ignore:easy_install command is deprecated setup.py egg_info --egg-base ../../build/py_pkg build --build-base /home/student/nrs_lv_ws/build/py_pkg/build install --record /home/student/nrs_lv_ws/build/py_pkg/install.log --single-version-externally-managed install_data
[1.246s] Level 1:colcon.colcon_core.environment:checking '/home/student/nrs_lv_ws/install/py_pkg' for CMake module files
[1.247s] Level 1:colcon.colcon_core.environment:checking '/home/student/nrs_lv_ws/install/py_pkg' for CMake config files
[1.247s] Level 1:colcon.colcon_core.environment:checking '/home/student/nrs_lv_ws/install/py_pkg/lib'
[1.247s] Level 1:colcon.colcon_core.environment:checking '/home/student/nrs_lv_ws/install/py_pkg/bin'
[1.247s] Level 1:colcon.colcon_core.environment:checking '/home/student/nrs_lv_ws/install/py_pkg/lib/pkgconfig/py_pkg.pc'
[1.247s] Level 1:colcon.colcon_core.environment:checking '/home/student/nrs_lv_ws/install/py_pkg/lib/python3.12/site-packages'
[1.247s] Level 1:colcon.colcon_core.shell:create_environment_hook('py_pkg', 'pythonpath')
[1.248s] INFO:colcon.colcon_core.shell:Creating environment hook '/home/student/nrs_lv_ws/install/py_pkg/share/py_pkg/hook/pythonpath.ps1'
[1.248s] INFO:colcon.colcon_core.shell:Creating environment descriptor '/home/student/nrs_lv_ws/install/py_pkg/share/py_pkg/hook/pythonpath.dsv'
[1.248s] INFO:colcon.colcon_core.shell:Creating environment hook '/home/student/nrs_lv_ws/install/py_pkg/share/py_pkg/hook/pythonpath.sh'
[1.248s] Level 1:colcon.colcon_core.environment:checking '/home/student/nrs_lv_ws/install/py_pkg/bin'
[1.248s] Level 1:colcon.colcon_core.environment:create_environment_scripts_only(py_pkg)
[1.248s] INFO:colcon.colcon_core.shell:Creating package script '/home/student/nrs_lv_ws/install/py_pkg/share/py_pkg/package.ps1'
[1.249s] INFO:colcon.colcon_core.shell:Creating package descriptor '/home/student/nrs_lv_ws/install/py_pkg/share/py_pkg/package.dsv'
[1.250s] INFO:colcon.colcon_core.shell:Creating package script '/home/student/nrs_lv_ws/install/py_pkg/share/py_pkg/package.sh'
[1.250s] INFO:colcon.colcon_core.shell:Creating package script '/home/student/nrs_lv_ws/install/py_pkg/share/py_pkg/package.bash'
[1.251s] INFO:colcon.colcon_core.shell:Creating package script '/home/student/nrs_lv_ws/install/py_pkg/share/py_pkg/package.zsh'
[1.251s] Level 1:colcon.colcon_core.environment:create_file_with_runtime_dependencies(/home/student/nrs_lv_ws/install/py_pkg/share/colcon-core/packages/py_pkg)
[1.567s] DEBUG:colcon.colcon_core.event_handler.log_command:Invoked command in '/home/student/nrs_lv_ws/build/cpp_pkg' returned '0': CMAKE_PREFIX_PATH=${CMAKE_PREFIX_PATH}:/opt/ros/jazzy DEBUGINFOD_URLS=https://debuginfod.ubuntu.com /usr/bin/cmake /home/student/nrs_lv_ws/src/cpp_pkg -DCMAKE_INSTALL_PREFIX=/home/student/nrs_lv_ws/install/cpp_pkg
[1.567s] DEBUG:colcon.colcon_core.event_handler.log_command:Invoking command in '/home/student/nrs_lv_ws/build/cpp_pkg': CMAKE_PREFIX_PATH=${CMAKE_PREFIX_PATH}:/opt/ros/jazzy DEBUGINFOD_URLS=https://debuginfod.ubuntu.com /usr/bin/cmake --build /home/student/nrs_lv_ws/build/cpp_pkg -- -j16 -l16
[1.616s] DEBUG:colcon.colcon_core.event_handler.log_command:Invoked command in '/home/student/nrs_lv_ws/build/cpp_pkg' returned '0': CMAKE_PREFIX_PATH=${CMAKE_PREFIX_PATH}:/opt/ros/jazzy DEBUGINFOD_URLS=https://debuginfod.ubuntu.com /usr/bin/cmake --build /home/student/nrs_lv_ws/build/cpp_pkg -- -j16 -l16
[1.633s] DEBUG:colcon.colcon_core.event_handler.log_command:Invoking command in '/home/student/nrs_lv_ws/build/cpp_pkg': CMAKE_PREFIX_PATH=${CMAKE_PREFIX_PATH}:/opt/ros/jazzy DEBUGINFOD_URLS=https://debuginfod.ubuntu.com /usr/bin/cmake --install /home/student/nrs_lv_ws/build/cpp_pkg
[1.655s] Level 1:colcon.colcon_core.environment:create_environment_scripts_only(cpp_pkg)
[1.655s] DEBUG:colcon.colcon_core.event_handler.log_command:Invoked command in '/home/student/nrs_lv_ws/build/cpp_pkg' returned '0': CMAKE_PREFIX_PATH=${CMAKE_PREFIX_PATH}:/opt/ros/jazzy DEBUGINFOD_URLS=https://debuginfod.ubuntu.com /usr/bin/cmake --install /home/student/nrs_lv_ws/build/cpp_pkg
[1.656s] Level 1:colcon.colcon_core.environment:checking '/home/student/nrs_lv_ws/install/cpp_pkg' for CMake module files
[1.656s] Level 1:colcon.colcon_core.environment:checking '/home/student/nrs_lv_ws/install/cpp_pkg' for CMake config files
[1.656s] Level 1:colcon.colcon_core.shell:create_environment_hook('cpp_pkg', 'cmake_prefix_path')
[1.656s] INFO:colcon.colcon_core.shell:Creating environment hook '/home/student/nrs_lv_ws/install/cpp_pkg/share/cpp_pkg/hook/cmake_prefix_path.ps1'
[1.657s] INFO:colcon.colcon_core.shell:Creating environment descriptor '/home/student/nrs_lv_ws/install/cpp_pkg/share/cpp_pkg/hook/cmake_prefix_path.dsv'
[1.657s] INFO:colcon.colcon_core.shell:Creating environment hook '/home/student/nrs_lv_ws/install/cpp_pkg/share/cpp_pkg/hook/cmake_prefix_path.sh'
[1.658s] Level 1:colcon.colcon_core.environment:checking '/home/student/nrs_lv_ws/install/cpp_pkg/bin'
[1.658s] Level 1:colcon.colcon_core.environment:checking '/home/student/nrs_lv_ws/install/cpp_pkg/lib/pkgconfig/cpp_pkg.pc'
[1.659s] Level 1:colcon.colcon_core.environment:checking '/home/student/nrs_lv_ws/install/cpp_pkg/lib/python3.12/site-packages'
[1.659s] Level 1:colcon.colcon_core.environment:checking '/home/student/nrs_lv_ws/install/cpp_pkg/bin'
[1.660s] INFO:colcon.colcon_core.shell:Creating package script '/home/student/nrs_lv_ws/install/cpp_pkg/share/cpp_pkg/package.ps1'
[1.661s] INFO:colcon.colcon_core.shell:Creating package descriptor '/home/student/nrs_lv_ws/install/cpp_pkg/share/cpp_pkg/package.dsv'
[1.662s] INFO:colcon.colcon_core.shell:Creating package script '/home/student/nrs_lv_ws/install/cpp_pkg/share/cpp_pkg/package.sh'
[1.662s] INFO:colcon.colcon_core.shell:Creating package script '/home/student/nrs_lv_ws/install/cpp_pkg/share/cpp_pkg/package.bash'
[1.663s] INFO:colcon.colcon_core.shell:Creating package script '/home/student/nrs_lv_ws/install/cpp_pkg/share/cpp_pkg/package.zsh'
[1.664s] Level 1:colcon.colcon_core.environment:create_file_with_runtime_dependencies(/home/student/nrs_lv_ws/install/cpp_pkg/share/colcon-core/packages/cpp_pkg)
[1.665s] Level 1:colcon.colcon_core.environment:create_environment_scripts_only(cpp_pkg)
[1.665s] Level 1:colcon.colcon_core.environment:checking '/home/student/nrs_lv_ws/install/cpp_pkg' for CMake module files
[1.666s] Level 1:colcon.colcon_core.environment:checking '/home/student/nrs_lv_ws/install/cpp_pkg' for CMake config files
[1.666s] Level 1:colcon.colcon_core.shell:create_environment_hook('cpp_pkg', 'cmake_prefix_path')
[1.666s] INFO:colcon.colcon_core.shell:Creating environment hook '/home/student/nrs_lv_ws/install/cpp_pkg/share/cpp_pkg/hook/cmake_prefix_path.ps1'
[1.667s] INFO:colcon.colcon_core.shell:Creating environment descriptor '/home/student/nrs_lv_ws/install/cpp_pkg/share/cpp_pkg/hook/cmake_prefix_path.dsv'
[1.668s] INFO:colcon.colcon_core.shell:Creating environment hook '/home/student/nrs_lv_ws/install/cpp_pkg/share/cpp_pkg/hook/cmake_prefix_path.sh'
[1.668s] Level 1:colcon.colcon_core.environment:checking '/home/student/nrs_lv_ws/install/cpp_pkg/bin'
[1.669s] Level 1:colcon.colcon_core.environment:checking '/home/student/nrs_lv_ws/install/cpp_pkg/lib/pkgconfig/cpp_pkg.pc'
[1.669s] Level 1:colcon.colcon_core.environment:checking '/home/student/nrs_lv_ws/install/cpp_pkg/lib/python3.12/site-packages'
[1.669s] Level 1:colcon.colcon_core.environment:checking '/home/student/nrs_lv_ws/install/cpp_pkg/bin'
[1.669s] INFO:colcon.colcon_core.shell:Creating package script '/home/student/nrs_lv_ws/install/cpp_pkg/share/cpp_pkg/package.ps1'
[1.670s] INFO:colcon.colcon_core.shell:Creating package descriptor '/home/student/nrs_lv_ws/install/cpp_pkg/share/cpp_pkg/package.dsv'
[1.671s] INFO:colcon.colcon_core.shell:Creating package script '/home/student/nrs_lv_ws/install/cpp_pkg/share/cpp_pkg/package.sh'
[1.671s] INFO:colcon.colcon_core.shell:Creating package script '/home/student/nrs_lv_ws/install/cpp_pkg/share/cpp_pkg/package.bash'
[1.671s] INFO:colcon.colcon_core.shell:Creating package script '/home/student/nrs_lv_ws/install/cpp_pkg/share/cpp_pkg/package.zsh'
[1.672s] Level 1:colcon.colcon_core.environment:create_file_with_runtime_dependencies(/home/student/nrs_lv_ws/install/cpp_pkg/share/colcon-core/packages/cpp_pkg)
[1.672s] DEBUG:colcon.colcon_parallel_executor.executor.parallel:closing loop
[1.672s] DEBUG:colcon.colcon_parallel_executor.executor.parallel:loop closed
[1.672s] DEBUG:colcon.colcon_parallel_executor.executor.parallel:run_until_complete finished with '0'
[1.673s] DEBUG:colcon.colcon_core.event_reactor:joining thread
[1.694s] INFO:colcon.colcon_core.plugin_system:Skipping extension 'colcon_notification.desktop_notification.terminal_notifier': Not used on non-Darwin systems
[1.694s] INFO:colcon.colcon_core.plugin_system:Skipping extension 'colcon_notification.desktop_notification.win32': Not used on non-Windows systems
[1.694s] INFO:colcon.colcon_notification.desktop_notification:Sending desktop notification using 'notify2'
[1.719s] DEBUG:colcon.colcon_core.event_reactor:joined thread
[1.720s] INFO:colcon.colcon_core.shell:Creating prefix script '/home/student/nrs_lv_ws/install/local_setup.ps1'
[1.720s] INFO:colcon.colcon_core.shell:Creating prefix util module '/home/student/nrs_lv_ws/install/_local_setup_util_ps1.py'
[1.721s] INFO:colcon.colcon_core.shell:Creating prefix chain script '/home/student/nrs_lv_ws/install/setup.ps1'
[1.722s] INFO:colcon.colcon_core.shell:Creating prefix script '/home/student/nrs_lv_ws/install/local_setup.sh'
[1.722s] INFO:colcon.colcon_core.shell:Creating prefix util module '/home/student/nrs_lv_ws/install/_local_setup_util_sh.py'
[1.723s] INFO:colcon.colcon_core.shell:Creating prefix chain script '/home/student/nrs_lv_ws/install/setup.sh'
[1.723s] INFO:colcon.colcon_core.shell:Creating prefix script '/home/student/nrs_lv_ws/install/local_setup.bash'
[1.724s] INFO:colcon.colcon_core.shell:Creating prefix chain script '/home/student/nrs_lv_ws/install/setup.bash'
[1.725s] INFO:colcon.colcon_core.shell:Creating prefix script '/home/student/nrs_lv_ws/install/local_setup.zsh'
[1.725s] INFO:colcon.colcon_core.shell:Creating prefix chain script '/home/student/nrs_lv_ws/install/setup.zsh'
