running egg_info
writing ../../build/py_pkg/py_pkg.egg-info/PKG-INFO
writing dependency_links to ../../build/py_pkg/py_pkg.egg-info/dependency_links.txt
writing entry points to ../../build/py_pkg/py_pkg.egg-info/entry_points.txt
writing requirements to ../../build/py_pkg/py_pkg.egg-info/requires.txt
writing top-level names to ../../build/py_pkg/py_pkg.egg-info/top_level.txt
reading manifest file '../../build/py_pkg/py_pkg.egg-info/SOURCES.txt'
writing manifest file '../../build/py_pkg/py_pkg.egg-info/SOURCES.txt'
running build
running build_py
copying py_pkg/complex_pub.py -> /home/student/nrs_lv_ws/build/py_pkg/build/lib/py_pkg
running install
running install_lib
copying /home/student/nrs_lv_ws/build/py_pkg/build/lib/py_pkg/complex_pub.py -> /home/student/nrs_lv_ws/install/py_pkg/lib/python3.12/site-packages/py_pkg
byte-compiling /home/student/nrs_lv_ws/install/py_pkg/lib/python3.12/site-packages/py_pkg/complex_pub.py to complex_pub.cpython-312.pyc
running install_data
copying package.xml -> /home/student/nrs_lv_ws/install/py_pkg/share/py_pkg
running install_egg_info
removing '/home/student/nrs_lv_ws/install/py_pkg/lib/python3.12/site-packages/py_pkg-0.0.0-py3.12.egg-info' (and everything under it)
Copying ../../build/py_pkg/py_pkg.egg-info to /home/student/nrs_lv_ws/install/py_pkg/lib/python3.12/site-packages/py_pkg-0.0.0-py3.12.egg-info
running install_scripts
Installing complex_pub script to /home/student/nrs_lv_ws/install/py_pkg/lib/py_pkg
Installing my_node script to /home/student/nrs_lv_ws/install/py_pkg/lib/py_pkg
writing list of installed files to '/home/student/nrs_lv_ws/build/py_pkg/install.log'
