[0.007s] Invoking command in '/home/student/nrs_lv_ws/build/my_interfaces': CMAKE_PREFIX_PATH=${CMAKE_PREFIX_PATH}:/home/student/nrs_lv_ws/install/py_pkg:/opt/ros/jazzy DEBUGINFOD_URLS=https://debuginfod.ubuntu.com /usr/bin/cmake --build /home/student/nrs_lv_ws/build/my_interfaces -- -j16 -l16
[0.049s] [  2%] Built target my_interfaces__rosidl_generator_type_description
[0.052s] [  2%] Built target ament_cmake_python_copy_my_interfaces
[0.065s] [ 20%] Built target my_interfaces__rosidl_generator_c
[0.065s] [ 20%] Built target my_interfaces__cpp
[0.082s] [ 29%] Built target my_interfaces__rosidl_typesupport_introspection_c
[0.082s] [ 44%] Built target my_interfaces__rosidl_typesupport_introspection_cpp
[0.082s] [ 47%] Built target my_interfaces__rosidl_typesupport_fastrtps_c
[0.082s] [ 55%] Built target my_interfaces__rosidl_typesupport_fastrtps_cpp
[0.084s] [ 64%] Built target my_interfaces__rosidl_typesupport_c
[0.087s] [ 73%] Built target my_interfaces__rosidl_typesupport_cpp
[0.104s] [ 73%] Built target my_interfaces
[0.119s] [ 76%] Built target my_interfaces__py
[0.136s] [ 82%] Built target my_interfaces__rosidl_generator_py
[0.150s] [ 88%] Built target my_interfaces_s__rosidl_typesupport_c
[0.151s] [ 94%] Built target my_interfaces_s__rosidl_typesupport_fastrtps_c
[0.152s] [100%] Built target my_interfaces_s__rosidl_typesupport_introspection_c
[0.193s] running egg_info
[0.205s] writing my_interfaces.egg-info/PKG-INFO
[0.205s] writing dependency_links to my_interfaces.egg-info/dependency_links.txt
[0.205s] writing top-level names to my_interfaces.egg-info/top_level.txt
[0.235s] reading manifest file 'my_interfaces.egg-info/SOURCES.txt'
[0.235s] writing manifest file 'my_interfaces.egg-info/SOURCES.txt'
[0.254s] [100%] Built target ament_cmake_python_build_my_interfaces_egg
[0.264s] Invoked command in '/home/student/nrs_lv_ws/build/my_interfaces' returned '0': CMAKE_PREFIX_PATH=${CMAKE_PREFIX_PATH}:/home/student/nrs_lv_ws/install/py_pkg:/opt/ros/jazzy DEBUGINFOD_URLS=https://debuginfod.ubuntu.com /usr/bin/cmake --build /home/student/nrs_lv_ws/build/my_interfaces -- -j16 -l16
[0.265s] Invoking command in '/home/student/nrs_lv_ws/build/my_interfaces': CMAKE_PREFIX_PATH=${CMAKE_PREFIX_PATH}:/home/student/nrs_lv_ws/install/py_pkg:/opt/ros/jazzy DEBUGINFOD_URLS=https://debuginfod.ubuntu.com /usr/bin/cmake --install /home/student/nrs_lv_ws/build/my_interfaces
[0.273s] -- Install configuration: ""
[0.273s] -- Up-to-date: /home/student/nrs_lv_ws/install/my_interfaces/share/ament_index/resource_index/rosidl_interfaces/my_interfaces
[0.273s] -- Up-to-date: /home/student/nrs_lv_ws/install/my_interfaces/share/my_interfaces/msg/Complex.json
[0.273s] -- Up-to-date: /home/student/nrs_lv_ws/install/my_interfaces/include/my_interfaces/my_interfaces
[0.273s] -- Up-to-date: /home/student/nrs_lv_ws/install/my_interfaces/include/my_interfaces/my_interfaces/msg
[0.273s] -- Up-to-date: /home/student/nrs_lv_ws/install/my_interfaces/include/my_interfaces/my_interfaces/msg/detail
[0.274s] -- Up-to-date: /home/student/nrs_lv_ws/install/my_interfaces/include/my_interfaces/my_interfaces/msg/detail/complex__functions.c
[0.274s] -- Up-to-date: /home/student/nrs_lv_ws/install/my_interfaces/include/my_interfaces/my_interfaces/msg/detail/complex__struct.h
[0.274s] -- Up-to-date: /home/student/nrs_lv_ws/install/my_interfaces/include/my_interfaces/my_interfaces/msg/detail/complex__type_support.c
[0.274s] -- Up-to-date: /home/student/nrs_lv_ws/install/my_interfaces/include/my_interfaces/my_interfaces/msg/detail/complex__description.c
[0.274s] -- Up-to-date: /home/student/nrs_lv_ws/install/my_interfaces/include/my_interfaces/my_interfaces/msg/detail/complex__functions.h
[0.274s] -- Up-to-date: /home/student/nrs_lv_ws/install/my_interfaces/include/my_interfaces/my_interfaces/msg/detail/complex__type_support.h
[0.274s] -- Up-to-date: /home/student/nrs_lv_ws/install/my_interfaces/include/my_interfaces/my_interfaces/msg/rosidl_generator_c__visibility_control.h
[0.274s] -- Up-to-date: /home/student/nrs_lv_ws/install/my_interfaces/include/my_interfaces/my_interfaces/msg/complex.h
[0.274s] -- Up-to-date: /home/student/nrs_lv_ws/install/my_interfaces/share/my_interfaces/environment/library_path.sh
[0.274s] -- Up-to-date: /home/student/nrs_lv_ws/install/my_interfaces/share/my_interfaces/environment/library_path.dsv
[0.274s] -- Up-to-date: /home/student/nrs_lv_ws/install/my_interfaces/lib/libmy_interfaces__rosidl_generator_c.so
[0.274s] -- Up-to-date: /home/student/nrs_lv_ws/install/my_interfaces/include/my_interfaces/my_interfaces
[0.275s] -- Up-to-date: /home/student/nrs_lv_ws/install/my_interfaces/include/my_interfaces/my_interfaces/msg
[0.275s] -- Up-to-date: /home/student/nrs_lv_ws/install/my_interfaces/include/my_interfaces/my_interfaces/msg/detail
[0.275s] -- Up-to-date: /home/student/nrs_lv_ws/install/my_interfaces/include/my_interfaces/my_interfaces/msg/detail/complex__rosidl_typesupport_fastrtps_c.h
[0.275s] -- Up-to-date: /home/student/nrs_lv_ws/install/my_interfaces/include/my_interfaces/my_interfaces/msg/rosidl_typesupport_fastrtps_c__visibility_control.h
[0.275s] -- Up-to-date: /home/student/nrs_lv_ws/install/my_interfaces/lib/libmy_interfaces__rosidl_typesupport_fastrtps_c.so
[0.275s] -- Up-to-date: /home/student/nrs_lv_ws/install/my_interfaces/include/my_interfaces/my_interfaces
[0.275s] -- Up-to-date: /home/student/nrs_lv_ws/install/my_interfaces/include/my_interfaces/my_interfaces/msg
[0.275s] -- Up-to-date: /home/student/nrs_lv_ws/install/my_interfaces/include/my_interfaces/my_interfaces/msg/detail
[0.275s] -- Up-to-date: /home/student/nrs_lv_ws/install/my_interfaces/include/my_interfaces/my_interfaces/msg/detail/complex__traits.hpp
[0.275s] -- Up-to-date: /home/student/nrs_lv_ws/install/my_interfaces/include/my_interfaces/my_interfaces/msg/detail/complex__builder.hpp
[0.275s] -- Up-to-date: /home/student/nrs_lv_ws/install/my_interfaces/include/my_interfaces/my_interfaces/msg/detail/complex__type_support.hpp
[0.275s] -- Up-to-date: /home/student/nrs_lv_ws/install/my_interfaces/include/my_interfaces/my_interfaces/msg/detail/complex__struct.hpp
[0.275s] -- Up-to-date: /home/student/nrs_lv_ws/install/my_interfaces/include/my_interfaces/my_interfaces/msg/rosidl_generator_cpp__visibility_control.hpp
[0.275s] -- Up-to-date: /home/student/nrs_lv_ws/install/my_interfaces/include/my_interfaces/my_interfaces/msg/complex.hpp
[0.275s] -- Up-to-date: /home/student/nrs_lv_ws/install/my_interfaces/include/my_interfaces/my_interfaces
[0.275s] -- Up-to-date: /home/student/nrs_lv_ws/install/my_interfaces/include/my_interfaces/my_interfaces/msg
[0.275s] -- Up-to-date: /home/student/nrs_lv_ws/install/my_interfaces/include/my_interfaces/my_interfaces/msg/detail
[0.275s] -- Up-to-date: /home/student/nrs_lv_ws/install/my_interfaces/include/my_interfaces/my_interfaces/msg/detail/complex__rosidl_typesupport_fastrtps_cpp.hpp
[0.275s] -- Up-to-date: /home/student/nrs_lv_ws/install/my_interfaces/include/my_interfaces/my_interfaces/msg/detail/dds_fastrtps
[0.275s] -- Up-to-date: /home/student/nrs_lv_ws/install/my_interfaces/include/my_interfaces/my_interfaces/msg/rosidl_typesupport_fastrtps_cpp__visibility_control.h
[0.275s] -- Up-to-date: /home/student/nrs_lv_ws/install/my_interfaces/lib/libmy_interfaces__rosidl_typesupport_fastrtps_cpp.so
[0.275s] -- Up-to-date: /home/student/nrs_lv_ws/install/my_interfaces/include/my_interfaces/my_interfaces
[0.275s] -- Up-to-date: /home/student/nrs_lv_ws/install/my_interfaces/include/my_interfaces/my_interfaces/msg
[0.276s] -- Up-to-date: /home/student/nrs_lv_ws/install/my_interfaces/include/my_interfaces/my_interfaces/msg/detail
[0.276s] -- Up-to-date: /home/student/nrs_lv_ws/install/my_interfaces/include/my_interfaces/my_interfaces/msg/detail/complex__rosidl_typesupport_introspection_c.h
[0.276s] -- Up-to-date: /home/student/nrs_lv_ws/install/my_interfaces/include/my_interfaces/my_interfaces/msg/detail/complex__type_support.c
[0.276s] -- Up-to-date: /home/student/nrs_lv_ws/install/my_interfaces/include/my_interfaces/my_interfaces/msg/rosidl_typesupport_introspection_c__visibility_control.h
[0.276s] -- Up-to-date: /home/student/nrs_lv_ws/install/my_interfaces/lib/libmy_interfaces__rosidl_typesupport_introspection_c.so
[0.276s] -- Up-to-date: /home/student/nrs_lv_ws/install/my_interfaces/lib/libmy_interfaces__rosidl_typesupport_c.so
[0.276s] -- Up-to-date: /home/student/nrs_lv_ws/install/my_interfaces/include/my_interfaces/my_interfaces
[0.276s] -- Up-to-date: /home/student/nrs_lv_ws/install/my_interfaces/include/my_interfaces/my_interfaces/msg
[0.276s] -- Up-to-date: /home/student/nrs_lv_ws/install/my_interfaces/include/my_interfaces/my_interfaces/msg/detail
[0.276s] -- Up-to-date: /home/student/nrs_lv_ws/install/my_interfaces/include/my_interfaces/my_interfaces/msg/detail/complex__rosidl_typesupport_introspection_cpp.hpp
[0.276s] -- Up-to-date: /home/student/nrs_lv_ws/install/my_interfaces/include/my_interfaces/my_interfaces/msg/detail/complex__type_support.cpp
[0.276s] -- Up-to-date: /home/student/nrs_lv_ws/install/my_interfaces/lib/libmy_interfaces__rosidl_typesupport_introspection_cpp.so
[0.276s] -- Up-to-date: /home/student/nrs_lv_ws/install/my_interfaces/lib/libmy_interfaces__rosidl_typesupport_cpp.so
[0.276s] -- Up-to-date: /home/student/nrs_lv_ws/install/my_interfaces/share/my_interfaces/environment/pythonpath.sh
[0.276s] -- Up-to-date: /home/student/nrs_lv_ws/install/my_interfaces/share/my_interfaces/environment/pythonpath.dsv
[0.276s] -- Up-to-date: /home/student/nrs_lv_ws/install/my_interfaces/lib/python3.12/site-packages/my_interfaces-0.0.0-py3.12.egg-info
[0.276s] -- Installing: /home/student/nrs_lv_ws/install/my_interfaces/lib/python3.12/site-packages/my_interfaces-0.0.0-py3.12.egg-info/dependency_links.txt
[0.276s] -- Installing: /home/student/nrs_lv_ws/install/my_interfaces/lib/python3.12/site-packages/my_interfaces-0.0.0-py3.12.egg-info/top_level.txt
[0.276s] -- Installing: /home/student/nrs_lv_ws/install/my_interfaces/lib/python3.12/site-packages/my_interfaces-0.0.0-py3.12.egg-info/SOURCES.txt
[0.276s] -- Installing: /home/student/nrs_lv_ws/install/my_interfaces/lib/python3.12/site-packages/my_interfaces-0.0.0-py3.12.egg-info/PKG-INFO
[0.276s] -- Up-to-date: /home/student/nrs_lv_ws/install/my_interfaces/lib/python3.12/site-packages/my_interfaces
[0.276s] -- Up-to-date: /home/student/nrs_lv_ws/install/my_interfaces/lib/python3.12/site-packages/my_interfaces/my_interfaces_s__rosidl_typesupport_fastrtps_c.so
[0.276s] -- Up-to-date: /home/student/nrs_lv_ws/install/my_interfaces/lib/python3.12/site-packages/my_interfaces/my_interfaces_s__rosidl_typesupport_introspection_c.so
[0.277s] -- Up-to-date: /home/student/nrs_lv_ws/install/my_interfaces/lib/python3.12/site-packages/my_interfaces/_my_interfaces_s.ep.rosidl_typesupport_introspection_c.c
[0.277s] -- Up-to-date: /home/student/nrs_lv_ws/install/my_interfaces/lib/python3.12/site-packages/my_interfaces/_my_interfaces_s.ep.rosidl_typesupport_c.c
[0.277s] -- Up-to-date: /home/student/nrs_lv_ws/install/my_interfaces/lib/python3.12/site-packages/my_interfaces/_my_interfaces_s.ep.rosidl_typesupport_fastrtps_c.c
[0.277s] -- Up-to-date: /home/student/nrs_lv_ws/install/my_interfaces/lib/python3.12/site-packages/my_interfaces/__init__.py
[0.277s] -- Up-to-date: /home/student/nrs_lv_ws/install/my_interfaces/lib/python3.12/site-packages/my_interfaces/msg
[0.277s] -- Up-to-date: /home/student/nrs_lv_ws/install/my_interfaces/lib/python3.12/site-packages/my_interfaces/msg/_complex.py
[0.277s] -- Up-to-date: /home/student/nrs_lv_ws/install/my_interfaces/lib/python3.12/site-packages/my_interfaces/msg/_complex_s.c
[0.277s] -- Up-to-date: /home/student/nrs_lv_ws/install/my_interfaces/lib/python3.12/site-packages/my_interfaces/msg/__init__.py
[0.277s] -- Up-to-date: /home/student/nrs_lv_ws/install/my_interfaces/lib/python3.12/site-packages/my_interfaces/my_interfaces_s__rosidl_typesupport_c.so
[0.300s] Listing '/home/student/nrs_lv_ws/install/my_interfaces/lib/python3.12/site-packages/my_interfaces'...
[0.300s] Listing '/home/student/nrs_lv_ws/install/my_interfaces/lib/python3.12/site-packages/my_interfaces/msg'...
[0.303s] -- Up-to-date: /home/student/nrs_lv_ws/install/my_interfaces/lib/python3.12/site-packages/my_interfaces/my_interfaces_s__rosidl_typesupport_fastrtps_c.so
[0.303s] -- Up-to-date: /home/student/nrs_lv_ws/install/my_interfaces/lib/python3.12/site-packages/my_interfaces/my_interfaces_s__rosidl_typesupport_introspection_c.so
[0.303s] -- Up-to-date: /home/student/nrs_lv_ws/install/my_interfaces/lib/python3.12/site-packages/my_interfaces/my_interfaces_s__rosidl_typesupport_c.so
[0.303s] -- Up-to-date: /home/student/nrs_lv_ws/install/my_interfaces/lib/libmy_interfaces__rosidl_generator_py.so
[0.304s] -- Up-to-date: /home/student/nrs_lv_ws/install/my_interfaces/share/my_interfaces/msg/Complex.idl
[0.304s] -- Up-to-date: /home/student/nrs_lv_ws/install/my_interfaces/share/my_interfaces/msg/Complex.msg
[0.304s] -- Up-to-date: /home/student/nrs_lv_ws/install/my_interfaces/share/ament_index/resource_index/package_run_dependencies/my_interfaces
[0.304s] -- Up-to-date: /home/student/nrs_lv_ws/install/my_interfaces/share/ament_index/resource_index/parent_prefix_path/my_interfaces
[0.304s] -- Up-to-date: /home/student/nrs_lv_ws/install/my_interfaces/share/my_interfaces/environment/ament_prefix_path.sh
[0.304s] -- Up-to-date: /home/student/nrs_lv_ws/install/my_interfaces/share/my_interfaces/environment/ament_prefix_path.dsv
[0.304s] -- Up-to-date: /home/student/nrs_lv_ws/install/my_interfaces/share/my_interfaces/environment/path.sh
[0.304s] -- Up-to-date: /home/student/nrs_lv_ws/install/my_interfaces/share/my_interfaces/environment/path.dsv
[0.304s] -- Up-to-date: /home/student/nrs_lv_ws/install/my_interfaces/share/my_interfaces/local_setup.bash
[0.304s] -- Up-to-date: /home/student/nrs_lv_ws/install/my_interfaces/share/my_interfaces/local_setup.sh
[0.304s] -- Up-to-date: /home/student/nrs_lv_ws/install/my_interfaces/share/my_interfaces/local_setup.zsh
[0.304s] -- Up-to-date: /home/student/nrs_lv_ws/install/my_interfaces/share/my_interfaces/local_setup.dsv
[0.304s] -- Installing: /home/student/nrs_lv_ws/install/my_interfaces/share/my_interfaces/package.dsv
[0.304s] -- Up-to-date: /home/student/nrs_lv_ws/install/my_interfaces/share/ament_index/resource_index/packages/my_interfaces
[0.304s] -- Up-to-date: /home/student/nrs_lv_ws/install/my_interfaces/share/my_interfaces/cmake/export_my_interfaces__rosidl_generator_cExport.cmake
[0.304s] -- Up-to-date: /home/student/nrs_lv_ws/install/my_interfaces/share/my_interfaces/cmake/export_my_interfaces__rosidl_generator_cExport-noconfig.cmake
[0.304s] -- Up-to-date: /home/student/nrs_lv_ws/install/my_interfaces/share/my_interfaces/cmake/export_my_interfaces__rosidl_typesupport_fastrtps_cExport.cmake
[0.304s] -- Up-to-date: /home/student/nrs_lv_ws/install/my_interfaces/share/my_interfaces/cmake/export_my_interfaces__rosidl_typesupport_fastrtps_cExport-noconfig.cmake
[0.304s] -- Up-to-date: /home/student/nrs_lv_ws/install/my_interfaces/share/my_interfaces/cmake/export_my_interfaces__rosidl_generator_cppExport.cmake
[0.304s] -- Up-to-date: /home/student/nrs_lv_ws/install/my_interfaces/share/my_interfaces/cmake/export_my_interfaces__rosidl_typesupport_fastrtps_cppExport.cmake
[0.304s] -- Up-to-date: /home/student/nrs_lv_ws/install/my_interfaces/share/my_interfaces/cmake/export_my_interfaces__rosidl_typesupport_fastrtps_cppExport-noconfig.cmake
[0.304s] -- Up-to-date: /home/student/nrs_lv_ws/install/my_interfaces/share/my_interfaces/cmake/my_interfaces__rosidl_typesupport_introspection_cExport.cmake
[0.304s] -- Up-to-date: /home/student/nrs_lv_ws/install/my_interfaces/share/my_interfaces/cmake/my_interfaces__rosidl_typesupport_introspection_cExport-noconfig.cmake
[0.304s] -- Up-to-date: /home/student/nrs_lv_ws/install/my_interfaces/share/my_interfaces/cmake/my_interfaces__rosidl_typesupport_cExport.cmake
[0.304s] -- Up-to-date: /home/student/nrs_lv_ws/install/my_interfaces/share/my_interfaces/cmake/my_interfaces__rosidl_typesupport_cExport-noconfig.cmake
[0.305s] -- Up-to-date: /home/student/nrs_lv_ws/install/my_interfaces/share/my_interfaces/cmake/my_interfaces__rosidl_typesupport_introspection_cppExport.cmake
[0.305s] -- Up-to-date: /home/student/nrs_lv_ws/install/my_interfaces/share/my_interfaces/cmake/my_interfaces__rosidl_typesupport_introspection_cppExport-noconfig.cmake
[0.305s] -- Up-to-date: /home/student/nrs_lv_ws/install/my_interfaces/share/my_interfaces/cmake/my_interfaces__rosidl_typesupport_cppExport.cmake
[0.305s] -- Up-to-date: /home/student/nrs_lv_ws/install/my_interfaces/share/my_interfaces/cmake/my_interfaces__rosidl_typesupport_cppExport-noconfig.cmake
[0.305s] -- Up-to-date: /home/student/nrs_lv_ws/install/my_interfaces/share/my_interfaces/cmake/export_my_interfaces__rosidl_generator_pyExport.cmake
[0.305s] -- Up-to-date: /home/student/nrs_lv_ws/install/my_interfaces/share/my_interfaces/cmake/export_my_interfaces__rosidl_generator_pyExport-noconfig.cmake
[0.305s] -- Up-to-date: /home/student/nrs_lv_ws/install/my_interfaces/share/my_interfaces/cmake/rosidl_cmake-extras.cmake
[0.305s] -- Up-to-date: /home/student/nrs_lv_ws/install/my_interfaces/share/my_interfaces/cmake/ament_cmake_export_include_directories-extras.cmake
[0.305s] -- Up-to-date: /home/student/nrs_lv_ws/install/my_interfaces/share/my_interfaces/cmake/ament_cmake_export_libraries-extras.cmake
[0.305s] -- Up-to-date: /home/student/nrs_lv_ws/install/my_interfaces/share/my_interfaces/cmake/ament_cmake_export_targets-extras.cmake
[0.305s] -- Up-to-date: /home/student/nrs_lv_ws/install/my_interfaces/share/my_interfaces/cmake/rosidl_cmake_export_typesupport_targets-extras.cmake
[0.305s] -- Up-to-date: /home/student/nrs_lv_ws/install/my_interfaces/share/my_interfaces/cmake/ament_cmake_export_dependencies-extras.cmake
[0.305s] -- Up-to-date: /home/student/nrs_lv_ws/install/my_interfaces/share/my_interfaces/cmake/rosidl_cmake_export_typesupport_libraries-extras.cmake
[0.305s] -- Up-to-date: /home/student/nrs_lv_ws/install/my_interfaces/share/my_interfaces/cmake/my_interfacesConfig.cmake
[0.305s] -- Up-to-date: /home/student/nrs_lv_ws/install/my_interfaces/share/my_interfaces/cmake/my_interfacesConfig-version.cmake
[0.305s] -- Up-to-date: /home/student/nrs_lv_ws/install/my_interfaces/share/my_interfaces/package.xml
[0.306s] Invoked command in '/home/student/nrs_lv_ws/build/my_interfaces' returned '0': CMAKE_PREFIX_PATH=${CMAKE_PREFIX_PATH}:/home/student/nrs_lv_ws/install/py_pkg:/opt/ros/jazzy DEBUGINFOD_URLS=https://debuginfod.ubuntu.com /usr/bin/cmake --install /home/student/nrs_lv_ws/build/my_interfaces
