-- The C compiler identification is GNU 13.3.0
-- The CXX compiler identification is GNU 13.3.0
-- Detecting C compiler ABI info
-- Detecting C compiler ABI info - done
-- Check for working C compiler: /usr/bin/cc - skipped
-- Detecting C compile features
-- Detecting C compile features - done
-- Detecting CXX compiler ABI info
-- Detecting CXX compiler ABI info - done
-- Check for working CXX compiler: /usr/bin/c++ - skipped
-- Detecting CXX compile features
-- Detecting CXX compile features - done
-- Found ament_cmake: 2.5.4 (/opt/ros/jazzy/share/ament_cmake/cmake)
-- Found Python3: /usr/bin/python3 (found version "3.12.3") found components: Interpreter 
-- Found rclcpp: 28.1.12 (/opt/ros/jazzy/share/rclcpp/cmake)
-- Found rosidl_generator_c: 4.6.6 (/opt/ros/jazzy/share/rosidl_generator_c/cmake)
-- Found rosidl_generator_cpp: 4.6.6 (/opt/ros/jazzy/share/rosidl_generator_cpp/cmake)
-- Using all available rosidl_typesupport_c: rosidl_typesupport_fastrtps_c;rosidl_typesupport_introspection_c
-- Using all available rosidl_typesupport_cpp: rosidl_typesupport_fastrtps_cpp;rosidl_typesupport_introspection_cpp
-- Found rmw_implementation_cmake: 7.3.2 (/opt/ros/jazzy/share/rmw_implementation_cmake/cmake)
-- Found rmw_fastrtps_cpp: 8.4.3 (/opt/ros/jazzy/share/rmw_fastrtps_cpp/cmake)
-- Found OpenSSL: /usr/lib/x86_64-linux-gnu/libcrypto.so (found version "3.0.13")  
-- Found FastRTPS: /opt/ros/jazzy/include (Required is at least version "2.13") 
-- Using RMW implementation 'rmw_fastrtps_cpp' as default
-- Configuring done (1.0s)
-- Generating done (0.0s)
-- Build files have been written to: /home/student/nrs_lv_ws/build/my_bringup
-- Install configuration: ""
-- Installing: /home/student/nrs_lv_ws/install/my_bringup/share/my_bringup//launch
-- Installing: /home/student/nrs_lv_ws/install/my_bringup/share/my_bringup//launch/simple.launch.py
-- Installing: /home/student/nrs_lv_ws/install/my_bringup/share/my_bringup//launch/simple.launch.xml
-- Installing: /home/student/nrs_lv_ws/install/my_bringup/share/ament_index/resource_index/package_run_dependencies/my_bringup
-- Installing: /home/student/nrs_lv_ws/install/my_bringup/share/ament_index/resource_index/parent_prefix_path/my_bringup
-- Installing: /home/student/nrs_lv_ws/install/my_bringup/share/my_bringup/environment/ament_prefix_path.sh
-- Installing: /home/student/nrs_lv_ws/install/my_bringup/share/my_bringup/environment/ament_prefix_path.dsv
-- Installing: /home/student/nrs_lv_ws/install/my_bringup/share/my_bringup/environment/path.sh
-- Installing: /home/student/nrs_lv_ws/install/my_bringup/share/my_bringup/environment/path.dsv
-- Installing: /home/student/nrs_lv_ws/install/my_bringup/share/my_bringup/local_setup.bash
-- Installing: /home/student/nrs_lv_ws/install/my_bringup/share/my_bringup/local_setup.sh
-- Installing: /home/student/nrs_lv_ws/install/my_bringup/share/my_bringup/local_setup.zsh
-- Installing: /home/student/nrs_lv_ws/install/my_bringup/share/my_bringup/local_setup.dsv
-- Installing: /home/student/nrs_lv_ws/install/my_bringup/share/my_bringup/package.dsv
-- Installing: /home/student/nrs_lv_ws/install/my_bringup/share/ament_index/resource_index/packages/my_bringup
-- Installing: /home/student/nrs_lv_ws/install/my_bringup/share/my_bringup/cmake/my_bringupConfig.cmake
-- Installing: /home/student/nrs_lv_ws/install/my_bringup/share/my_bringup/cmake/my_bringupConfig-version.cmake
-- Installing: /home/student/nrs_lv_ws/install/my_bringup/share/my_bringup/package.xml
