[0.007s] Invoking command in '/home/student/nrs_lv_ws/build/my_bringup': AMENT_PREFIX_PATH=/home/student/nrs_lv_ws/install/py_pkg:/home/student/nrs_lv_ws/install/my_interfaces:/home/student/nrs_lv_ws/install/cpp_pkg:/opt/ros/jazzy CMAKE_PREFIX_PATH=${CMAKE_PREFIX_PATH}:/home/student/nrs_lv_ws/install/py_pkg:/opt/ros/jazzy DEBUGINFOD_URLS=https://debuginfod.ubuntu.com PYTHONPATH=/home/student/nrs_lv_ws/install/py_pkg/lib/python3.12/site-packages:/home/student/nrs_lv_ws/install/my_interfaces/lib/python3.12/site-packages:/opt/ros/jazzy/lib/python3.12/site-packages /usr/bin/cmake /home/student/nrs_lv_ws/src/my_bringup -DCMAKE_INSTALL_PREFIX=/home/student/nrs_lv_ws/install/my_bringup
[0.061s] -- The C compiler identification is GNU 13.3.0
[0.120s] -- The CXX compiler identification is GNU 13.3.0
[0.149s] -- Detecting C compiler ABI info
[0.304s] -- Detecting C compiler ABI info - done
[0.313s] -- Check for working C compiler: /usr/bin/cc - skipped
[0.313s] -- Detecting C compile features
[0.313s] -- Detecting C compile features - done
[0.328s] -- Detecting CXX compiler ABI info
[0.457s] -- Detecting CXX compiler ABI info - done
[0.464s] -- Check for working CXX compiler: /usr/bin/c++ - skipped
[0.464s] -- Detecting CXX compile features
[0.465s] -- Detecting CXX compile features - done
[0.469s] -- Found ament_cmake: 2.5.4 (/opt/ros/jazzy/share/ament_cmake/cmake)
[0.577s] -- Found Python3: /usr/bin/python3 (found version "3.12.3") found components: Interpreter 
[0.651s] -- Found rclcpp: 28.1.12 (/opt/ros/jazzy/share/rclcpp/cmake)
[0.683s] -- Found rosidl_generator_c: 4.6.6 (/opt/ros/jazzy/share/rosidl_generator_c/cmake)
[0.693s] -- Found rosidl_generator_cpp: 4.6.6 (/opt/ros/jazzy/share/rosidl_generator_cpp/cmake)
[0.704s] -- Using all available rosidl_typesupport_c: rosidl_typesupport_fastrtps_c;rosidl_typesupport_introspection_c
[0.717s] -- Using all available rosidl_typesupport_cpp: rosidl_typesupport_fastrtps_cpp;rosidl_typesupport_introspection_cpp
[0.770s] -- Found rmw_implementation_cmake: 7.3.2 (/opt/ros/jazzy/share/rmw_implementation_cmake/cmake)
[0.772s] -- Found rmw_fastrtps_cpp: 8.4.3 (/opt/ros/jazzy/share/rmw_fastrtps_cpp/cmake)
[0.881s] -- Found OpenSSL: /usr/lib/x86_64-linux-gnu/libcrypto.so (found version "3.0.13")  
[0.904s] -- Found FastRTPS: /opt/ros/jazzy/include (Required is at least version "2.13") 
[0.926s] -- Using RMW implementation 'rmw_fastrtps_cpp' as default
[1.033s] -- Configuring done (1.0s)
[1.035s] -- Generating done (0.0s)
[1.036s] -- Build files have been written to: /home/student/nrs_lv_ws/build/my_bringup
[1.043s] Invoked command in '/home/student/nrs_lv_ws/build/my_bringup' returned '0': AMENT_PREFIX_PATH=/home/student/nrs_lv_ws/install/py_pkg:/home/student/nrs_lv_ws/install/my_interfaces:/home/student/nrs_lv_ws/install/cpp_pkg:/opt/ros/jazzy CMAKE_PREFIX_PATH=${CMAKE_PREFIX_PATH}:/home/student/nrs_lv_ws/install/py_pkg:/opt/ros/jazzy DEBUGINFOD_URLS=https://debuginfod.ubuntu.com PYTHONPATH=/home/student/nrs_lv_ws/install/py_pkg/lib/python3.12/site-packages:/home/student/nrs_lv_ws/install/my_interfaces/lib/python3.12/site-packages:/opt/ros/jazzy/lib/python3.12/site-packages /usr/bin/cmake /home/student/nrs_lv_ws/src/my_bringup -DCMAKE_INSTALL_PREFIX=/home/student/nrs_lv_ws/install/my_bringup
[1.043s] Invoking command in '/home/student/nrs_lv_ws/build/my_bringup': AMENT_PREFIX_PATH=/home/student/nrs_lv_ws/install/py_pkg:/home/student/nrs_lv_ws/install/my_interfaces:/home/student/nrs_lv_ws/install/cpp_pkg:/opt/ros/jazzy CMAKE_PREFIX_PATH=${CMAKE_PREFIX_PATH}:/home/student/nrs_lv_ws/install/py_pkg:/opt/ros/jazzy DEBUGINFOD_URLS=https://debuginfod.ubuntu.com PYTHONPATH=/home/student/nrs_lv_ws/install/py_pkg/lib/python3.12/site-packages:/home/student/nrs_lv_ws/install/my_interfaces/lib/python3.12/site-packages:/opt/ros/jazzy/lib/python3.12/site-packages /usr/bin/cmake --build /home/student/nrs_lv_ws/build/my_bringup -- -j16 -l16
[1.082s] Invoked command in '/home/student/nrs_lv_ws/build/my_bringup' returned '0': AMENT_PREFIX_PATH=/home/student/nrs_lv_ws/install/py_pkg:/home/student/nrs_lv_ws/install/my_interfaces:/home/student/nrs_lv_ws/install/cpp_pkg:/opt/ros/jazzy CMAKE_PREFIX_PATH=${CMAKE_PREFIX_PATH}:/home/student/nrs_lv_ws/install/py_pkg:/opt/ros/jazzy DEBUGINFOD_URLS=https://debuginfod.ubuntu.com PYTHONPATH=/home/student/nrs_lv_ws/install/py_pkg/lib/python3.12/site-packages:/home/student/nrs_lv_ws/install/my_interfaces/lib/python3.12/site-packages:/opt/ros/jazzy/lib/python3.12/site-packages /usr/bin/cmake --build /home/student/nrs_lv_ws/build/my_bringup -- -j16 -l16
[1.084s] Invoking command in '/home/student/nrs_lv_ws/build/my_bringup': AMENT_PREFIX_PATH=/home/student/nrs_lv_ws/install/py_pkg:/home/student/nrs_lv_ws/install/my_interfaces:/home/student/nrs_lv_ws/install/cpp_pkg:/opt/ros/jazzy CMAKE_PREFIX_PATH=${CMAKE_PREFIX_PATH}:/home/student/nrs_lv_ws/install/py_pkg:/opt/ros/jazzy DEBUGINFOD_URLS=https://debuginfod.ubuntu.com PYTHONPATH=/home/student/nrs_lv_ws/install/py_pkg/lib/python3.12/site-packages:/home/student/nrs_lv_ws/install/my_interfaces/lib/python3.12/site-packages:/opt/ros/jazzy/lib/python3.12/site-packages /usr/bin/cmake --install /home/student/nrs_lv_ws/build/my_bringup
[1.102s] -- Install configuration: ""
[1.102s] -- Installing: /home/student/nrs_lv_ws/install/my_bringup/share/my_bringup//launch
[1.102s] -- Installing: /home/student/nrs_lv_ws/install/my_bringup/share/my_bringup//launch/simple.launch.py
[1.102s] -- Installing: /home/student/nrs_lv_ws/install/my_bringup/share/my_bringup//launch/simple.launch.xml
[1.102s] -- Installing: /home/student/nrs_lv_ws/install/my_bringup/share/ament_index/resource_index/package_run_dependencies/my_bringup
[1.102s] -- Installing: /home/student/nrs_lv_ws/install/my_bringup/share/ament_index/resource_index/parent_prefix_path/my_bringup
[1.102s] -- Installing: /home/student/nrs_lv_ws/install/my_bringup/share/my_bringup/environment/ament_prefix_path.sh
[1.102s] -- Installing: /home/student/nrs_lv_ws/install/my_bringup/share/my_bringup/environment/ament_prefix_path.dsv
[1.102s] -- Installing: /home/student/nrs_lv_ws/install/my_bringup/share/my_bringup/environment/path.sh
[1.102s] -- Installing: /home/student/nrs_lv_ws/install/my_bringup/share/my_bringup/environment/path.dsv
[1.102s] -- Installing: /home/student/nrs_lv_ws/install/my_bringup/share/my_bringup/local_setup.bash
[1.102s] -- Installing: /home/student/nrs_lv_ws/install/my_bringup/share/my_bringup/local_setup.sh
[1.102s] -- Installing: /home/student/nrs_lv_ws/install/my_bringup/share/my_bringup/local_setup.zsh
[1.103s] -- Installing: /home/student/nrs_lv_ws/install/my_bringup/share/my_bringup/local_setup.dsv
[1.103s] -- Installing: /home/student/nrs_lv_ws/install/my_bringup/share/my_bringup/package.dsv
[1.103s] -- Installing: /home/student/nrs_lv_ws/install/my_bringup/share/ament_index/resource_index/packages/my_bringup
[1.103s] -- Installing: /home/student/nrs_lv_ws/install/my_bringup/share/my_bringup/cmake/my_bringupConfig.cmake
[1.103s] -- Installing: /home/student/nrs_lv_ws/install/my_bringup/share/my_bringup/cmake/my_bringupConfig-version.cmake
[1.103s] -- Installing: /home/student/nrs_lv_ws/install/my_bringup/share/my_bringup/package.xml
[1.104s] Invoked command in '/home/student/nrs_lv_ws/build/my_bringup' returned '0': AMENT_PREFIX_PATH=/home/student/nrs_lv_ws/install/py_pkg:/home/student/nrs_lv_ws/install/my_interfaces:/home/student/nrs_lv_ws/install/cpp_pkg:/opt/ros/jazzy CMAKE_PREFIX_PATH=${CMAKE_PREFIX_PATH}:/home/student/nrs_lv_ws/install/py_pkg:/opt/ros/jazzy DEBUGINFOD_URLS=https://debuginfod.ubuntu.com PYTHONPATH=/home/student/nrs_lv_ws/install/py_pkg/lib/python3.12/site-packages:/home/student/nrs_lv_ws/install/my_interfaces/lib/python3.12/site-packages:/opt/ros/jazzy/lib/python3.12/site-packages /usr/bin/cmake --install /home/student/nrs_lv_ws/build/my_bringup
