[0.008s] Invoking command in '/home/student/nrs_lv_ws/build/cpp_pkg': CMAKE_PREFIX_PATH=${CMAKE_PREFIX_PATH}:/opt/ros/jazzy DEBUGINFOD_URLS=https://debuginfod.ubuntu.com /usr/bin/cmake --build /home/student/nrs_lv_ws/build/cpp_pkg -- -j16 -l16
[0.134s] Invoked command in '/home/student/nrs_lv_ws/build/cpp_pkg' returned '0': CMAKE_PREFIX_PATH=${CMAKE_PREFIX_PATH}:/opt/ros/jazzy DEBUGINFOD_URLS=https://debuginfod.ubuntu.com /usr/bin/cmake --build /home/student/nrs_lv_ws/build/cpp_pkg -- -j16 -l16
[0.143s] Invoking command in '/home/student/nrs_lv_ws/build/cpp_pkg': CMAKE_PREFIX_PATH=${CMAKE_PREFIX_PATH}:/opt/ros/jazzy DEBUGINFOD_URLS=https://debuginfod.ubuntu.com /usr/bin/cmake --install /home/student/nrs_lv_ws/build/cpp_pkg
[0.150s] -- Install configuration: ""
[0.150s] -- Up-to-date: /home/student/nrs_lv_ws/install/cpp_pkg/share/ament_index/resource_index/package_run_dependencies/cpp_pkg
[0.151s] -- Up-to-date: /home/student/nrs_lv_ws/install/cpp_pkg/share/ament_index/resource_index/parent_prefix_path/cpp_pkg
[0.151s] -- Up-to-date: /home/student/nrs_lv_ws/install/cpp_pkg/share/cpp_pkg/environment/ament_prefix_path.sh
[0.151s] -- Up-to-date: /home/student/nrs_lv_ws/install/cpp_pkg/share/cpp_pkg/environment/ament_prefix_path.dsv
[0.151s] -- Up-to-date: /home/student/nrs_lv_ws/install/cpp_pkg/share/cpp_pkg/environment/path.sh
[0.151s] -- Up-to-date: /home/student/nrs_lv_ws/install/cpp_pkg/share/cpp_pkg/environment/path.dsv
[0.151s] -- Up-to-date: /home/student/nrs_lv_ws/install/cpp_pkg/share/cpp_pkg/local_setup.bash
[0.151s] -- Up-to-date: /home/student/nrs_lv_ws/install/cpp_pkg/share/cpp_pkg/local_setup.sh
[0.151s] -- Up-to-date: /home/student/nrs_lv_ws/install/cpp_pkg/share/cpp_pkg/local_setup.zsh
[0.151s] -- Up-to-date: /home/student/nrs_lv_ws/install/cpp_pkg/share/cpp_pkg/local_setup.dsv
[0.151s] -- Up-to-date: /home/student/nrs_lv_ws/install/cpp_pkg/share/cpp_pkg/package.dsv
[0.151s] -- Up-to-date: /home/student/nrs_lv_ws/install/cpp_pkg/share/ament_index/resource_index/packages/cpp_pkg
[0.151s] -- Up-to-date: /home/student/nrs_lv_ws/install/cpp_pkg/share/cpp_pkg/cmake/cpp_pkgConfig.cmake
[0.151s] -- Up-to-date: /home/student/nrs_lv_ws/install/cpp_pkg/share/cpp_pkg/cmake/cpp_pkgConfig-version.cmake
[0.151s] -- Up-to-date: /home/student/nrs_lv_ws/install/cpp_pkg/share/cpp_pkg/package.xml
[0.152s] Invoked command in '/home/student/nrs_lv_ws/build/cpp_pkg' returned '0': CMAKE_PREFIX_PATH=${CMAKE_PREFIX_PATH}:/opt/ros/jazzy DEBUGINFOD_URLS=https://debuginfod.ubuntu.com /usr/bin/cmake --install /home/student/nrs_lv_ws/build/cpp_pkg
