[0.442s] Invoking command in '/home/student/nrs_lv_ws/src/py_pkg': DEBUGINFOD_URLS=https://debuginfod.ubuntu.com PYTHONPATH=/home/student/nrs_lv_ws/build/py_pkg/prefix_override:/usr/lib/python3/dist-packages/colcon_core/task/python/colcon_distutils_commands:/home/student/nrs_lv_ws/install/py_pkg/lib/python3.12/site-packages:/home/student/nrs_lv_ws/install/my_interfaces/lib/python3.12/site-packages:/home/student/nrs_lv_ws/install/py_pkg/lib/python3.12/site-packages:/opt/ros/jazzy/lib/python3.12/site-packages /usr/bin/python3 -W ignore:setup.py install is deprecated -W ignore:easy_install command is deprecated setup.py egg_info --egg-base ../../build/py_pkg build --build-base /home/student/nrs_lv_ws/build/py_pkg/build install --record /home/student/nrs_lv_ws/build/py_pkg/install.log --single-version-externally-managed install_data
[0.583s] running egg_info
[0.593s] writing ../../build/py_pkg/py_pkg.egg-info/PKG-INFO
[0.593s] writing dependency_links to ../../build/py_pkg/py_pkg.egg-info/dependency_links.txt
[0.593s] writing entry points to ../../build/py_pkg/py_pkg.egg-info/entry_points.txt
[0.593s] writing requirements to ../../build/py_pkg/py_pkg.egg-info/requires.txt
[0.593s] writing top-level names to ../../build/py_pkg/py_pkg.egg-info/top_level.txt
[0.613s] reading manifest file '../../build/py_pkg/py_pkg.egg-info/SOURCES.txt'
[0.614s] writing manifest file '../../build/py_pkg/py_pkg.egg-info/SOURCES.txt'
[0.614s] running build
[0.614s] running build_py
[0.614s] copying py_pkg/complex_sub.py -> /home/student/nrs_lv_ws/build/py_pkg/build/lib/py_pkg
[0.614s] running install
[0.617s] running install_lib
[0.627s] copying /home/student/nrs_lv_ws/build/py_pkg/build/lib/py_pkg/complex_sub.py -> /home/student/nrs_lv_ws/install/py_pkg/lib/python3.12/site-packages/py_pkg
[0.628s] byte-compiling /home/student/nrs_lv_ws/install/py_pkg/lib/python3.12/site-packages/py_pkg/complex_sub.py to complex_sub.cpython-312.pyc
[0.628s] running install_data
[0.628s] running install_egg_info
[0.639s] removing '/home/student/nrs_lv_ws/install/py_pkg/lib/python3.12/site-packages/py_pkg-0.0.0-py3.12.egg-info' (and everything under it)
[0.639s] Copying ../../build/py_pkg/py_pkg.egg-info to /home/student/nrs_lv_ws/install/py_pkg/lib/python3.12/site-packages/py_pkg-0.0.0-py3.12.egg-info
[0.639s] running install_scripts
[0.708s] Installing complex_pub script to /home/student/nrs_lv_ws/install/py_pkg/lib/py_pkg
[0.708s] Installing complex_sub script to /home/student/nrs_lv_ws/install/py_pkg/lib/py_pkg
[0.708s] Installing my_node script to /home/student/nrs_lv_ws/install/py_pkg/lib/py_pkg
[0.708s] writing list of installed files to '/home/student/nrs_lv_ws/build/py_pkg/install.log'
[0.724s] Invoked command in '/home/student/nrs_lv_ws/src/py_pkg' returned '0': DEBUGINFOD_URLS=https://debuginfod.ubuntu.com PYTHONPATH=/home/student/nrs_lv_ws/build/py_pkg/prefix_override:/usr/lib/python3/dist-packages/colcon_core/task/python/colcon_distutils_commands:/home/student/nrs_lv_ws/install/py_pkg/lib/python3.12/site-packages:/home/student/nrs_lv_ws/install/my_interfaces/lib/python3.12/site-packages:/home/student/nrs_lv_ws/install/py_pkg/lib/python3.12/site-packages:/opt/ros/jazzy/lib/python3.12/site-packages /usr/bin/python3 -W ignore:setup.py install is deprecated -W ignore:easy_install command is deprecated setup.py egg_info --egg-base ../../build/py_pkg build --build-base /home/student/nrs_lv_ws/build/py_pkg/build install --record /home/student/nrs_lv_ws/build/py_pkg/install.log --single-version-externally-managed install_data
