[ 50%] [32mBuilding CXX object CMakeFiles/mynodecpp.dir/src/my_2node.cpp.o[0m
[01m[K/home/student/nrs_lv_ws/src/cpp_pkg/src/my_2node.cpp:1:1:[m[K [01;31m[Kerror: [m[K‘[01m[Kinclude[m[K’ does not name a type
    1 | [01;31m[Kinclude[m[K "rclcpp/rclcpp.hpp"
      | [01;31m[K^~~~~~~[m[K
[01m[K/home/student/nrs_lv_ws/src/cpp_pkg/src/my_2node.cpp:[m[K In function ‘[01m[Kint[01;32m[K main[m[K(int, char**)[m[K’:
[01m[K/home/student/nrs_lv_ws/src/cpp_pkg/src/my_2node.cpp:22:5:[m[K [01;31m[Kerror: [m[K‘[01m[Krclcpp[m[K’ has not been declared
   22 |     [01;31m[Krclcpp[m[K::init(argc, argv);
      |     [01;31m[K^~~~~~[m[K
[01m[K/home/student/nrs_lv_ws/src/cpp_pkg/src/my_2node.cpp:23:22:[m[K [01;31m[Kerror: [m[K‘[01m[Kmake_shared[m[K’ is not a member of ‘[01m[Kstd[m[K’
   23 |     auto node = std::[01;31m[Kmake_shared[m[K<MyNode>();
      |                      [01;31m[K^~~~~~~~~~~[m[K
[01m[K/home/student/nrs_lv_ws/src/cpp_pkg/src/my_2node.cpp:1:1:[m[K [01;36m[Knote: [m[K‘[01m[Kstd::make_shared[m[K’ is defined in header ‘[01m[K<memory>[m[K’; did you forget to ‘[01m[K#include <memory>[m[K’?
  +++ |+[32m[K#include <memory>[m[K
    1 | include "rclcpp/rclcpp.hpp"
[01m[K/home/student/nrs_lv_ws/src/cpp_pkg/src/my_2node.cpp:23:34:[m[K [01;31m[Kerror: [m[K‘[01m[KMyNode[m[K’ was not declared in this scope; did you mean ‘[01m[Knode[m[K’?
   23 |     auto node = std::make_shared<[01;31m[KMyNode[m[K>();
      |                                  [01;31m[K^~~~~~[m[K
      |                                  [32m[Knode[m[K
[01m[K/home/student/nrs_lv_ws/src/cpp_pkg/src/my_2node.cpp:23:42:[m[K [01;31m[Kerror: [m[Kexpected primary-expression before ‘[01m[K)[m[K’ token
   23 |     auto node = std::make_shared<MyNode>([01;31m[K)[m[K;
      |                                          [01;31m[K^[m[K
[01m[K/home/student/nrs_lv_ws/src/cpp_pkg/src/my_2node.cpp:24:5:[m[K [01;31m[Kerror: [m[K‘[01m[Krclcpp[m[K’ has not been declared
   24 |     [01;31m[Krclcpp[m[K::spin(node);
      |     [01;31m[K^~~~~~[m[K
[01m[K/home/student/nrs_lv_ws/src/cpp_pkg/src/my_2node.cpp:25:5:[m[K [01;31m[Kerror: [m[K‘[01m[Krclcpp[m[K’ has not been declared
   25 |     [01;31m[Krclcpp[m[K::shutdown();
      |     [01;31m[K^~~~~~[m[K
gmake[2]: *** [CMakeFiles/mynodecpp.dir/build.make:76: CMakeFiles/mynodecpp.dir/src/my_2node.cpp.o] Error 1
gmake[1]: *** [CMakeFiles/Makefile2:137: CMakeFiles/mynodecpp.dir/all] Error 2
gmake: *** [Makefile:146: all] Error 2
