/home/student/nrs_lv_ws/install/py_pkg/lib/python3.12/site-packages/py_pkg/complex_pub.py
/home/student/nrs_lv_ws/install/py_pkg/lib/python3.12/site-packages/py_pkg/__init__.py
/home/student/nrs_lv_ws/install/py_pkg/lib/python3.12/site-packages/py_pkg/myNode.py
/home/student/nrs_lv_ws/install/py_pkg/lib/python3.12/site-packages/py_pkg/complex_sub.py
/home/student/nrs_lv_ws/install/py_pkg/lib/python3.12/site-packages/py_pkg/__pycache__/complex_pub.cpython-312.pyc
/home/student/nrs_lv_ws/install/py_pkg/lib/python3.12/site-packages/py_pkg/__pycache__/__init__.cpython-312.pyc
/home/student/nrs_lv_ws/install/py_pkg/lib/python3.12/site-packages/py_pkg/__pycache__/myNode.cpython-312.pyc
/home/student/nrs_lv_ws/install/py_pkg/lib/python3.12/site-packages/py_pkg/__pycache__/complex_sub.cpython-312.pyc
/home/student/nrs_lv_ws/install/py_pkg/share/ament_index/resource_index/packages/py_pkg
/home/student/nrs_lv_ws/install/py_pkg/share/py_pkg/package.xml
/home/student/nrs_lv_ws/install/py_pkg/lib/python3.12/site-packages/py_pkg-0.0.0-py3.12.egg-info/requires.txt
/home/student/nrs_lv_ws/install/py_pkg/lib/python3.12/site-packages/py_pkg-0.0.0-py3.12.egg-info/dependency_links.txt
/home/student/nrs_lv_ws/install/py_pkg/lib/python3.12/site-packages/py_pkg-0.0.0-py3.12.egg-info/top_level.txt
/home/student/nrs_lv_ws/install/py_pkg/lib/python3.12/site-packages/py_pkg-0.0.0-py3.12.egg-info/SOURCES.txt
/home/student/nrs_lv_ws/install/py_pkg/lib/python3.12/site-packages/py_pkg-0.0.0-py3.12.egg-info/PKG-INFO
/home/student/nrs_lv_ws/install/py_pkg/lib/python3.12/site-packages/py_pkg-0.0.0-py3.12.egg-info/entry_points.txt
/home/student/nrs_lv_ws/install/py_pkg/lib/python3.12/site-packages/py_pkg-0.0.0-py3.12.egg-info/zip-safe
/home/student/nrs_lv_ws/install/py_pkg/lib/py_pkg/complex_pub
/home/student/nrs_lv_ws/install/py_pkg/lib/py_pkg/complex_sub
/home/student/nrs_lv_ws/install/py_pkg/lib/py_pkg/my_node
