[0.726s] Invoking command in '/home/student/nrs_lv_ws/src/py_pkg': DEBUGINFOD_URLS=https://debuginfod.ubuntu.com PYTHONPATH=/home/student/nrs_lv_ws/build/py_pkg/prefix_override:/usr/lib/python3/dist-packages/colcon_core/task/python/colcon_distutils_commands:/home/student/nrs_lv_ws/install/py_pkg/lib/python3.12/site-packages:${PYTHONPATH} /usr/bin/python3 -W ignore:setup.py install is deprecated -W ignore:easy_install command is deprecated setup.py egg_info --egg-base ../../build/py_pkg build --build-base /home/student/nrs_lv_ws/build/py_pkg/build install --record /home/student/nrs_lv_ws/build/py_pkg/install.log --single-version-externally-managed install_data
[0.872s] running egg_info
[0.872s] creating ../../build/py_pkg/py_pkg.egg-info
[0.882s] writing ../../build/py_pkg/py_pkg.egg-info/PKG-INFO
[0.882s] writing dependency_links to ../../build/py_pkg/py_pkg.egg-info/dependency_links.txt
[0.882s] writing requirements to ../../build/py_pkg/py_pkg.egg-info/requires.txt
[0.882s] writing top-level names to ../../build/py_pkg/py_pkg.egg-info/top_level.txt
[0.882s] writing manifest file '../../build/py_pkg/py_pkg.egg-info/SOURCES.txt'
[0.902s] reading manifest file '../../build/py_pkg/py_pkg.egg-info/SOURCES.txt'
[0.903s] writing manifest file '../../build/py_pkg/py_pkg.egg-info/SOURCES.txt'
[0.903s] running build
[0.903s] running build_py
[0.903s] creating /home/student/nrs_lv_ws/build/py_pkg/build
[0.903s] creating /home/student/nrs_lv_ws/build/py_pkg/build/lib
[0.903s] creating /home/student/nrs_lv_ws/build/py_pkg/build/lib/py_pkg
[0.903s] copying py_pkg/__init__.py -> /home/student/nrs_lv_ws/build/py_pkg/build/lib/py_pkg
[0.903s] running install
[0.907s] running install_lib
[0.917s] creating /home/student/nrs_lv_ws/install/py_pkg/lib/python3.12/site-packages/py_pkg
[0.917s] copying /home/student/nrs_lv_ws/build/py_pkg/build/lib/py_pkg/__init__.py -> /home/student/nrs_lv_ws/install/py_pkg/lib/python3.12/site-packages/py_pkg
[0.917s] byte-compiling /home/student/nrs_lv_ws/install/py_pkg/lib/python3.12/site-packages/py_pkg/__init__.py to __init__.cpython-312.pyc
[0.917s] running install_data
[0.917s] creating /home/student/nrs_lv_ws/install/py_pkg/share/ament_index
[0.917s] creating /home/student/nrs_lv_ws/install/py_pkg/share/ament_index/resource_index
[0.917s] creating /home/student/nrs_lv_ws/install/py_pkg/share/ament_index/resource_index/packages
[0.917s] copying resource/py_pkg -> /home/student/nrs_lv_ws/install/py_pkg/share/ament_index/resource_index/packages
[0.917s] copying package.xml -> /home/student/nrs_lv_ws/install/py_pkg/share/py_pkg
[0.917s] running install_egg_info
[0.928s] Copying ../../build/py_pkg/py_pkg.egg-info to /home/student/nrs_lv_ws/install/py_pkg/lib/python3.12/site-packages/py_pkg-0.0.0-py3.12.egg-info
[0.928s] running install_scripts
[0.999s] writing list of installed files to '/home/student/nrs_lv_ws/build/py_pkg/install.log'
[1.015s] Invoked command in '/home/student/nrs_lv_ws/src/py_pkg' returned '0': DEBUGINFOD_URLS=https://debuginfod.ubuntu.com PYTHONPATH=/home/student/nrs_lv_ws/build/py_pkg/prefix_override:/usr/lib/python3/dist-packages/colcon_core/task/python/colcon_distutils_commands:/home/student/nrs_lv_ws/install/py_pkg/lib/python3.12/site-packages:${PYTHONPATH} /usr/bin/python3 -W ignore:setup.py install is deprecated -W ignore:easy_install command is deprecated setup.py egg_info --egg-base ../../build/py_pkg build --build-base /home/student/nrs_lv_ws/build/py_pkg/build install --record /home/student/nrs_lv_ws/build/py_pkg/install.log --single-version-externally-managed install_data
