[0.483s] Invoking command in '/home/student/nrs_lv_ws/src/py_pkg': DEBUGINFOD_URLS=https://debuginfod.ubuntu.com PYTHONPATH=/home/student/nrs_lv_ws/build/py_pkg/prefix_override:/usr/lib/python3/dist-packages/colcon_core/task/python/colcon_distutils_commands:/home/student/nrs_lv_ws/install/py_pkg/lib/python3.12/site-packages:${PYTHONPATH} /usr/bin/python3 -W ignore:setup.py install is deprecated -W ignore:easy_install command is deprecated setup.py egg_info --egg-base ../../build/py_pkg build --build-base /home/student/nrs_lv_ws/build/py_pkg/build install --record /home/student/nrs_lv_ws/build/py_pkg/install.log --single-version-externally-managed install_data
[0.639s] running egg_info
[0.649s] writing ../../build/py_pkg/py_pkg.egg-info/PKG-INFO
[0.650s] writing dependency_links to ../../build/py_pkg/py_pkg.egg-info/dependency_links.txt
[0.650s] writing entry points to ../../build/py_pkg/py_pkg.egg-info/entry_points.txt
[0.650s] writing requirements to ../../build/py_pkg/py_pkg.egg-info/requires.txt
[0.650s] writing top-level names to ../../build/py_pkg/py_pkg.egg-info/top_level.txt
[0.670s] reading manifest file '../../build/py_pkg/py_pkg.egg-info/SOURCES.txt'
[0.671s] writing manifest file '../../build/py_pkg/py_pkg.egg-info/SOURCES.txt'
[0.671s] running build
[0.671s] running build_py
[0.671s] running install
[0.675s] running install_lib
[0.685s] running install_data
[0.685s] running install_egg_info
[0.696s] removing '/home/student/nrs_lv_ws/install/py_pkg/lib/python3.12/site-packages/py_pkg-0.0.0-py3.12.egg-info' (and everything under it)
[0.696s] Copying ../../build/py_pkg/py_pkg.egg-info to /home/student/nrs_lv_ws/install/py_pkg/lib/python3.12/site-packages/py_pkg-0.0.0-py3.12.egg-info
[0.696s] running install_scripts
[0.767s] Installing my_node script to /home/student/nrs_lv_ws/install/py_pkg/lib/py_pkg
[0.767s] writing list of installed files to '/home/student/nrs_lv_ws/build/py_pkg/install.log'
[0.784s] Invoked command in '/home/student/nrs_lv_ws/src/py_pkg' returned '0': DEBUGINFOD_URLS=https://debuginfod.ubuntu.com PYTHONPATH=/home/student/nrs_lv_ws/build/py_pkg/prefix_override:/usr/lib/python3/dist-packages/colcon_core/task/python/colcon_distutils_commands:/home/student/nrs_lv_ws/install/py_pkg/lib/python3.12/site-packages:${PYTHONPATH} /usr/bin/python3 -W ignore:setup.py install is deprecated -W ignore:easy_install command is deprecated setup.py egg_info --egg-base ../../build/py_pkg build --build-base /home/student/nrs_lv_ws/build/py_pkg/build install --record /home/student/nrs_lv_ws/build/py_pkg/install.log --single-version-externally-managed install_data
