[ 50%] [32mBuilding CXX object CMakeFiles/mynodecpp.dir/src/my_2node.cpp.o[0m
[100%] [32m[1mLinking CXX executable mynodecpp[0m
[100%] Built target mynodecpp
-- Install configuration: ""
-- Installing: /home/student/nrs_lv_ws/install/cpp_pkg/lib/cpp_pkg/mynodecpp
-- Set non-toolchain portion of runtime path of "/home/student/nrs_lv_ws/install/cpp_pkg/lib/cpp_pkg/mynodecpp" to ""
-- Up-to-date: /home/student/nrs_lv_ws/install/cpp_pkg/share/ament_index/resource_index/package_run_dependencies/cpp_pkg
-- Installing: /home/student/nrs_lv_ws/install/cpp_pkg/share/ament_index/resource_index/parent_prefix_path/cpp_pkg
-- Up-to-date: /home/student/nrs_lv_ws/install/cpp_pkg/share/cpp_pkg/environment/ament_prefix_path.sh
-- Up-to-date: /home/student/nrs_lv_ws/install/cpp_pkg/share/cpp_pkg/environment/ament_prefix_path.dsv
-- Up-to-date: /home/student/nrs_lv_ws/install/cpp_pkg/share/cpp_pkg/environment/path.sh
-- Up-to-date: /home/student/nrs_lv_ws/install/cpp_pkg/share/cpp_pkg/environment/path.dsv
-- Up-to-date: /home/student/nrs_lv_ws/install/cpp_pkg/share/cpp_pkg/local_setup.bash
-- Up-to-date: /home/student/nrs_lv_ws/install/cpp_pkg/share/cpp_pkg/local_setup.sh
-- Up-to-date: /home/student/nrs_lv_ws/install/cpp_pkg/share/cpp_pkg/local_setup.zsh
-- Up-to-date: /home/student/nrs_lv_ws/install/cpp_pkg/share/cpp_pkg/local_setup.dsv
-- Installing: /home/student/nrs_lv_ws/install/cpp_pkg/share/cpp_pkg/package.dsv
-- Up-to-date: /home/student/nrs_lv_ws/install/cpp_pkg/share/ament_index/resource_index/packages/cpp_pkg
-- Up-to-date: /home/student/nrs_lv_ws/install/cpp_pkg/share/cpp_pkg/cmake/cpp_pkgConfig.cmake
-- Up-to-date: /home/student/nrs_lv_ws/install/cpp_pkg/share/cpp_pkg/cmake/cpp_pkgConfig-version.cmake
-- Up-to-date: /home/student/nrs_lv_ws/install/cpp_pkg/share/cpp_pkg/package.xml
