[0.011s] Invoking command in '/home/student/nrs_lv_ws/build/cpp_pkg': CMAKE_PREFIX_PATH=${CMAKE_PREFIX_PATH}:/opt/ros/jazzy DEBUGINFOD_URLS=https://debuginfod.ubuntu.com /usr/bin/cmake /home/student/nrs_lv_ws/src/cpp_pkg -DCMAKE_INSTALL_PREFIX=/home/student/nrs_lv_ws/install/cpp_pkg
[0.169s] -- The C compiler identification is GNU 13.3.0
[0.286s] -- The CXX compiler identification is GNU 13.3.0
[0.311s] -- Detecting C compiler ABI info
[0.456s] -- Detecting C compiler ABI info - done
[0.462s] -- Check for working C compiler: /usr/bin/cc - skipped
[0.463s] -- Detecting C compile features
[0.463s] -- Detecting C compile features - done
[0.473s] -- Detecting CXX compiler ABI info
[0.584s] -- Detecting CXX compiler ABI info - done
[0.589s] -- Check for working CXX compiler: /usr/bin/c++ - skipped
[0.590s] -- Detecting CXX compile features
[0.590s] -- Detecting CXX compile features - done
[0.597s] -- Found ament_cmake: 2.5.4 (/opt/ros/jazzy/share/ament_cmake/cmake)
[0.704s] -- Found Python3: /usr/bin/python3 (found version "3.12.3") found components: Interpreter 
[0.802s] -- Found rclcpp: 28.1.12 (/opt/ros/jazzy/share/rclcpp/cmake)
[0.848s] -- Found rosidl_generator_c: 4.6.6 (/opt/ros/jazzy/share/rosidl_generator_c/cmake)
[0.868s] -- Found rosidl_generator_cpp: 4.6.6 (/opt/ros/jazzy/share/rosidl_generator_cpp/cmake)
[0.887s] -- Using all available rosidl_typesupport_c: rosidl_typesupport_fastrtps_c;rosidl_typesupport_introspection_c
[0.905s] -- Using all available rosidl_typesupport_cpp: rosidl_typesupport_fastrtps_cpp;rosidl_typesupport_introspection_cpp
[0.985s] -- Found rmw_implementation_cmake: 7.3.2 (/opt/ros/jazzy/share/rmw_implementation_cmake/cmake)
[0.989s] -- Found rmw_fastrtps_cpp: 8.4.3 (/opt/ros/jazzy/share/rmw_fastrtps_cpp/cmake)
[1.132s] -- Found OpenSSL: /usr/lib/x86_64-linux-gnu/libcrypto.so (found version "3.0.13")  
[1.158s] -- Found FastRTPS: /opt/ros/jazzy/include (Required is at least version "2.13") 
[1.177s] -- Using RMW implementation 'rmw_fastrtps_cpp' as default
[1.248s] -- Found ament_lint_auto: 0.17.3 (/opt/ros/jazzy/share/ament_lint_auto/cmake)
[1.335s] -- Added test 'lint_cmake' to check CMake code style
[1.336s] -- Added test 'xmllint' to check XML markup files
[1.337s] -- Configuring done (1.3s)
[1.340s] -- Generating done (0.0s)
[1.341s] -- Build files have been written to: /home/student/nrs_lv_ws/build/cpp_pkg
[1.347s] Invoked command in '/home/student/nrs_lv_ws/build/cpp_pkg' returned '0': CMAKE_PREFIX_PATH=${CMAKE_PREFIX_PATH}:/opt/ros/jazzy DEBUGINFOD_URLS=https://debuginfod.ubuntu.com /usr/bin/cmake /home/student/nrs_lv_ws/src/cpp_pkg -DCMAKE_INSTALL_PREFIX=/home/student/nrs_lv_ws/install/cpp_pkg
[1.348s] Invoking command in '/home/student/nrs_lv_ws/build/cpp_pkg': CMAKE_PREFIX_PATH=${CMAKE_PREFIX_PATH}:/opt/ros/jazzy DEBUGINFOD_URLS=https://debuginfod.ubuntu.com /usr/bin/cmake --build /home/student/nrs_lv_ws/build/cpp_pkg -- -j16 -l16
[1.396s] Invoked command in '/home/student/nrs_lv_ws/build/cpp_pkg' returned '0': CMAKE_PREFIX_PATH=${CMAKE_PREFIX_PATH}:/opt/ros/jazzy DEBUGINFOD_URLS=https://debuginfod.ubuntu.com /usr/bin/cmake --build /home/student/nrs_lv_ws/build/cpp_pkg -- -j16 -l16
[1.414s] Invoking command in '/home/student/nrs_lv_ws/build/cpp_pkg': CMAKE_PREFIX_PATH=${CMAKE_PREFIX_PATH}:/opt/ros/jazzy DEBUGINFOD_URLS=https://debuginfod.ubuntu.com /usr/bin/cmake --install /home/student/nrs_lv_ws/build/cpp_pkg
[1.434s] -- Install configuration: ""
[1.434s] -- Installing: /home/student/nrs_lv_ws/install/cpp_pkg/share/ament_index/resource_index/package_run_dependencies/cpp_pkg
[1.435s] -- Installing: /home/student/nrs_lv_ws/install/cpp_pkg/share/ament_index/resource_index/parent_prefix_path/cpp_pkg
[1.435s] -- Installing: /home/student/nrs_lv_ws/install/cpp_pkg/share/cpp_pkg/environment/ament_prefix_path.sh
[1.435s] -- Installing: /home/student/nrs_lv_ws/install/cpp_pkg/share/cpp_pkg/environment/ament_prefix_path.dsv
[1.435s] -- Installing: /home/student/nrs_lv_ws/install/cpp_pkg/share/cpp_pkg/environment/path.sh
[1.435s] -- Installing: /home/student/nrs_lv_ws/install/cpp_pkg/share/cpp_pkg/environment/path.dsv
[1.435s] -- Installing: /home/student/nrs_lv_ws/install/cpp_pkg/share/cpp_pkg/local_setup.bash
[1.435s] -- Installing: /home/student/nrs_lv_ws/install/cpp_pkg/share/cpp_pkg/local_setup.sh
[1.435s] -- Installing: /home/student/nrs_lv_ws/install/cpp_pkg/share/cpp_pkg/local_setup.zsh
[1.435s] -- Installing: /home/student/nrs_lv_ws/install/cpp_pkg/share/cpp_pkg/local_setup.dsv
[1.435s] -- Installing: /home/student/nrs_lv_ws/install/cpp_pkg/share/cpp_pkg/package.dsv
[1.435s] -- Installing: /home/student/nrs_lv_ws/install/cpp_pkg/share/ament_index/resource_index/packages/cpp_pkg
[1.435s] -- Installing: /home/student/nrs_lv_ws/install/cpp_pkg/share/cpp_pkg/cmake/cpp_pkgConfig.cmake
[1.435s] -- Installing: /home/student/nrs_lv_ws/install/cpp_pkg/share/cpp_pkg/cmake/cpp_pkgConfig-version.cmake
[1.435s] -- Installing: /home/student/nrs_lv_ws/install/cpp_pkg/share/cpp_pkg/package.xml
[1.436s] Invoked command in '/home/student/nrs_lv_ws/build/cpp_pkg' returned '0': CMAKE_PREFIX_PATH=${CMAKE_PREFIX_PATH}:/opt/ros/jazzy DEBUGINFOD_URLS=https://debuginfod.ubuntu.com /usr/bin/cmake --install /home/student/nrs_lv_ws/build/cpp_pkg
